{"/Users/atharva_c/Desktop/Farmer HEdging 3/backend/src/server.js": {"path":"/Users/atharva_c/Desktop/Farmer HEdging 3/backend/src/server.js","statementMap":{"0":{"start":{"line":8,"column":0},"end":{"line":8,"column":16}},"1":{"start":{"line":28,"column":12},"end":{"line":28,"column":21}},"2":{"start":{"line":29,"column":15},"end":{"line":29,"column":32}},"3":{"start":{"line":30,"column":13},"end":{"line":30,"column":37}},"4":{"start":{"line":33,"column":0},"end":{"line":33,"column":16}},"5":{"start":{"line":34,"column":0},"end":{"line":34,"column":24}},"6":{"start":{"line":35,"column":0},"end":{"line":35,"column":48}},"7":{"start":{"line":38,"column":0},"end":{"line":41,"column":3}},"8":{"start":{"line":39,"column":2},"end":{"line":39,"column":73}},"9":{"start":{"line":40,"column":2},"end":{"line":40,"column":9}},"10":{"start":{"line":44,"column":0},"end":{"line":52,"column":3}},"11":{"start":{"line":45,"column":22},"end":{"line":45,"column":44}},"12":{"start":{"line":46,"column":2},"end":{"line":51,"column":5}},"13":{"start":{"line":55,"column":0},"end":{"line":55,"column":37}},"14":{"start":{"line":56,"column":0},"end":{"line":56,"column":29}},"15":{"start":{"line":57,"column":0},"end":{"line":57,"column":43}},"16":{"start":{"line":58,"column":0},"end":{"line":58,"column":39}},"17":{"start":{"line":59,"column":0},"end":{"line":59,"column":33}},"18":{"start":{"line":60,"column":0},"end":{"line":60,"column":37}},"19":{"start":{"line":61,"column":0},"end":{"line":61,"column":41}},"20":{"start":{"line":62,"column":0},"end":{"line":62,"column":43}},"21":{"start":{"line":63,"column":0},"end":{"line":63,"column":39}},"22":{"start":{"line":64,"column":0},"end":{"line":64,"column":31}},"23":{"start":{"line":65,"column":0},"end":{"line":65,"column":33}},"24":{"start":{"line":66,"column":0},"end":{"line":66,"column":51}},"25":{"start":{"line":67,"column":0},"end":{"line":67,"column":43}},"26":{"start":{"line":68,"column":0},"end":{"line":68,"column":43}},"27":{"start":{"line":69,"column":0},"end":{"line":69,"column":41}},"28":{"start":{"line":70,"column":0},"end":{"line":70,"column":47}},"29":{"start":{"line":73,"column":0},"end":{"line":75,"column":3}},"30":{"start":{"line":74,"column":2},"end":{"line":74,"column":40}},"31":{"start":{"line":78,"column":0},"end":{"line":80,"column":3}},"32":{"start":{"line":79,"column":2},"end":{"line":79,"column":63}},"33":{"start":{"line":83,"column":0},"end":{"line":88,"column":3}},"34":{"start":{"line":84,"column":2},"end":{"line":84,"column":31}},"35":{"start":{"line":85,"column":2},"end":{"line":87,"column":5}},"36":{"start":{"line":91,"column":0},"end":{"line":91,"column":36}},"37":{"start":{"line":94,"column":0},"end":{"line":125,"column":3}},"38":{"start":{"line":95,"column":2},"end":{"line":95,"column":51}},"39":{"start":{"line":96,"column":2},"end":{"line":96,"column":60}},"40":{"start":{"line":97,"column":2},"end":{"line":97,"column":69}},"41":{"start":{"line":98,"column":2},"end":{"line":98,"column":68}},"42":{"start":{"line":99,"column":2},"end":{"line":99,"column":60}},"43":{"start":{"line":100,"column":2},"end":{"line":100,"column":74}},"44":{"start":{"line":101,"column":2},"end":{"line":101,"column":70}},"45":{"start":{"line":102,"column":2},"end":{"line":102,"column":64}},"46":{"start":{"line":103,"column":2},"end":{"line":103,"column":68}},"47":{"start":{"line":104,"column":2},"end":{"line":104,"column":72}},"48":{"start":{"line":105,"column":2},"end":{"line":105,"column":76}},"49":{"start":{"line":106,"column":2},"end":{"line":106,"column":71}},"50":{"start":{"line":107,"column":2},"end":{"line":107,"column":62}},"51":{"start":{"line":108,"column":2},"end":{"line":108,"column":82}},"52":{"start":{"line":109,"column":2},"end":{"line":109,"column":76}},"53":{"start":{"line":110,"column":2},"end":{"line":110,"column":74}},"54":{"start":{"line":111,"column":2},"end":{"line":111,"column":72}},"55":{"start":{"line":112,"column":2},"end":{"line":112,"column":78}},"56":{"start":{"line":113,"column":2},"end":{"line":113,"column":75}},"57":{"start":{"line":116,"column":2},"end":{"line":116,"column":53}},"58":{"start":{"line":117,"column":22},"end":{"line":117,"column":44}},"59":{"start":{"line":119,"column":2},"end":{"line":124,"column":3}},"60":{"start":{"line":120,"column":4},"end":{"line":120,"column":64}},"61":{"start":{"line":121,"column":4},"end":{"line":121,"column":77}},"62":{"start":{"line":123,"column":4},"end":{"line":123,"column":38}}},"fnMap":{"0":{"name":"(anonymous_0)","decl":{"start":{"line":38,"column":8},"end":{"line":38,"column":9}},"loc":{"start":{"line":38,"column":28},"end":{"line":41,"column":1}},"line":38},"1":{"name":"(anonymous_1)","decl":{"start":{"line":44,"column":19},"end":{"line":44,"column":20}},"loc":{"start":{"line":44,"column":39},"end":{"line":52,"column":1}},"line":44},"2":{"name":"(anonymous_2)","decl":{"start":{"line":73,"column":25},"end":{"line":73,"column":26}},"loc":{"start":{"line":73,"column":39},"end":{"line":75,"column":1}},"line":73},"3":{"name":"(anonymous_3)","decl":{"start":{"line":78,"column":8},"end":{"line":78,"column":9}},"loc":{"start":{"line":78,"column":22},"end":{"line":80,"column":1}},"line":78},"4":{"name":"(anonymous_4)","decl":{"start":{"line":83,"column":8},"end":{"line":83,"column":9}},"loc":{"start":{"line":83,"column":33},"end":{"line":88,"column":1}},"line":83},"5":{"name":"(anonymous_5)","decl":{"start":{"line":94,"column":31},"end":{"line":94,"column":32}},"loc":{"start":{"line":94,"column":43},"end":{"line":125,"column":1}},"line":94}},"branchMap":{"0":{"loc":{"start":{"line":30,"column":13},"end":{"line":30,"column":37}},"type":"binary-expr","locations":[{"start":{"line":30,"column":13},"end":{"line":30,"column":29}},{"start":{"line":30,"column":33},"end":{"line":30,"column":37}}],"line":30},"1":{"loc":{"start":{"line":49,"column":14},"end":{"line":49,"column":56}},"type":"cond-expr","locations":[{"start":{"line":49,"column":28},"end":{"line":49,"column":39}},{"start":{"line":49,"column":42},"end":{"line":49,"column":56}}],"line":49},"2":{"loc":{"start":{"line":50,"column":10},"end":{"line":50,"column":65}},"type":"cond-expr","locations":[{"start":{"line":50,"column":37},"end":{"line":50,"column":49}},{"start":{"line":50,"column":52},"end":{"line":50,"column":65}}],"line":50},"3":{"loc":{"start":{"line":85,"column":13},"end":{"line":85,"column":30}},"type":"binary-expr","locations":[{"start":{"line":85,"column":13},"end":{"line":85,"column":23}},{"start":{"line":85,"column":27},"end":{"line":85,"column":30}}],"line":85},"4":{"loc":{"start":{"line":86,"column":11},"end":{"line":86,"column":49}},"type":"binary-expr","locations":[{"start":{"line":86,"column":11},"end":{"line":86,"column":22}},{"start":{"line":86,"column":26},"end":{"line":86,"column":49}}],"line":86},"5":{"loc":{"start":{"line":119,"column":2},"end":{"line":124,"column":3}},"type":"if","locations":[{"start":{"line":119,"column":2},"end":{"line":124,"column":3}},{"start":{"line":122,"column":9},"end":{"line":124,"column":3}}],"line":119}},"s":{"0":0,"1":0,"2":0,"3":0,"4":0,"5":0,"6":0,"7":0,"8":0,"9":0,"10":0,"11":0,"12":0,"13":0,"14":0,"15":0,"16":0,"17":0,"18":0,"19":0,"20":0,"21":0,"22":0,"23":0,"24":0,"25":0,"26":0,"27":0,"28":0,"29":0,"30":0,"31":0,"32":0,"33":0,"34":0,"35":0,"36":0,"37":0,"38":0,"39":0,"40":0,"41":0,"42":0,"43":0,"44":0,"45":0,"46":0,"47":0,"48":0,"49":0,"50":0,"51":0,"52":0,"53":0,"54":0,"55":0,"56":0,"57":0,"58":0,"59":0,"60":0,"61":0,"62":0},"f":{"0":0,"1":0,"2":0,"3":0,"4":0,"5":0},"b":{"0":[0,0],"1":[0,0],"2":[0,0],"3":[0,0],"4":[0,0],"5":[0,0]}}
,"/Users/atharva_c/Desktop/Farmer HEdging 3/backend/src/db/index.js": {"path":"/Users/atharva_c/Desktop/Farmer HEdging 3/backend/src/db/index.js","statementMap":{"0":{"start":{"line":3,"column":17},"end":{"line":3,"column":20}},"1":{"start":{"line":8,"column":0},"end":{"line":8,"column":16}},"2":{"start":{"line":11,"column":11},"end":{"line":11,"column":15}},"3":{"start":{"line":12,"column":9},"end":{"line":12,"column":13}},"4":{"start":{"line":14,"column":14},"end":{"line":14,"column":38}},"5":{"start":{"line":15,"column":0},"end":{"line":15,"column":60}},"6":{"start":{"line":17,"column":0},"end":{"line":25,"column":1}},"7":{"start":{"line":18,"column":2},"end":{"line":21,"column":5}},"8":{"start":{"line":24,"column":2},"end":{"line":24,"column":33}},"9":{"start":{"line":28,"column":30},"end":{"line":43,"column":1}},"10":{"start":{"line":29,"column":2},"end":{"line":32,"column":3}},"11":{"start":{"line":30,"column":4},"end":{"line":30,"column":68}},"12":{"start":{"line":31,"column":4},"end":{"line":31,"column":17}},"13":{"start":{"line":34,"column":2},"end":{"line":42,"column":3}},"14":{"start":{"line":35,"column":19},"end":{"line":35,"column":39}},"15":{"start":{"line":36,"column":4},"end":{"line":36,"column":53}},"16":{"start":{"line":37,"column":4},"end":{"line":37,"column":21}},"17":{"start":{"line":38,"column":4},"end":{"line":38,"column":16}},"18":{"start":{"line":40,"column":4},"end":{"line":40,"column":66}},"19":{"start":{"line":41,"column":4},"end":{"line":41,"column":17}}},"fnMap":{"0":{"name":"(anonymous_0)","decl":{"start":{"line":28,"column":30},"end":{"line":28,"column":31}},"loc":{"start":{"line":28,"column":42},"end":{"line":43,"column":1}},"line":28}},"branchMap":{"0":{"loc":{"start":{"line":15,"column":38},"end":{"line":15,"column":58}},"type":"cond-expr","locations":[{"start":{"line":15,"column":46},"end":{"line":15,"column":51}},{"start":{"line":15,"column":54},"end":{"line":15,"column":58}}],"line":15},"1":{"loc":{"start":{"line":17,"column":0},"end":{"line":25,"column":1}},"type":"if","locations":[{"start":{"line":17,"column":0},"end":{"line":25,"column":1}},{"start":{},"end":{}}],"line":17},"2":{"loc":{"start":{"line":29,"column":2},"end":{"line":32,"column":3}},"type":"if","locations":[{"start":{"line":29,"column":2},"end":{"line":32,"column":3}},{"start":{},"end":{}}],"line":29},"3":{"loc":{"start":{"line":29,"column":6},"end":{"line":29,"column":40}},"type":"binary-expr","locations":[{"start":{"line":29,"column":6},"end":{"line":29,"column":31}},{"start":{"line":29,"column":35},"end":{"line":29,"column":40}}],"line":29}},"s":{"0":1,"1":1,"2":1,"3":1,"4":1,"5":1,"6":1,"7":1,"8":1,"9":1,"10":0,"11":0,"12":0,"13":0,"14":0,"15":0,"16":0,"17":0,"18":0,"19":0},"f":{"0":0},"b":{"0":[1,0],"1":[1,0],"2":[0,0],"3":[0,0]},"_coverageSchema":"1a1c01bbd47fc00a2c39e90264f33305004495a9","hash":"fc6eb0fb704d7860ac98774bfc557c4b9973845f"}
,"/Users/atharva_c/Desktop/Farmer HEdging 3/backend/src/db/schema.js": {"path":"/Users/atharva_c/Desktop/Farmer HEdging 3/backend/src/db/schema.js","statementMap":{"0":{"start":{"line":4,"column":21},"end":{"line":15,"column":2}},"1":{"start":{"line":18,"column":28},"end":{"line":27,"column":2}},"2":{"start":{"line":30,"column":25},"end":{"line":42,"column":2}},"3":{"start":{"line":32,"column":46},"end":{"line":32,"column":54}},"4":{"start":{"line":45,"column":25},"end":{"line":59,"column":2}},"5":{"start":{"line":47,"column":50},"end":{"line":47,"column":58}},"6":{"start":{"line":62,"column":27},"end":{"line":72,"column":2}},"7":{"start":{"line":64,"column":46},"end":{"line":64,"column":54}},"8":{"start":{"line":75,"column":27},"end":{"line":84,"column":2}},"9":{"start":{"line":87,"column":36},"end":{"line":100,"column":2}},"10":{"start":{"line":89,"column":46},"end":{"line":89,"column":54}},"11":{"start":{"line":103,"column":37},"end":{"line":110,"column":2}},"12":{"start":{"line":105,"column":58},"end":{"line":105,"column":81}},"13":{"start":{"line":113,"column":31},"end":{"line":123,"column":2}},"14":{"start":{"line":126,"column":28},"end":{"line":138,"column":2}},"15":{"start":{"line":128,"column":46},"end":{"line":128,"column":54}},"16":{"start":{"line":129,"column":50},"end":{"line":129,"column":68}},"17":{"start":{"line":141,"column":31},"end":{"line":152,"column":2}},"18":{"start":{"line":143,"column":50},"end":{"line":143,"column":68}},"19":{"start":{"line":155,"column":31},"end":{"line":164,"column":2}},"20":{"start":{"line":157,"column":50},"end":{"line":157,"column":68}},"21":{"start":{"line":167,"column":28},"end":{"line":177,"column":2}},"22":{"start":{"line":169,"column":46},"end":{"line":169,"column":54}},"23":{"start":{"line":170,"column":50},"end":{"line":170,"column":68}},"24":{"start":{"line":180,"column":36},"end":{"line":190,"column":2}},"25":{"start":{"line":182,"column":46},"end":{"line":182,"column":54}},"26":{"start":{"line":183,"column":50},"end":{"line":183,"column":68}},"27":{"start":{"line":193,"column":36},"end":{"line":201,"column":2}},"28":{"start":{"line":195,"column":46},"end":{"line":195,"column":54}},"29":{"start":{"line":204,"column":33},"end":{"line":210,"column":2}},"30":{"start":{"line":206,"column":46},"end":{"line":206,"column":54}},"31":{"start":{"line":207,"column":50},"end":{"line":207,"column":68}},"32":{"start":{"line":213,"column":34},"end":{"line":222,"column":2}},"33":{"start":{"line":215,"column":46},"end":{"line":215,"column":54}},"34":{"start":{"line":225,"column":29},"end":{"line":234,"column":2}},"35":{"start":{"line":227,"column":46},"end":{"line":227,"column":54}}},"fnMap":{"0":{"name":"(anonymous_0)","decl":{"start":{"line":32,"column":40},"end":{"line":32,"column":41}},"loc":{"start":{"line":32,"column":46},"end":{"line":32,"column":54}},"line":32},"1":{"name":"(anonymous_1)","decl":{"start":{"line":47,"column":44},"end":{"line":47,"column":45}},"loc":{"start":{"line":47,"column":50},"end":{"line":47,"column":58}},"line":47},"2":{"name":"(anonymous_2)","decl":{"start":{"line":64,"column":40},"end":{"line":64,"column":41}},"loc":{"start":{"line":64,"column":46},"end":{"line":64,"column":54}},"line":64},"3":{"name":"(anonymous_3)","decl":{"start":{"line":89,"column":40},"end":{"line":89,"column":41}},"loc":{"start":{"line":89,"column":46},"end":{"line":89,"column":54}},"line":89},"4":{"name":"(anonymous_4)","decl":{"start":{"line":105,"column":52},"end":{"line":105,"column":53}},"loc":{"start":{"line":105,"column":58},"end":{"line":105,"column":81}},"line":105},"5":{"name":"(anonymous_5)","decl":{"start":{"line":128,"column":40},"end":{"line":128,"column":41}},"loc":{"start":{"line":128,"column":46},"end":{"line":128,"column":54}},"line":128},"6":{"name":"(anonymous_6)","decl":{"start":{"line":129,"column":44},"end":{"line":129,"column":45}},"loc":{"start":{"line":129,"column":50},"end":{"line":129,"column":68}},"line":129},"7":{"name":"(anonymous_7)","decl":{"start":{"line":143,"column":44},"end":{"line":143,"column":45}},"loc":{"start":{"line":143,"column":50},"end":{"line":143,"column":68}},"line":143},"8":{"name":"(anonymous_8)","decl":{"start":{"line":157,"column":44},"end":{"line":157,"column":45}},"loc":{"start":{"line":157,"column":50},"end":{"line":157,"column":68}},"line":157},"9":{"name":"(anonymous_9)","decl":{"start":{"line":169,"column":40},"end":{"line":169,"column":41}},"loc":{"start":{"line":169,"column":46},"end":{"line":169,"column":54}},"line":169},"10":{"name":"(anonymous_10)","decl":{"start":{"line":170,"column":44},"end":{"line":170,"column":45}},"loc":{"start":{"line":170,"column":50},"end":{"line":170,"column":68}},"line":170},"11":{"name":"(anonymous_11)","decl":{"start":{"line":182,"column":40},"end":{"line":182,"column":41}},"loc":{"start":{"line":182,"column":46},"end":{"line":182,"column":54}},"line":182},"12":{"name":"(anonymous_12)","decl":{"start":{"line":183,"column":44},"end":{"line":183,"column":45}},"loc":{"start":{"line":183,"column":50},"end":{"line":183,"column":68}},"line":183},"13":{"name":"(anonymous_13)","decl":{"start":{"line":195,"column":40},"end":{"line":195,"column":41}},"loc":{"start":{"line":195,"column":46},"end":{"line":195,"column":54}},"line":195},"14":{"name":"(anonymous_14)","decl":{"start":{"line":206,"column":40},"end":{"line":206,"column":41}},"loc":{"start":{"line":206,"column":46},"end":{"line":206,"column":54}},"line":206},"15":{"name":"(anonymous_15)","decl":{"start":{"line":207,"column":44},"end":{"line":207,"column":45}},"loc":{"start":{"line":207,"column":50},"end":{"line":207,"column":68}},"line":207},"16":{"name":"(anonymous_16)","decl":{"start":{"line":215,"column":40},"end":{"line":215,"column":41}},"loc":{"start":{"line":215,"column":46},"end":{"line":215,"column":54}},"line":215},"17":{"name":"(anonymous_17)","decl":{"start":{"line":227,"column":40},"end":{"line":227,"column":41}},"loc":{"start":{"line":227,"column":46},"end":{"line":227,"column":54}},"line":227}},"branchMap":{},"s":{"0":1,"1":1,"2":1,"3":0,"4":1,"5":0,"6":1,"7":0,"8":1,"9":1,"10":0,"11":1,"12":0,"13":1,"14":1,"15":0,"16":0,"17":1,"18":0,"19":1,"20":0,"21":1,"22":0,"23":0,"24":1,"25":0,"26":0,"27":1,"28":0,"29":1,"30":0,"31":0,"32":1,"33":0,"34":1,"35":0},"f":{"0":0,"1":0,"2":0,"3":0,"4":0,"5":0,"6":0,"7":0,"8":0,"9":0,"10":0,"11":0,"12":0,"13":0,"14":0,"15":0,"16":0,"17":0},"b":{},"_coverageSchema":"1a1c01bbd47fc00a2c39e90264f33305004495a9","hash":"1075388b9e78fe229a860d4679772b2db31ec41c"}
,"/Users/atharva_c/Desktop/Farmer HEdging 3/backend/src/db/supabase.js": {"path":"/Users/atharva_c/Desktop/Farmer HEdging 3/backend/src/db/supabase.js","statementMap":{"0":{"start":{"line":4,"column":0},"end":{"line":4,"column":16}},"1":{"start":{"line":6,"column":20},"end":{"line":6,"column":84}},"2":{"start":{"line":7,"column":20},"end":{"line":7,"column":130}},"3":{"start":{"line":9,"column":0},"end":{"line":11,"column":1}},"4":{"start":{"line":10,"column":2},"end":{"line":10,"column":71}},"5":{"start":{"line":13,"column":24},"end":{"line":25,"column":8}},"6":{"start":{"line":27,"column":36},"end":{"line":27,"column":52}},"7":{"start":{"line":27,"column":42},"end":{"line":27,"column":52}}},"fnMap":{"0":{"name":"(anonymous_0)","decl":{"start":{"line":27,"column":36},"end":{"line":27,"column":37}},"loc":{"start":{"line":27,"column":42},"end":{"line":27,"column":52}},"line":27}},"branchMap":{"0":{"loc":{"start":{"line":6,"column":20},"end":{"line":6,"column":84}},"type":"binary-expr","locations":[{"start":{"line":6,"column":20},"end":{"line":6,"column":44}},{"start":{"line":6,"column":48},"end":{"line":6,"column":84}}],"line":6},"1":{"loc":{"start":{"line":7,"column":20},"end":{"line":7,"column":130}},"type":"binary-expr","locations":[{"start":{"line":7,"column":20},"end":{"line":7,"column":52}},{"start":{"line":7,"column":56},"end":{"line":7,"column":85}},{"start":{"line":7,"column":89},"end":{"line":7,"column":130}}],"line":7},"2":{"loc":{"start":{"line":9,"column":0},"end":{"line":11,"column":1}},"type":"if","locations":[{"start":{"line":9,"column":0},"end":{"line":11,"column":1}},{"start":{},"end":{}}],"line":9},"3":{"loc":{"start":{"line":9,"column":4},"end":{"line":9,"column":32}},"type":"binary-expr","locations":[{"start":{"line":9,"column":4},"end":{"line":9,"column":16}},{"start":{"line":9,"column":20},"end":{"line":9,"column":32}}],"line":9},"4":{"loc":{"start":{"line":13,"column":24},"end":{"line":25,"column":8}},"type":"cond-expr","locations":[{"start":{"line":14,"column":4},"end":{"line":24,"column":6}},{"start":{"line":25,"column":4},"end":{"line":25,"column":8}}],"line":13},"5":{"loc":{"start":{"line":13,"column":24},"end":{"line":13,"column":50}},"type":"binary-expr","locations":[{"start":{"line":13,"column":24},"end":{"line":13,"column":35}},{"start":{"line":13,"column":39},"end":{"line":13,"column":50}}],"line":13}},"s":{"0":0,"1":0,"2":0,"3":0,"4":0,"5":0,"6":0,"7":0},"f":{"0":0},"b":{"0":[0,0],"1":[0,0,0],"2":[0,0],"3":[0,0],"4":[0,0],"5":[0,0]}}
,"/Users/atharva_c/Desktop/Farmer HEdging 3/backend/src/middleware/auth.js": {"path":"/Users/atharva_c/Desktop/Farmer HEdging 3/backend/src/middleware/auth.js","statementMap":{"0":{"start":{"line":3,"column":19},"end":{"line":3,"column":83}},"1":{"start":{"line":6,"column":29},"end":{"line":12,"column":1}},"2":{"start":{"line":7,"column":2},"end":{"line":11,"column":4}},"3":{"start":{"line":15,"column":27},"end":{"line":21,"column":1}},"4":{"start":{"line":16,"column":2},"end":{"line":20,"column":3}},"5":{"start":{"line":17,"column":4},"end":{"line":17,"column":41}},"6":{"start":{"line":19,"column":4},"end":{"line":19,"column":16}},"7":{"start":{"line":24,"column":28},"end":{"line":38,"column":1}},"8":{"start":{"line":25,"column":16},"end":{"line":25,"column":65}},"9":{"start":{"line":27,"column":2},"end":{"line":29,"column":3}},"10":{"start":{"line":28,"column":4},"end":{"line":28,"column":64}},"11":{"start":{"line":31,"column":18},"end":{"line":31,"column":36}},"12":{"start":{"line":32,"column":2},"end":{"line":34,"column":3}},"13":{"start":{"line":33,"column":4},"end":{"line":33,"column":60}},"14":{"start":{"line":36,"column":2},"end":{"line":36,"column":21}},"15":{"start":{"line":37,"column":2},"end":{"line":37,"column":9}},"16":{"start":{"line":41,"column":28},"end":{"line":52,"column":1}},"17":{"start":{"line":42,"column":16},"end":{"line":42,"column":65}},"18":{"start":{"line":44,"column":2},"end":{"line":49,"column":3}},"19":{"start":{"line":45,"column":20},"end":{"line":45,"column":38}},"20":{"start":{"line":46,"column":4},"end":{"line":48,"column":5}},"21":{"start":{"line":47,"column":6},"end":{"line":47,"column":25}},"22":{"start":{"line":51,"column":2},"end":{"line":51,"column":9}}},"fnMap":{"0":{"name":"(anonymous_0)","decl":{"start":{"line":6,"column":29},"end":{"line":6,"column":30}},"loc":{"start":{"line":6,"column":48},"end":{"line":12,"column":1}},"line":6},"1":{"name":"(anonymous_1)","decl":{"start":{"line":15,"column":27},"end":{"line":15,"column":28}},"loc":{"start":{"line":15,"column":38},"end":{"line":21,"column":1}},"line":15},"2":{"name":"(anonymous_2)","decl":{"start":{"line":24,"column":28},"end":{"line":24,"column":29}},"loc":{"start":{"line":24,"column":48},"end":{"line":38,"column":1}},"line":24},"3":{"name":"(anonymous_3)","decl":{"start":{"line":41,"column":28},"end":{"line":41,"column":29}},"loc":{"start":{"line":41,"column":48},"end":{"line":52,"column":1}},"line":41}},"branchMap":{"0":{"loc":{"start":{"line":3,"column":19},"end":{"line":3,"column":83}},"type":"binary-expr","locations":[{"start":{"line":3,"column":19},"end":{"line":3,"column":41}},{"start":{"line":3,"column":45},"end":{"line":3,"column":83}}],"line":3},"1":{"loc":{"start":{"line":27,"column":2},"end":{"line":29,"column":3}},"type":"if","locations":[{"start":{"line":27,"column":2},"end":{"line":29,"column":3}},{"start":{},"end":{}}],"line":27},"2":{"loc":{"start":{"line":32,"column":2},"end":{"line":34,"column":3}},"type":"if","locations":[{"start":{"line":32,"column":2},"end":{"line":34,"column":3}},{"start":{},"end":{}}],"line":32},"3":{"loc":{"start":{"line":44,"column":2},"end":{"line":49,"column":3}},"type":"if","locations":[{"start":{"line":44,"column":2},"end":{"line":49,"column":3}},{"start":{},"end":{}}],"line":44},"4":{"loc":{"start":{"line":46,"column":4},"end":{"line":48,"column":5}},"type":"if","locations":[{"start":{"line":46,"column":4},"end":{"line":48,"column":5}},{"start":{},"end":{}}],"line":46}},"s":{"0":0,"1":0,"2":0,"3":0,"4":0,"5":0,"6":0,"7":0,"8":0,"9":0,"10":0,"11":0,"12":0,"13":0,"14":0,"15":0,"16":0,"17":0,"18":0,"19":0,"20":0,"21":0,"22":0},"f":{"0":0,"1":0,"2":0,"3":0},"b":{"0":[0,0],"1":[0,0],"2":[0,0],"3":[0,0],"4":[0,0]}}
,"/Users/atharva_c/Desktop/Farmer HEdging 3/backend/src/middleware/rateLimiter.js": {"path":"/Users/atharva_c/Desktop/Farmer HEdging 3/backend/src/middleware/rateLimiter.js","statementMap":{"0":{"start":{"line":4,"column":4},"end":{"line":4,"column":30}},"1":{"start":{"line":5,"column":4},"end":{"line":5,"column":19}},"2":{"start":{"line":10,"column":4},"end":{"line":17,"column":14}},"3":{"start":{"line":11,"column":18},"end":{"line":11,"column":28}},"4":{"start":{"line":12,"column":6},"end":{"line":16,"column":7}},"5":{"start":{"line":13,"column":8},"end":{"line":15,"column":9}},"6":{"start":{"line":14,"column":10},"end":{"line":14,"column":36}},"7":{"start":{"line":22,"column":16},"end":{"line":22,"column":26}},"8":{"start":{"line":23,"column":17},"end":{"line":23,"column":46}},"9":{"start":{"line":25,"column":4},"end":{"line":31,"column":5}},"10":{"start":{"line":26,"column":6},"end":{"line":29,"column":9}},"11":{"start":{"line":30,"column":6},"end":{"line":30,"column":59}},"12":{"start":{"line":34,"column":4},"end":{"line":40,"column":5}},"13":{"start":{"line":35,"column":6},"end":{"line":38,"column":9}},"14":{"start":{"line":39,"column":6},"end":{"line":39,"column":59}},"15":{"start":{"line":43,"column":4},"end":{"line":49,"column":5}},"16":{"start":{"line":44,"column":6},"end":{"line":48,"column":8}},"17":{"start":{"line":52,"column":4},"end":{"line":52,"column":17}},"18":{"start":{"line":53,"column":4},"end":{"line":53,"column":66}},"19":{"start":{"line":57,"column":16},"end":{"line":57,"column":33}},"20":{"start":{"line":66,"column":6},"end":{"line":66,"column":13}},"21":{"start":{"line":64,"column":28},"end":{"line":64,"column":66}},"22":{"start":{"line":68,"column":2},"end":{"line":86,"column":4}},"23":{"start":{"line":69,"column":16},"end":{"line":69,"column":33}},"24":{"start":{"line":70,"column":19},"end":{"line":70,"column":64}},"25":{"start":{"line":73,"column":4},"end":{"line":73,"column":52}},"26":{"start":{"line":74,"column":4},"end":{"line":74,"column":66}},"27":{"start":{"line":76,"column":4},"end":{"line":83,"column":5}},"28":{"start":{"line":77,"column":6},"end":{"line":77,"column":60}},"29":{"start":{"line":78,"column":6},"end":{"line":78,"column":54}},"30":{"start":{"line":79,"column":6},"end":{"line":82,"column":9}},"31":{"start":{"line":85,"column":4},"end":{"line":85,"column":11}},"32":{"start":{"line":90,"column":26},"end":{"line":94,"column":2}},"33":{"start":{"line":96,"column":27},"end":{"line":100,"column":2}},"34":{"start":{"line":102,"column":29},"end":{"line":106,"column":2}}},"fnMap":{"0":{"name":"(anonymous_0)","decl":{"start":{"line":3,"column":2},"end":{"line":3,"column":3}},"loc":{"start":{"line":3,"column":16},"end":{"line":6,"column":3}},"line":3},"1":{"name":"(anonymous_1)","decl":{"start":{"line":9,"column":2},"end":{"line":9,"column":3}},"loc":{"start":{"line":9,"column":12},"end":{"line":18,"column":3}},"line":9},"2":{"name":"(anonymous_2)","decl":{"start":{"line":10,"column":16},"end":{"line":10,"column":17}},"loc":{"start":{"line":10,"column":22},"end":{"line":17,"column":5}},"line":10},"3":{"name":"(anonymous_3)","decl":{"start":{"line":21,"column":2},"end":{"line":21,"column":3}},"loc":{"start":{"line":21,"column":61},"end":{"line":54,"column":3}},"line":21},"4":{"name":"createRateLimiter","decl":{"start":{"line":60,"column":16},"end":{"line":60,"column":33}},"loc":{"start":{"line":60,"column":48},"end":{"line":87,"column":1}},"line":60},"5":{"name":"(anonymous_5)","decl":{"start":{"line":64,"column":19},"end":{"line":64,"column":20}},"loc":{"start":{"line":64,"column":28},"end":{"line":64,"column":66}},"line":64},"6":{"name":"(anonymous_6)","decl":{"start":{"line":68,"column":9},"end":{"line":68,"column":10}},"loc":{"start":{"line":68,"column":29},"end":{"line":86,"column":3}},"line":68}},"branchMap":{"0":{"loc":{"start":{"line":13,"column":8},"end":{"line":15,"column":9}},"type":"if","locations":[{"start":{"line":13,"column":8},"end":{"line":15,"column":9}},{"start":{},"end":{}}],"line":13},"1":{"loc":{"start":{"line":21,"column":24},"end":{"line":21,"column":41}},"type":"default-arg","locations":[{"start":{"line":21,"column":38},"end":{"line":21,"column":41}}],"line":21},"2":{"loc":{"start":{"line":21,"column":43},"end":{"line":21,"column":59}},"type":"default-arg","locations":[{"start":{"line":21,"column":54},"end":{"line":21,"column":59}}],"line":21},"3":{"loc":{"start":{"line":25,"column":4},"end":{"line":31,"column":5}},"type":"if","locations":[{"start":{"line":25,"column":4},"end":{"line":31,"column":5}},{"start":{},"end":{}}],"line":25},"4":{"loc":{"start":{"line":34,"column":4},"end":{"line":40,"column":5}},"type":"if","locations":[{"start":{"line":34,"column":4},"end":{"line":40,"column":5}},{"start":{},"end":{}}],"line":34},"5":{"loc":{"start":{"line":43,"column":4},"end":{"line":49,"column":5}},"type":"if","locations":[{"start":{"line":43,"column":4},"end":{"line":49,"column":5}},{"start":{},"end":{}}],"line":43},"6":{"loc":{"start":{"line":60,"column":34},"end":{"line":60,"column":46}},"type":"default-arg","locations":[{"start":{"line":60,"column":44},"end":{"line":60,"column":46}}],"line":60},"7":{"loc":{"start":{"line":62,"column":4},"end":{"line":62,"column":21}},"type":"default-arg","locations":[{"start":{"line":62,"column":18},"end":{"line":62,"column":21}}],"line":62},"8":{"loc":{"start":{"line":63,"column":4},"end":{"line":63,"column":20}},"type":"default-arg","locations":[{"start":{"line":63,"column":15},"end":{"line":63,"column":20}}],"line":63},"9":{"loc":{"start":{"line":64,"column":4},"end":{"line":64,"column":66}},"type":"default-arg","locations":[{"start":{"line":64,"column":19},"end":{"line":64,"column":66}}],"line":64},"10":{"loc":{"start":{"line":64,"column":28},"end":{"line":64,"column":66}},"type":"binary-expr","locations":[{"start":{"line":64,"column":28},"end":{"line":64,"column":34}},{"start":{"line":64,"column":38},"end":{"line":64,"column":66}}],"line":64},"11":{"loc":{"start":{"line":65,"column":4},"end":{"line":65,"column":58}},"type":"default-arg","locations":[{"start":{"line":65,"column":14},"end":{"line":65,"column":58}}],"line":65},"12":{"loc":{"start":{"line":74,"column":43},"end":{"line":74,"column":64}},"type":"binary-expr","locations":[{"start":{"line":74,"column":43},"end":{"line":74,"column":59}},{"start":{"line":74,"column":63},"end":{"line":74,"column":64}}],"line":74},"13":{"loc":{"start":{"line":76,"column":4},"end":{"line":83,"column":5}},"type":"if","locations":[{"start":{"line":76,"column":4},"end":{"line":83,"column":5}},{"start":{},"end":{}}],"line":76}},"s":{"0":0,"1":0,"2":0,"3":0,"4":0,"5":0,"6":0,"7":0,"8":0,"9":0,"10":0,"11":0,"12":0,"13":0,"14":0,"15":0,"16":0,"17":0,"18":0,"19":0,"20":0,"21":0,"22":0,"23":0,"24":0,"25":0,"26":0,"27":0,"28":0,"29":0,"30":0,"31":0,"32":0,"33":0,"34":0},"f":{"0":0,"1":0,"2":0,"3":0,"4":0,"5":0,"6":0},"b":{"0":[0,0],"1":[0],"2":[0],"3":[0,0],"4":[0,0],"5":[0,0],"6":[0],"7":[0],"8":[0],"9":[0],"10":[0,0],"11":[0],"12":[0,0],"13":[0,0]}}
,"/Users/atharva_c/Desktop/Farmer HEdging 3/backend/src/middleware/validation.js": {"path":"/Users/atharva_c/Desktop/Farmer HEdging 3/backend/src/middleware/validation.js","statementMap":{"0":{"start":{"line":2,"column":31},"end":{"line":16,"column":1}},"1":{"start":{"line":3,"column":2},"end":{"line":15,"column":4}},"2":{"start":{"line":4,"column":4},"end":{"line":4,"column":67}},"3":{"start":{"line":5,"column":22},"end":{"line":5,"column":47}},"4":{"start":{"line":6,"column":4},"end":{"line":12,"column":5}},"5":{"start":{"line":7,"column":6},"end":{"line":7,"column":68}},"6":{"start":{"line":8,"column":6},"end":{"line":11,"column":9}},"7":{"start":{"line":10,"column":40},"end":{"line":10,"column":49}},"8":{"start":{"line":13,"column":4},"end":{"line":13,"column":50}},"9":{"start":{"line":14,"column":4},"end":{"line":14,"column":11}},"10":{"start":{"line":19,"column":23},"end":{"line":77,"column":1}},"11":{"start":{"line":22,"column":21},"end":{"line":22,"column":23}},"12":{"start":{"line":23,"column":6},"end":{"line":23,"column":77}},"13":{"start":{"line":23,"column":38},"end":{"line":23,"column":77}},"14":{"start":{"line":24,"column":6},"end":{"line":24,"column":108}},"15":{"start":{"line":24,"column":54},"end":{"line":24,"column":108}},"16":{"start":{"line":25,"column":6},"end":{"line":25,"column":54}},"17":{"start":{"line":25,"column":22},"end":{"line":25,"column":54}},"18":{"start":{"line":27,"column":6},"end":{"line":27,"column":98}},"19":{"start":{"line":27,"column":70},"end":{"line":27,"column":84}},"20":{"start":{"line":33,"column":21},"end":{"line":33,"column":23}},"21":{"start":{"line":34,"column":6},"end":{"line":34,"column":77}},"22":{"start":{"line":34,"column":38},"end":{"line":34,"column":77}},"23":{"start":{"line":35,"column":6},"end":{"line":35,"column":62}},"24":{"start":{"line":35,"column":26},"end":{"line":35,"column":62}},"25":{"start":{"line":37,"column":6},"end":{"line":37,"column":98}},"26":{"start":{"line":37,"column":70},"end":{"line":37,"column":84}},"27":{"start":{"line":43,"column":21},"end":{"line":43,"column":23}},"28":{"start":{"line":44,"column":6},"end":{"line":44,"column":59}},"29":{"start":{"line":44,"column":24},"end":{"line":44,"column":59}},"30":{"start":{"line":45,"column":6},"end":{"line":45,"column":54}},"31":{"start":{"line":45,"column":22},"end":{"line":45,"column":54}},"32":{"start":{"line":46,"column":6},"end":{"line":46,"column":106}},"33":{"start":{"line":46,"column":64},"end":{"line":46,"column":106}},"34":{"start":{"line":47,"column":6},"end":{"line":47,"column":89}},"35":{"start":{"line":47,"column":48},"end":{"line":47,"column":89}},"36":{"start":{"line":48,"column":6},"end":{"line":48,"column":96}},"37":{"start":{"line":48,"column":52},"end":{"line":48,"column":96}},"38":{"start":{"line":50,"column":6},"end":{"line":50,"column":98}},"39":{"start":{"line":50,"column":70},"end":{"line":50,"column":84}},"40":{"start":{"line":56,"column":21},"end":{"line":56,"column":23}},"41":{"start":{"line":57,"column":6},"end":{"line":57,"column":54}},"42":{"start":{"line":57,"column":22},"end":{"line":57,"column":54}},"43":{"start":{"line":58,"column":6},"end":{"line":58,"column":89}},"44":{"start":{"line":58,"column":48},"end":{"line":58,"column":89}},"45":{"start":{"line":59,"column":6},"end":{"line":59,"column":80}},"46":{"start":{"line":59,"column":42},"end":{"line":59,"column":80}},"47":{"start":{"line":61,"column":6},"end":{"line":61,"column":98}},"48":{"start":{"line":61,"column":70},"end":{"line":61,"column":84}},"49":{"start":{"line":67,"column":21},"end":{"line":67,"column":23}},"50":{"start":{"line":68,"column":6},"end":{"line":68,"column":54}},"51":{"start":{"line":68,"column":22},"end":{"line":68,"column":54}},"52":{"start":{"line":69,"column":6},"end":{"line":69,"column":99}},"53":{"start":{"line":69,"column":54},"end":{"line":69,"column":99}},"54":{"start":{"line":70,"column":6},"end":{"line":72,"column":7}},"55":{"start":{"line":71,"column":8},"end":{"line":71,"column":56}},"56":{"start":{"line":74,"column":6},"end":{"line":74,"column":98}},"57":{"start":{"line":74,"column":70},"end":{"line":74,"column":84}}},"fnMap":{"0":{"name":"(anonymous_0)","decl":{"start":{"line":2,"column":31},"end":{"line":2,"column":32}},"loc":{"start":{"line":2,"column":43},"end":{"line":16,"column":1}},"line":2},"1":{"name":"(anonymous_1)","decl":{"start":{"line":3,"column":9},"end":{"line":3,"column":10}},"loc":{"start":{"line":3,"column":29},"end":{"line":15,"column":3}},"line":3},"2":{"name":"(anonymous_2)","decl":{"start":{"line":10,"column":35},"end":{"line":10,"column":36}},"loc":{"start":{"line":10,"column":40},"end":{"line":10,"column":49}},"line":10},"3":{"name":"(anonymous_3)","decl":{"start":{"line":21,"column":14},"end":{"line":21,"column":15}},"loc":{"start":{"line":21,"column":24},"end":{"line":28,"column":5}},"line":21},"4":{"name":"(anonymous_4)","decl":{"start":{"line":27,"column":64},"end":{"line":27,"column":65}},"loc":{"start":{"line":27,"column":70},"end":{"line":27,"column":84}},"line":27},"5":{"name":"(anonymous_5)","decl":{"start":{"line":32,"column":14},"end":{"line":32,"column":15}},"loc":{"start":{"line":32,"column":24},"end":{"line":38,"column":5}},"line":32},"6":{"name":"(anonymous_6)","decl":{"start":{"line":37,"column":64},"end":{"line":37,"column":65}},"loc":{"start":{"line":37,"column":70},"end":{"line":37,"column":84}},"line":37},"7":{"name":"(anonymous_7)","decl":{"start":{"line":42,"column":14},"end":{"line":42,"column":15}},"loc":{"start":{"line":42,"column":24},"end":{"line":51,"column":5}},"line":42},"8":{"name":"(anonymous_8)","decl":{"start":{"line":50,"column":64},"end":{"line":50,"column":65}},"loc":{"start":{"line":50,"column":70},"end":{"line":50,"column":84}},"line":50},"9":{"name":"(anonymous_9)","decl":{"start":{"line":55,"column":14},"end":{"line":55,"column":15}},"loc":{"start":{"line":55,"column":24},"end":{"line":62,"column":5}},"line":55},"10":{"name":"(anonymous_10)","decl":{"start":{"line":61,"column":64},"end":{"line":61,"column":65}},"loc":{"start":{"line":61,"column":70},"end":{"line":61,"column":84}},"line":61},"11":{"name":"(anonymous_11)","decl":{"start":{"line":66,"column":14},"end":{"line":66,"column":15}},"loc":{"start":{"line":66,"column":24},"end":{"line":75,"column":5}},"line":66},"12":{"name":"(anonymous_12)","decl":{"start":{"line":74,"column":64},"end":{"line":74,"column":65}},"loc":{"start":{"line":74,"column":70},"end":{"line":74,"column":84}},"line":74}},"branchMap":{"0":{"loc":{"start":{"line":6,"column":4},"end":{"line":12,"column":5}},"type":"if","locations":[{"start":{"line":6,"column":4},"end":{"line":12,"column":5}},{"start":{},"end":{}}],"line":6},"1":{"loc":{"start":{"line":23,"column":6},"end":{"line":23,"column":77}},"type":"if","locations":[{"start":{"line":23,"column":6},"end":{"line":23,"column":77}},{"start":{},"end":{}}],"line":23},"2":{"loc":{"start":{"line":23,"column":10},"end":{"line":23,"column":36}},"type":"binary-expr","locations":[{"start":{"line":23,"column":10},"end":{"line":23,"column":21}},{"start":{"line":23,"column":25},"end":{"line":23,"column":36}}],"line":23},"3":{"loc":{"start":{"line":24,"column":6},"end":{"line":24,"column":108}},"type":"if","locations":[{"start":{"line":24,"column":6},"end":{"line":24,"column":108}},{"start":{},"end":{}}],"line":24},"4":{"loc":{"start":{"line":24,"column":10},"end":{"line":24,"column":52}},"type":"binary-expr","locations":[{"start":{"line":24,"column":10},"end":{"line":24,"column":24}},{"start":{"line":24,"column":28},"end":{"line":24,"column":52}}],"line":24},"5":{"loc":{"start":{"line":25,"column":6},"end":{"line":25,"column":54}},"type":"if","locations":[{"start":{"line":25,"column":6},"end":{"line":25,"column":54}},{"start":{},"end":{}}],"line":25},"6":{"loc":{"start":{"line":27,"column":22},"end":{"line":27,"column":95}},"type":"cond-expr","locations":[{"start":{"line":27,"column":42},"end":{"line":27,"column":88}},{"start":{"line":27,"column":91},"end":{"line":27,"column":95}}],"line":27},"7":{"loc":{"start":{"line":34,"column":6},"end":{"line":34,"column":77}},"type":"if","locations":[{"start":{"line":34,"column":6},"end":{"line":34,"column":77}},{"start":{},"end":{}}],"line":34},"8":{"loc":{"start":{"line":34,"column":10},"end":{"line":34,"column":36}},"type":"binary-expr","locations":[{"start":{"line":34,"column":10},"end":{"line":34,"column":21}},{"start":{"line":34,"column":25},"end":{"line":34,"column":36}}],"line":34},"9":{"loc":{"start":{"line":35,"column":6},"end":{"line":35,"column":62}},"type":"if","locations":[{"start":{"line":35,"column":6},"end":{"line":35,"column":62}},{"start":{},"end":{}}],"line":35},"10":{"loc":{"start":{"line":37,"column":22},"end":{"line":37,"column":95}},"type":"cond-expr","locations":[{"start":{"line":37,"column":42},"end":{"line":37,"column":88}},{"start":{"line":37,"column":91},"end":{"line":37,"column":95}}],"line":37},"11":{"loc":{"start":{"line":44,"column":6},"end":{"line":44,"column":59}},"type":"if","locations":[{"start":{"line":44,"column":6},"end":{"line":44,"column":59}},{"start":{},"end":{}}],"line":44},"12":{"loc":{"start":{"line":45,"column":6},"end":{"line":45,"column":54}},"type":"if","locations":[{"start":{"line":45,"column":6},"end":{"line":45,"column":54}},{"start":{},"end":{}}],"line":45},"13":{"loc":{"start":{"line":46,"column":6},"end":{"line":46,"column":106}},"type":"if","locations":[{"start":{"line":46,"column":6},"end":{"line":46,"column":106}},{"start":{},"end":{}}],"line":46},"14":{"loc":{"start":{"line":46,"column":10},"end":{"line":46,"column":62}},"type":"binary-expr","locations":[{"start":{"line":46,"column":10},"end":{"line":46,"column":20}},{"start":{"line":46,"column":24},"end":{"line":46,"column":62}}],"line":46},"15":{"loc":{"start":{"line":47,"column":6},"end":{"line":47,"column":89}},"type":"if","locations":[{"start":{"line":47,"column":6},"end":{"line":47,"column":89}},{"start":{},"end":{}}],"line":47},"16":{"loc":{"start":{"line":47,"column":10},"end":{"line":47,"column":46}},"type":"binary-expr","locations":[{"start":{"line":47,"column":10},"end":{"line":47,"column":24}},{"start":{"line":47,"column":28},"end":{"line":47,"column":46}}],"line":47},"17":{"loc":{"start":{"line":48,"column":6},"end":{"line":48,"column":96}},"type":"if","locations":[{"start":{"line":48,"column":6},"end":{"line":48,"column":96}},{"start":{},"end":{}}],"line":48},"18":{"loc":{"start":{"line":48,"column":10},"end":{"line":48,"column":50}},"type":"binary-expr","locations":[{"start":{"line":48,"column":10},"end":{"line":48,"column":26}},{"start":{"line":48,"column":30},"end":{"line":48,"column":50}}],"line":48},"19":{"loc":{"start":{"line":50,"column":22},"end":{"line":50,"column":95}},"type":"cond-expr","locations":[{"start":{"line":50,"column":42},"end":{"line":50,"column":88}},{"start":{"line":50,"column":91},"end":{"line":50,"column":95}}],"line":50},"20":{"loc":{"start":{"line":57,"column":6},"end":{"line":57,"column":54}},"type":"if","locations":[{"start":{"line":57,"column":6},"end":{"line":57,"column":54}},{"start":{},"end":{}}],"line":57},"21":{"loc":{"start":{"line":58,"column":6},"end":{"line":58,"column":89}},"type":"if","locations":[{"start":{"line":58,"column":6},"end":{"line":58,"column":89}},{"start":{},"end":{}}],"line":58},"22":{"loc":{"start":{"line":58,"column":10},"end":{"line":58,"column":46}},"type":"binary-expr","locations":[{"start":{"line":58,"column":10},"end":{"line":58,"column":24}},{"start":{"line":58,"column":28},"end":{"line":58,"column":46}}],"line":58},"23":{"loc":{"start":{"line":59,"column":6},"end":{"line":59,"column":80}},"type":"if","locations":[{"start":{"line":59,"column":6},"end":{"line":59,"column":80}},{"start":{},"end":{}}],"line":59},"24":{"loc":{"start":{"line":59,"column":10},"end":{"line":59,"column":40}},"type":"binary-expr","locations":[{"start":{"line":59,"column":10},"end":{"line":59,"column":21}},{"start":{"line":59,"column":25},"end":{"line":59,"column":40}}],"line":59},"25":{"loc":{"start":{"line":61,"column":22},"end":{"line":61,"column":95}},"type":"cond-expr","locations":[{"start":{"line":61,"column":42},"end":{"line":61,"column":88}},{"start":{"line":61,"column":91},"end":{"line":61,"column":95}}],"line":61},"26":{"loc":{"start":{"line":68,"column":6},"end":{"line":68,"column":54}},"type":"if","locations":[{"start":{"line":68,"column":6},"end":{"line":68,"column":54}},{"start":{},"end":{}}],"line":68},"27":{"loc":{"start":{"line":69,"column":6},"end":{"line":69,"column":99}},"type":"if","locations":[{"start":{"line":69,"column":6},"end":{"line":69,"column":99}},{"start":{},"end":{}}],"line":69},"28":{"loc":{"start":{"line":69,"column":10},"end":{"line":69,"column":52}},"type":"binary-expr","locations":[{"start":{"line":69,"column":10},"end":{"line":69,"column":27}},{"start":{"line":69,"column":31},"end":{"line":69,"column":52}}],"line":69},"29":{"loc":{"start":{"line":70,"column":6},"end":{"line":72,"column":7}},"type":"if","locations":[{"start":{"line":70,"column":6},"end":{"line":72,"column":7}},{"start":{},"end":{}}],"line":70},"30":{"loc":{"start":{"line":70,"column":10},"end":{"line":70,"column":73}},"type":"binary-expr","locations":[{"start":{"line":70,"column":10},"end":{"line":70,"column":25}},{"start":{"line":70,"column":29},"end":{"line":70,"column":73}}],"line":70},"31":{"loc":{"start":{"line":74,"column":22},"end":{"line":74,"column":95}},"type":"cond-expr","locations":[{"start":{"line":74,"column":42},"end":{"line":74,"column":88}},{"start":{"line":74,"column":91},"end":{"line":74,"column":95}}],"line":74}},"s":{"0":0,"1":0,"2":0,"3":0,"4":0,"5":0,"6":0,"7":0,"8":0,"9":0,"10":0,"11":0,"12":0,"13":0,"14":0,"15":0,"16":0,"17":0,"18":0,"19":0,"20":0,"21":0,"22":0,"23":0,"24":0,"25":0,"26":0,"27":0,"28":0,"29":0,"30":0,"31":0,"32":0,"33":0,"34":0,"35":0,"36":0,"37":0,"38":0,"39":0,"40":0,"41":0,"42":0,"43":0,"44":0,"45":0,"46":0,"47":0,"48":0,"49":0,"50":0,"51":0,"52":0,"53":0,"54":0,"55":0,"56":0,"57":0},"f":{"0":0,"1":0,"2":0,"3":0,"4":0,"5":0,"6":0,"7":0,"8":0,"9":0,"10":0,"11":0,"12":0},"b":{"0":[0,0],"1":[0,0],"2":[0,0],"3":[0,0],"4":[0,0],"5":[0,0],"6":[0,0],"7":[0,0],"8":[0,0],"9":[0,0],"10":[0,0],"11":[0,0],"12":[0,0],"13":[0,0],"14":[0,0],"15":[0,0],"16":[0,0],"17":[0,0],"18":[0,0],"19":[0,0],"20":[0,0],"21":[0,0],"22":[0,0],"23":[0,0],"24":[0,0],"25":[0,0],"26":[0,0],"27":[0,0],"28":[0,0],"29":[0,0],"30":[0,0],"31":[0,0]}}
,"/Users/atharva_c/Desktop/Farmer HEdging 3/backend/src/routes/ai.js": {"path":"/Users/atharva_c/Desktop/Farmer HEdging 3/backend/src/routes/ai.js","statementMap":{"0":{"start":{"line":5,"column":15},"end":{"line":5,"column":31}},"1":{"start":{"line":8,"column":0},"end":{"line":22,"column":3}},"2":{"start":{"line":9,"column":2},"end":{"line":21,"column":3}},"3":{"start":{"line":10,"column":45},"end":{"line":10,"column":53}},"4":{"start":{"line":12,"column":4},"end":{"line":14,"column":5}},"5":{"start":{"line":13,"column":6},"end":{"line":13,"column":65}},"6":{"start":{"line":16,"column":23},"end":{"line":16,"column":83}},"7":{"start":{"line":17,"column":4},"end":{"line":17,"column":25}},"8":{"start":{"line":19,"column":4},"end":{"line":19,"column":46}},"9":{"start":{"line":20,"column":4},"end":{"line":20,"column":69}},"10":{"start":{"line":25,"column":0},"end":{"line":55,"column":3}},"11":{"start":{"line":26,"column":2},"end":{"line":54,"column":3}},"12":{"start":{"line":27,"column":45},"end":{"line":27,"column":53}},"13":{"start":{"line":29,"column":4},"end":{"line":31,"column":5}},"14":{"start":{"line":30,"column":6},"end":{"line":30,"column":65}},"15":{"start":{"line":34,"column":23},"end":{"line":34,"column":80}},"16":{"start":{"line":37,"column":17},"end":{"line":37,"column":23}},"17":{"start":{"line":38,"column":25},"end":{"line":38,"column":116}},"18":{"start":{"line":38,"column":67},"end":{"line":38,"column":80}},"19":{"start":{"line":39,"column":19},"end":{"line":39,"column":93}},"20":{"start":{"line":41,"column":4},"end":{"line":42,"column":42}},"21":{"start":{"line":41,"column":20},"end":{"line":41,"column":35}},"22":{"start":{"line":42,"column":9},"end":{"line":42,"column":42}},"23":{"start":{"line":42,"column":26},"end":{"line":42,"column":42}},"24":{"start":{"line":44,"column":4},"end":{"line":50,"column":7}},"25":{"start":{"line":52,"column":4},"end":{"line":52,"column":50}},"26":{"start":{"line":53,"column":4},"end":{"line":53,"column":73}},"27":{"start":{"line":58,"column":0},"end":{"line":67,"column":3}},"28":{"start":{"line":59,"column":2},"end":{"line":66,"column":3}},"29":{"start":{"line":60,"column":21},"end":{"line":60,"column":31}},"30":{"start":{"line":61,"column":22},"end":{"line":61,"column":62}},"31":{"start":{"line":62,"column":4},"end":{"line":62,"column":24}},"32":{"start":{"line":64,"column":4},"end":{"line":64,"column":45}},"33":{"start":{"line":65,"column":4},"end":{"line":65,"column":67}},"34":{"start":{"line":70,"column":0},"end":{"line":94,"column":3}},"35":{"start":{"line":71,"column":2},"end":{"line":93,"column":3}},"36":{"start":{"line":72,"column":21},"end":{"line":72,"column":31}},"37":{"start":{"line":73,"column":17},"end":{"line":73,"column":46}},"38":{"start":{"line":75,"column":36},"end":{"line":78,"column":6}},"39":{"start":{"line":80,"column":4},"end":{"line":89,"column":7}},"40":{"start":{"line":91,"column":4},"end":{"line":91,"column":44}},"41":{"start":{"line":92,"column":4},"end":{"line":92,"column":67}},"42":{"start":{"line":97,"column":0},"end":{"line":109,"column":3}},"43":{"start":{"line":98,"column":2},"end":{"line":108,"column":3}},"44":{"start":{"line":99,"column":21},"end":{"line":99,"column":31}},"45":{"start":{"line":100,"column":17},"end":{"line":100,"column":46}},"46":{"start":{"line":101,"column":25},"end":{"line":101,"column":91}},"47":{"start":{"line":103,"column":23},"end":{"line":103,"column":83}},"48":{"start":{"line":104,"column":4},"end":{"line":104,"column":25}},"49":{"start":{"line":106,"column":4},"end":{"line":106,"column":44}},"50":{"start":{"line":107,"column":4},"end":{"line":107,"column":67}},"51":{"start":{"line":112,"column":0},"end":{"line":129,"column":3}},"52":{"start":{"line":113,"column":2},"end":{"line":128,"column":3}},"53":{"start":{"line":114,"column":32},"end":{"line":114,"column":40}},"54":{"start":{"line":116,"column":4},"end":{"line":118,"column":5}},"55":{"start":{"line":117,"column":6},"end":{"line":117,"column":72}},"56":{"start":{"line":120,"column":24},"end":{"line":122,"column":5}},"57":{"start":{"line":121,"column":24},"end":{"line":121,"column":64}},"58":{"start":{"line":124,"column":4},"end":{"line":124,"column":30}},"59":{"start":{"line":126,"column":4},"end":{"line":126,"column":52}},"60":{"start":{"line":127,"column":4},"end":{"line":127,"column":76}},"61":{"start":{"line":132,"column":0},"end":{"line":155,"column":3}},"62":{"start":{"line":133,"column":2},"end":{"line":154,"column":3}},"63":{"start":{"line":134,"column":45},"end":{"line":134,"column":53}},"64":{"start":{"line":136,"column":23},"end":{"line":136,"column":83}},"65":{"start":{"line":139,"column":4},"end":{"line":148,"column":5}},"66":{"start":{"line":140,"column":6},"end":{"line":147,"column":9}},"67":{"start":{"line":150,"column":4},"end":{"line":150,"column":25}},"68":{"start":{"line":152,"column":4},"end":{"line":152,"column":51}},"69":{"start":{"line":153,"column":4},"end":{"line":153,"column":65}}},"fnMap":{"0":{"name":"(anonymous_0)","decl":{"start":{"line":8,"column":38},"end":{"line":8,"column":39}},"loc":{"start":{"line":8,"column":58},"end":{"line":22,"column":1}},"line":8},"1":{"name":"(anonymous_1)","decl":{"start":{"line":25,"column":40},"end":{"line":25,"column":41}},"loc":{"start":{"line":25,"column":60},"end":{"line":55,"column":1}},"line":25},"2":{"name":"(anonymous_2)","decl":{"start":{"line":38,"column":55},"end":{"line":38,"column":56}},"loc":{"start":{"line":38,"column":67},"end":{"line":38,"column":80}},"line":38},"3":{"name":"(anonymous_3)","decl":{"start":{"line":58,"column":45},"end":{"line":58,"column":46}},"loc":{"start":{"line":58,"column":65},"end":{"line":67,"column":1}},"line":58},"4":{"name":"(anonymous_4)","decl":{"start":{"line":70,"column":44},"end":{"line":70,"column":45}},"loc":{"start":{"line":70,"column":64},"end":{"line":94,"column":1}},"line":70},"5":{"name":"(anonymous_5)","decl":{"start":{"line":97,"column":43},"end":{"line":97,"column":44}},"loc":{"start":{"line":97,"column":63},"end":{"line":109,"column":1}},"line":97},"6":{"name":"(anonymous_6)","decl":{"start":{"line":112,"column":44},"end":{"line":112,"column":45}},"loc":{"start":{"line":112,"column":64},"end":{"line":129,"column":1}},"line":112},"7":{"name":"(anonymous_7)","decl":{"start":{"line":121,"column":16},"end":{"line":121,"column":17}},"loc":{"start":{"line":121,"column":24},"end":{"line":121,"column":64}},"line":121},"8":{"name":"(anonymous_8)","decl":{"start":{"line":132,"column":46},"end":{"line":132,"column":47}},"loc":{"start":{"line":132,"column":66},"end":{"line":155,"column":1}},"line":132}},"branchMap":{"0":{"loc":{"start":{"line":10,"column":18},"end":{"line":10,"column":26}},"type":"default-arg","locations":[{"start":{"line":10,"column":25},"end":{"line":10,"column":26}}],"line":10},"1":{"loc":{"start":{"line":12,"column":4},"end":{"line":14,"column":5}},"type":"if","locations":[{"start":{"line":12,"column":4},"end":{"line":14,"column":5}},{"start":{},"end":{}}],"line":12},"2":{"loc":{"start":{"line":29,"column":4},"end":{"line":31,"column":5}},"type":"if","locations":[{"start":{"line":29,"column":4},"end":{"line":31,"column":5}},{"start":{},"end":{}}],"line":29},"3":{"loc":{"start":{"line":41,"column":4},"end":{"line":42,"column":42}},"type":"if","locations":[{"start":{"line":41,"column":4},"end":{"line":42,"column":42}},{"start":{"line":42,"column":9},"end":{"line":42,"column":42}}],"line":41},"4":{"loc":{"start":{"line":42,"column":9},"end":{"line":42,"column":42}},"type":"if","locations":[{"start":{"line":42,"column":9},"end":{"line":42,"column":42}},{"start":{},"end":{}}],"line":42},"5":{"loc":{"start":{"line":73,"column":17},"end":{"line":73,"column":46}},"type":"binary-expr","locations":[{"start":{"line":73,"column":17},"end":{"line":73,"column":41}},{"start":{"line":73,"column":45},"end":{"line":73,"column":46}}],"line":73},"6":{"loc":{"start":{"line":86,"column":20},"end":{"line":86,"column":64}},"type":"binary-expr","locations":[{"start":{"line":86,"column":20},"end":{"line":86,"column":57}},{"start":{"line":86,"column":61},"end":{"line":86,"column":64}}],"line":86},"7":{"loc":{"start":{"line":100,"column":17},"end":{"line":100,"column":46}},"type":"binary-expr","locations":[{"start":{"line":100,"column":17},"end":{"line":100,"column":41}},{"start":{"line":100,"column":45},"end":{"line":100,"column":46}}],"line":100},"8":{"loc":{"start":{"line":101,"column":25},"end":{"line":101,"column":91}},"type":"cond-expr","locations":[{"start":{"line":101,"column":50},"end":{"line":101,"column":84}},{"start":{"line":101,"column":87},"end":{"line":101,"column":91}}],"line":101},"9":{"loc":{"start":{"line":114,"column":19},"end":{"line":114,"column":27}},"type":"default-arg","locations":[{"start":{"line":114,"column":26},"end":{"line":114,"column":27}}],"line":114},"10":{"loc":{"start":{"line":116,"column":4},"end":{"line":118,"column":5}},"type":"if","locations":[{"start":{"line":116,"column":4},"end":{"line":118,"column":5}},{"start":{},"end":{}}],"line":116},"11":{"loc":{"start":{"line":116,"column":8},"end":{"line":116,"column":39}},"type":"binary-expr","locations":[{"start":{"line":116,"column":8},"end":{"line":116,"column":14}},{"start":{"line":116,"column":18},"end":{"line":116,"column":39}}],"line":116},"12":{"loc":{"start":{"line":134,"column":18},"end":{"line":134,"column":26}},"type":"default-arg","locations":[{"start":{"line":134,"column":25},"end":{"line":134,"column":26}}],"line":134},"13":{"loc":{"start":{"line":139,"column":4},"end":{"line":148,"column":5}},"type":"if","locations":[{"start":{"line":139,"column":4},"end":{"line":148,"column":5}},{"start":{},"end":{}}],"line":139}},"s":{"0":0,"1":0,"2":0,"3":0,"4":0,"5":0,"6":0,"7":0,"8":0,"9":0,"10":0,"11":0,"12":0,"13":0,"14":0,"15":0,"16":0,"17":0,"18":0,"19":0,"20":0,"21":0,"22":0,"23":0,"24":0,"25":0,"26":0,"27":0,"28":0,"29":0,"30":0,"31":0,"32":0,"33":0,"34":0,"35":0,"36":0,"37":0,"38":0,"39":0,"40":0,"41":0,"42":0,"43":0,"44":0,"45":0,"46":0,"47":0,"48":0,"49":0,"50":0,"51":0,"52":0,"53":0,"54":0,"55":0,"56":0,"57":0,"58":0,"59":0,"60":0,"61":0,"62":0,"63":0,"64":0,"65":0,"66":0,"67":0,"68":0,"69":0},"f":{"0":0,"1":0,"2":0,"3":0,"4":0,"5":0,"6":0,"7":0,"8":0},"b":{"0":[0],"1":[0,0],"2":[0,0],"3":[0,0],"4":[0,0],"5":[0,0],"6":[0,0],"7":[0,0],"8":[0,0],"9":[0],"10":[0,0],"11":[0,0],"12":[0],"13":[0,0]}}
,"/Users/atharva_c/Desktop/Farmer HEdging 3/backend/src/routes/auth.js": {"path":"/Users/atharva_c/Desktop/Farmer HEdging 3/backend/src/routes/auth.js","statementMap":{"0":{"start":{"line":9,"column":15},"end":{"line":9,"column":31}},"1":{"start":{"line":12,"column":0},"end":{"line":59,"column":3}},"2":{"start":{"line":13,"column":2},"end":{"line":58,"column":3}},"3":{"start":{"line":14,"column":65},"end":{"line":14,"column":73}},"4":{"start":{"line":17,"column":25},"end":{"line":22,"column":14}},"5":{"start":{"line":24,"column":4},"end":{"line":26,"column":5}},"6":{"start":{"line":25,"column":6},"end":{"line":25,"column":68}},"7":{"start":{"line":29,"column":27},"end":{"line":29,"column":58}},"8":{"start":{"line":32,"column":19},"end":{"line":40,"column":18}},"9":{"start":{"line":42,"column":17},"end":{"line":42,"column":26}},"10":{"start":{"line":43,"column":18},"end":{"line":43,"column":52}},"11":{"start":{"line":45,"column":4},"end":{"line":54,"column":7}},"12":{"start":{"line":56,"column":4},"end":{"line":56,"column":48}},"13":{"start":{"line":57,"column":4},"end":{"line":57,"column":59}},"14":{"start":{"line":62,"column":0},"end":{"line":102,"column":3}},"15":{"start":{"line":63,"column":2},"end":{"line":101,"column":3}},"16":{"start":{"line":64,"column":39},"end":{"line":64,"column":47}},"17":{"start":{"line":67,"column":19},"end":{"line":72,"column":14}},"18":{"start":{"line":74,"column":4},"end":{"line":76,"column":5}},"19":{"start":{"line":75,"column":6},"end":{"line":75,"column":68}},"20":{"start":{"line":78,"column":17},"end":{"line":78,"column":26}},"21":{"start":{"line":81,"column":26},"end":{"line":81,"column":71}},"22":{"start":{"line":82,"column":4},"end":{"line":84,"column":5}},"23":{"start":{"line":83,"column":6},"end":{"line":83,"column":68}},"24":{"start":{"line":86,"column":18},"end":{"line":86,"column":52}},"25":{"start":{"line":88,"column":4},"end":{"line":97,"column":7}},"26":{"start":{"line":99,"column":4},"end":{"line":99,"column":41}},"27":{"start":{"line":100,"column":4},"end":{"line":100,"column":52}},"28":{"start":{"line":105,"column":0},"end":{"line":121,"column":3}},"29":{"start":{"line":106,"column":2},"end":{"line":120,"column":3}},"30":{"start":{"line":107,"column":19},"end":{"line":107,"column":106}},"31":{"start":{"line":109,"column":4},"end":{"line":111,"column":5}},"32":{"start":{"line":110,"column":6},"end":{"line":110,"column":63}},"33":{"start":{"line":113,"column":17},"end":{"line":113,"column":26}},"34":{"start":{"line":114,"column":4},"end":{"line":114,"column":25}},"35":{"start":{"line":116,"column":4},"end":{"line":116,"column":19}},"36":{"start":{"line":118,"column":4},"end":{"line":118,"column":43}},"37":{"start":{"line":119,"column":4},"end":{"line":119,"column":63}},"38":{"start":{"line":124,"column":0},"end":{"line":150,"column":3}},"39":{"start":{"line":125,"column":2},"end":{"line":149,"column":3}},"40":{"start":{"line":126,"column":41},"end":{"line":126,"column":49}},"41":{"start":{"line":128,"column":19},"end":{"line":136,"column":18}},"42":{"start":{"line":138,"column":4},"end":{"line":140,"column":5}},"43":{"start":{"line":139,"column":6},"end":{"line":139,"column":63}},"44":{"start":{"line":142,"column":17},"end":{"line":142,"column":26}},"45":{"start":{"line":143,"column":4},"end":{"line":143,"column":25}},"46":{"start":{"line":145,"column":4},"end":{"line":145,"column":19}},"47":{"start":{"line":147,"column":4},"end":{"line":147,"column":42}},"48":{"start":{"line":148,"column":4},"end":{"line":148,"column":64}},"49":{"start":{"line":153,"column":0},"end":{"line":164,"column":3}},"50":{"start":{"line":154,"column":16},"end":{"line":154,"column":52}},"51":{"start":{"line":155,"column":2},"end":{"line":163,"column":5}}},"fnMap":{"0":{"name":"(anonymous_0)","decl":{"start":{"line":12,"column":60},"end":{"line":12,"column":61}},"loc":{"start":{"line":12,"column":80},"end":{"line":59,"column":1}},"line":12},"1":{"name":"(anonymous_1)","decl":{"start":{"line":62,"column":54},"end":{"line":62,"column":55}},"loc":{"start":{"line":62,"column":74},"end":{"line":102,"column":1}},"line":62},"2":{"name":"(anonymous_2)","decl":{"start":{"line":105,"column":45},"end":{"line":105,"column":46}},"loc":{"start":{"line":105,"column":65},"end":{"line":121,"column":1}},"line":105},"3":{"name":"(anonymous_3)","decl":{"start":{"line":124,"column":45},"end":{"line":124,"column":46}},"loc":{"start":{"line":124,"column":65},"end":{"line":150,"column":1}},"line":124},"4":{"name":"(anonymous_4)","decl":{"start":{"line":153,"column":27},"end":{"line":153,"column":28}},"loc":{"start":{"line":153,"column":41},"end":{"line":164,"column":1}},"line":153}},"branchMap":{"0":{"loc":{"start":{"line":19,"column":8},"end":{"line":19,"column":50}},"type":"cond-expr","locations":[{"start":{"line":19,"column":16},"end":{"line":19,"column":38}},{"start":{"line":19,"column":41},"end":{"line":19,"column":50}}],"line":19},"1":{"loc":{"start":{"line":20,"column":8},"end":{"line":20,"column":50}},"type":"cond-expr","locations":[{"start":{"line":20,"column":16},"end":{"line":20,"column":38}},{"start":{"line":20,"column":41},"end":{"line":20,"column":50}}],"line":20},"2":{"loc":{"start":{"line":24,"column":4},"end":{"line":26,"column":5}},"type":"if","locations":[{"start":{"line":24,"column":4},"end":{"line":26,"column":5}},{"start":{},"end":{}}],"line":24},"3":{"loc":{"start":{"line":38,"column":16},"end":{"line":38,"column":53}},"type":"cond-expr","locations":[{"start":{"line":38,"column":27},"end":{"line":38,"column":46}},{"start":{"line":38,"column":49},"end":{"line":38,"column":53}}],"line":38},"4":{"loc":{"start":{"line":69,"column":8},"end":{"line":69,"column":50}},"type":"cond-expr","locations":[{"start":{"line":69,"column":16},"end":{"line":69,"column":38}},{"start":{"line":69,"column":41},"end":{"line":69,"column":50}}],"line":69},"5":{"loc":{"start":{"line":70,"column":8},"end":{"line":70,"column":50}},"type":"cond-expr","locations":[{"start":{"line":70,"column":16},"end":{"line":70,"column":38}},{"start":{"line":70,"column":41},"end":{"line":70,"column":50}}],"line":70},"6":{"loc":{"start":{"line":74,"column":4},"end":{"line":76,"column":5}},"type":"if","locations":[{"start":{"line":74,"column":4},"end":{"line":76,"column":5}},{"start":{},"end":{}}],"line":74},"7":{"loc":{"start":{"line":82,"column":4},"end":{"line":84,"column":5}},"type":"if","locations":[{"start":{"line":82,"column":4},"end":{"line":84,"column":5}},{"start":{},"end":{}}],"line":82},"8":{"loc":{"start":{"line":109,"column":4},"end":{"line":111,"column":5}},"type":"if","locations":[{"start":{"line":109,"column":4},"end":{"line":111,"column":5}},{"start":{},"end":{}}],"line":109},"9":{"loc":{"start":{"line":132,"column":18},"end":{"line":132,"column":55}},"type":"cond-expr","locations":[{"start":{"line":132,"column":29},"end":{"line":132,"column":48}},{"start":{"line":132,"column":51},"end":{"line":132,"column":55}}],"line":132},"10":{"loc":{"start":{"line":138,"column":4},"end":{"line":140,"column":5}},"type":"if","locations":[{"start":{"line":138,"column":4},"end":{"line":140,"column":5}},{"start":{},"end":{}}],"line":138}},"s":{"0":0,"1":0,"2":0,"3":0,"4":0,"5":0,"6":0,"7":0,"8":0,"9":0,"10":0,"11":0,"12":0,"13":0,"14":0,"15":0,"16":0,"17":0,"18":0,"19":0,"20":0,"21":0,"22":0,"23":0,"24":0,"25":0,"26":0,"27":0,"28":0,"29":0,"30":0,"31":0,"32":0,"33":0,"34":0,"35":0,"36":0,"37":0,"38":0,"39":0,"40":0,"41":0,"42":0,"43":0,"44":0,"45":0,"46":0,"47":0,"48":0,"49":0,"50":0,"51":0},"f":{"0":0,"1":0,"2":0,"3":0,"4":0},"b":{"0":[0,0],"1":[0,0],"2":[0,0],"3":[0,0],"4":[0,0],"5":[0,0],"6":[0,0],"7":[0,0],"8":[0,0],"9":[0,0],"10":[0,0]}}
,"/Users/atharva_c/Desktop/Farmer HEdging 3/backend/src/routes/autohedge.js": {"path":"/Users/atharva_c/Desktop/Farmer HEdging 3/backend/src/routes/autohedge.js","statementMap":{"0":{"start":{"line":3,"column":15},"end":{"line":3,"column":31}},"1":{"start":{"line":6,"column":18},"end":{"line":23,"column":1}},"2":{"start":{"line":26,"column":21},"end":{"line":26,"column":23}},"3":{"start":{"line":29,"column":0},"end":{"line":33,"column":3}},"4":{"start":{"line":30,"column":21},"end":{"line":30,"column":31}},"5":{"start":{"line":31,"column":26},"end":{"line":31,"column":70}},"6":{"start":{"line":31,"column":50},"end":{"line":31,"column":69}},"7":{"start":{"line":32,"column":2},"end":{"line":32,"column":28}},"8":{"start":{"line":36,"column":0},"end":{"line":42,"column":3}},"9":{"start":{"line":37,"column":21},"end":{"line":37,"column":76}},"10":{"start":{"line":37,"column":43},"end":{"line":37,"column":75}},"11":{"start":{"line":38,"column":2},"end":{"line":40,"column":3}},"12":{"start":{"line":39,"column":4},"end":{"line":39,"column":67}},"13":{"start":{"line":41,"column":2},"end":{"line":41,"column":23}},"14":{"start":{"line":45,"column":0},"end":{"line":67,"column":3}},"15":{"start":{"line":46,"column":68},"end":{"line":46,"column":76}},"16":{"start":{"line":48,"column":21},"end":{"line":63,"column":3}},"17":{"start":{"line":65,"column":2},"end":{"line":65,"column":31}},"18":{"start":{"line":66,"column":2},"end":{"line":66,"column":35}},"19":{"start":{"line":70,"column":0},"end":{"line":84,"column":3}},"20":{"start":{"line":71,"column":21},"end":{"line":71,"column":29}},"21":{"start":{"line":72,"column":21},"end":{"line":72,"column":76}},"22":{"start":{"line":72,"column":43},"end":{"line":72,"column":75}},"23":{"start":{"line":74,"column":2},"end":{"line":76,"column":3}},"24":{"start":{"line":75,"column":4},"end":{"line":75,"column":67}},"25":{"start":{"line":78,"column":2},"end":{"line":78,"column":29}},"26":{"start":{"line":79,"column":2},"end":{"line":81,"column":3}},"27":{"start":{"line":80,"column":4},"end":{"line":80,"column":34}},"28":{"start":{"line":83,"column":2},"end":{"line":83,"column":23}},"29":{"start":{"line":87,"column":0},"end":{"line":111,"column":3}},"30":{"start":{"line":88,"column":22},"end":{"line":88,"column":30}},"31":{"start":{"line":89,"column":21},"end":{"line":89,"column":76}},"32":{"start":{"line":89,"column":43},"end":{"line":89,"column":75}},"33":{"start":{"line":91,"column":2},"end":{"line":93,"column":3}},"34":{"start":{"line":92,"column":4},"end":{"line":92,"column":67}},"35":{"start":{"line":95,"column":20},"end":{"line":102,"column":3}},"36":{"start":{"line":104,"column":2},"end":{"line":104,"column":33}},"37":{"start":{"line":106,"column":2},"end":{"line":110,"column":5}},"38":{"start":{"line":114,"column":0},"end":{"line":118,"column":3}},"39":{"start":{"line":115,"column":23},"end":{"line":115,"column":46}},"40":{"start":{"line":116,"column":18},"end":{"line":116,"column":77}},"41":{"start":{"line":116,"column":45},"end":{"line":116,"column":76}},"42":{"start":{"line":117,"column":2},"end":{"line":117,"column":20}},"43":{"start":{"line":121,"column":0},"end":{"line":137,"column":3}},"44":{"start":{"line":122,"column":21},"end":{"line":122,"column":31}},"45":{"start":{"line":123,"column":26},"end":{"line":123,"column":70}},"46":{"start":{"line":123,"column":50},"end":{"line":123,"column":69}},"47":{"start":{"line":125,"column":24},"end":{"line":125,"column":84}},"48":{"start":{"line":125,"column":59},"end":{"line":125,"column":80}},"49":{"start":{"line":126,"column":28},"end":{"line":126,"column":85}},"50":{"start":{"line":126,"column":56},"end":{"line":126,"column":77}},"51":{"start":{"line":127,"column":25},"end":{"line":127,"column":122}},"52":{"start":{"line":127,"column":60},"end":{"line":127,"column":88}},"53":{"start":{"line":129,"column":2},"end":{"line":136,"column":5}},"54":{"start":{"line":134,"column":6},"end":{"line":134,"column":56}},"55":{"start":{"line":134,"column":32},"end":{"line":134,"column":55}},"56":{"start":{"line":135,"column":25},"end":{"line":135,"column":40}},"57":{"start":{"line":140,"column":0},"end":{"line":169,"column":3}},"58":{"start":{"line":141,"column":28},"end":{"line":141,"column":74}},"59":{"start":{"line":141,"column":52},"end":{"line":141,"column":73}},"60":{"start":{"line":142,"column":19},"end":{"line":142,"column":21}},"61":{"start":{"line":144,"column":2},"end":{"line":162,"column":5}},"62":{"start":{"line":145,"column":25},"end":{"line":145,"column":71}},"63":{"start":{"line":146,"column":25},"end":{"line":146,"column":56}},"64":{"start":{"line":148,"column":20},"end":{"line":155,"column":5}},"65":{"start":{"line":157,"column":4},"end":{"line":157,"column":33}},"66":{"start":{"line":158,"column":4},"end":{"line":158,"column":27}},"67":{"start":{"line":161,"column":4},"end":{"line":161,"column":48}},"68":{"start":{"line":164,"column":2},"end":{"line":168,"column":5}},"69":{"start":{"line":172,"column":0},"end":{"line":187,"column":3}},"70":{"start":{"line":173,"column":16},"end":{"line":173,"column":76}},"71":{"start":{"line":173,"column":43},"end":{"line":173,"column":75}},"72":{"start":{"line":175,"column":2},"end":{"line":177,"column":3}},"73":{"start":{"line":176,"column":4},"end":{"line":176,"column":67}},"74":{"start":{"line":179,"column":21},"end":{"line":179,"column":39}},"75":{"start":{"line":180,"column":2},"end":{"line":180,"column":34}},"76":{"start":{"line":181,"column":2},"end":{"line":181,"column":33}},"77":{"start":{"line":183,"column":2},"end":{"line":186,"column":5}}},"fnMap":{"0":{"name":"(anonymous_0)","decl":{"start":{"line":29,"column":35},"end":{"line":29,"column":36}},"loc":{"start":{"line":29,"column":49},"end":{"line":33,"column":1}},"line":29},"1":{"name":"(anonymous_1)","decl":{"start":{"line":31,"column":45},"end":{"line":31,"column":46}},"loc":{"start":{"line":31,"column":50},"end":{"line":31,"column":69}},"line":31},"2":{"name":"(anonymous_2)","decl":{"start":{"line":36,"column":30},"end":{"line":36,"column":31}},"loc":{"start":{"line":36,"column":44},"end":{"line":42,"column":1}},"line":36},"3":{"name":"(anonymous_3)","decl":{"start":{"line":37,"column":38},"end":{"line":37,"column":39}},"loc":{"start":{"line":37,"column":43},"end":{"line":37,"column":75}},"line":37},"4":{"name":"(anonymous_4)","decl":{"start":{"line":45,"column":23},"end":{"line":45,"column":24}},"loc":{"start":{"line":45,"column":37},"end":{"line":67,"column":1}},"line":45},"5":{"name":"(anonymous_5)","decl":{"start":{"line":70,"column":39},"end":{"line":70,"column":40}},"loc":{"start":{"line":70,"column":53},"end":{"line":84,"column":1}},"line":70},"6":{"name":"(anonymous_6)","decl":{"start":{"line":72,"column":38},"end":{"line":72,"column":39}},"loc":{"start":{"line":72,"column":43},"end":{"line":72,"column":75}},"line":72},"7":{"name":"(anonymous_7)","decl":{"start":{"line":87,"column":37},"end":{"line":87,"column":38}},"loc":{"start":{"line":87,"column":51},"end":{"line":111,"column":1}},"line":87},"8":{"name":"(anonymous_8)","decl":{"start":{"line":89,"column":38},"end":{"line":89,"column":39}},"loc":{"start":{"line":89,"column":43},"end":{"line":89,"column":75}},"line":89},"9":{"name":"(anonymous_9)","decl":{"start":{"line":114,"column":38},"end":{"line":114,"column":39}},"loc":{"start":{"line":114,"column":52},"end":{"line":118,"column":1}},"line":114},"10":{"name":"(anonymous_10)","decl":{"start":{"line":116,"column":40},"end":{"line":116,"column":41}},"loc":{"start":{"line":116,"column":45},"end":{"line":116,"column":76}},"line":116},"11":{"name":"(anonymous_11)","decl":{"start":{"line":121,"column":29},"end":{"line":121,"column":30}},"loc":{"start":{"line":121,"column":43},"end":{"line":137,"column":1}},"line":121},"12":{"name":"(anonymous_12)","decl":{"start":{"line":123,"column":45},"end":{"line":123,"column":46}},"loc":{"start":{"line":123,"column":50},"end":{"line":123,"column":69}},"line":123},"13":{"name":"(anonymous_13)","decl":{"start":{"line":125,"column":47},"end":{"line":125,"column":48}},"loc":{"start":{"line":125,"column":59},"end":{"line":125,"column":80}},"line":125},"14":{"name":"(anonymous_14)","decl":{"start":{"line":126,"column":51},"end":{"line":126,"column":52}},"loc":{"start":{"line":126,"column":56},"end":{"line":126,"column":77}},"line":126},"15":{"name":"(anonymous_15)","decl":{"start":{"line":127,"column":48},"end":{"line":127,"column":49}},"loc":{"start":{"line":127,"column":60},"end":{"line":127,"column":88}},"line":127},"16":{"name":"(anonymous_16)","decl":{"start":{"line":133,"column":44},"end":{"line":133,"column":45}},"loc":{"start":{"line":134,"column":6},"end":{"line":134,"column":56}},"line":134},"17":{"name":"(anonymous_17)","decl":{"start":{"line":134,"column":27},"end":{"line":134,"column":28}},"loc":{"start":{"line":134,"column":32},"end":{"line":134,"column":55}},"line":134},"18":{"name":"(anonymous_18)","decl":{"start":{"line":135,"column":13},"end":{"line":135,"column":14}},"loc":{"start":{"line":135,"column":25},"end":{"line":135,"column":40}},"line":135},"19":{"name":"(anonymous_19)","decl":{"start":{"line":140,"column":39},"end":{"line":140,"column":40}},"loc":{"start":{"line":140,"column":53},"end":{"line":169,"column":1}},"line":140},"20":{"name":"(anonymous_20)","decl":{"start":{"line":141,"column":47},"end":{"line":141,"column":48}},"loc":{"start":{"line":141,"column":52},"end":{"line":141,"column":73}},"line":141},"21":{"name":"(anonymous_21)","decl":{"start":{"line":144,"column":28},"end":{"line":144,"column":29}},"loc":{"start":{"line":144,"column":42},"end":{"line":162,"column":3}},"line":144},"22":{"name":"(anonymous_22)","decl":{"start":{"line":172,"column":33},"end":{"line":172,"column":34}},"loc":{"start":{"line":172,"column":47},"end":{"line":187,"column":1}},"line":172},"23":{"name":"(anonymous_23)","decl":{"start":{"line":173,"column":38},"end":{"line":173,"column":39}},"loc":{"start":{"line":173,"column":43},"end":{"line":173,"column":75}},"line":173}},"branchMap":{"0":{"loc":{"start":{"line":38,"column":2},"end":{"line":40,"column":3}},"type":"if","locations":[{"start":{"line":38,"column":2},"end":{"line":40,"column":3}},{"start":{},"end":{}}],"line":38},"1":{"loc":{"start":{"line":74,"column":2},"end":{"line":76,"column":3}},"type":"if","locations":[{"start":{"line":74,"column":2},"end":{"line":76,"column":3}},{"start":{},"end":{}}],"line":74},"2":{"loc":{"start":{"line":79,"column":2},"end":{"line":81,"column":3}},"type":"if","locations":[{"start":{"line":79,"column":2},"end":{"line":81,"column":3}},{"start":{},"end":{}}],"line":79},"3":{"loc":{"start":{"line":91,"column":2},"end":{"line":93,"column":3}},"type":"if","locations":[{"start":{"line":91,"column":2},"end":{"line":93,"column":3}},{"start":{},"end":{}}],"line":91},"4":{"loc":{"start":{"line":127,"column":25},"end":{"line":127,"column":122}},"type":"binary-expr","locations":[{"start":{"line":127,"column":25},"end":{"line":127,"column":117}},{"start":{"line":127,"column":121},"end":{"line":127,"column":122}}],"line":127},"5":{"loc":{"start":{"line":175,"column":2},"end":{"line":177,"column":3}},"type":"if","locations":[{"start":{"line":175,"column":2},"end":{"line":177,"column":3}},{"start":{},"end":{}}],"line":175}},"s":{"0":0,"1":0,"2":0,"3":0,"4":0,"5":0,"6":0,"7":0,"8":0,"9":0,"10":0,"11":0,"12":0,"13":0,"14":0,"15":0,"16":0,"17":0,"18":0,"19":0,"20":0,"21":0,"22":0,"23":0,"24":0,"25":0,"26":0,"27":0,"28":0,"29":0,"30":0,"31":0,"32":0,"33":0,"34":0,"35":0,"36":0,"37":0,"38":0,"39":0,"40":0,"41":0,"42":0,"43":0,"44":0,"45":0,"46":0,"47":0,"48":0,"49":0,"50":0,"51":0,"52":0,"53":0,"54":0,"55":0,"56":0,"57":0,"58":0,"59":0,"60":0,"61":0,"62":0,"63":0,"64":0,"65":0,"66":0,"67":0,"68":0,"69":0,"70":0,"71":0,"72":0,"73":0,"74":0,"75":0,"76":0,"77":0},"f":{"0":0,"1":0,"2":0,"3":0,"4":0,"5":0,"6":0,"7":0,"8":0,"9":0,"10":0,"11":0,"12":0,"13":0,"14":0,"15":0,"16":0,"17":0,"18":0,"19":0,"20":0,"21":0,"22":0,"23":0},"b":{"0":[0,0],"1":[0,0],"2":[0,0],"3":[0,0],"4":[0,0],"5":[0,0]}}
,"/Users/atharva_c/Desktop/Farmer HEdging 3/backend/src/routes/community.js": {"path":"/Users/atharva_c/Desktop/Farmer HEdging 3/backend/src/routes/community.js","statementMap":{"0":{"start":{"line":4,"column":15},"end":{"line":4,"column":31}},"1":{"start":{"line":7,"column":0},"end":{"line":15,"column":1}},"2":{"start":{"line":8,"column":2},"end":{"line":14,"column":4}},"3":{"start":{"line":18,"column":13},"end":{"line":59,"column":1}},"4":{"start":{"line":62,"column":16},"end":{"line":99,"column":1}},"5":{"start":{"line":102,"column":0},"end":{"line":125,"column":3}},"6":{"start":{"line":103,"column":2},"end":{"line":124,"column":3}},"7":{"start":{"line":104,"column":37},"end":{"line":104,"column":46}},"8":{"start":{"line":106,"column":16},"end":{"line":106,"column":42}},"9":{"start":{"line":108,"column":4},"end":{"line":110,"column":5}},"10":{"start":{"line":109,"column":6},"end":{"line":109,"column":57}},"11":{"start":{"line":109,"column":32},"end":{"line":109,"column":55}},"12":{"start":{"line":112,"column":4},"end":{"line":114,"column":33}},"13":{"start":{"line":113,"column":22},"end":{"line":113,"column":67}},"14":{"start":{"line":116,"column":4},"end":{"line":120,"column":7}},"15":{"start":{"line":122,"column":4},"end":{"line":122,"column":50}},"16":{"start":{"line":123,"column":4},"end":{"line":123,"column":61}},"17":{"start":{"line":128,"column":0},"end":{"line":156,"column":3}},"18":{"start":{"line":129,"column":2},"end":{"line":155,"column":3}},"19":{"start":{"line":130,"column":59},"end":{"line":130,"column":67}},"20":{"start":{"line":132,"column":17},"end":{"line":143,"column":5}},"21":{"start":{"line":145,"column":4},"end":{"line":145,"column":42}},"22":{"start":{"line":147,"column":4},"end":{"line":151,"column":7}},"23":{"start":{"line":153,"column":4},"end":{"line":153,"column":49}},"24":{"start":{"line":154,"column":4},"end":{"line":154,"column":61}},"25":{"start":{"line":159,"column":0},"end":{"line":177,"column":3}},"26":{"start":{"line":160,"column":2},"end":{"line":176,"column":3}},"27":{"start":{"line":161,"column":25},"end":{"line":161,"column":34}},"28":{"start":{"line":163,"column":23},"end":{"line":163,"column":27}},"29":{"start":{"line":164,"column":4},"end":{"line":166,"column":5}},"30":{"start":{"line":165,"column":6},"end":{"line":165,"column":63}},"31":{"start":{"line":165,"column":38},"end":{"line":165,"column":61}},"32":{"start":{"line":168,"column":4},"end":{"line":172,"column":7}},"33":{"start":{"line":174,"column":4},"end":{"line":174,"column":49}},"34":{"start":{"line":175,"column":4},"end":{"line":175,"column":60}},"35":{"start":{"line":180,"column":0},"end":{"line":198,"column":3}},"36":{"start":{"line":181,"column":2},"end":{"line":197,"column":3}},"37":{"start":{"line":182,"column":26},"end":{"line":182,"column":35}},"38":{"start":{"line":184,"column":26},"end":{"line":184,"column":33}},"39":{"start":{"line":185,"column":4},"end":{"line":187,"column":5}},"40":{"start":{"line":186,"column":6},"end":{"line":186,"column":57}},"41":{"start":{"line":186,"column":44},"end":{"line":186,"column":55}},"42":{"start":{"line":189,"column":4},"end":{"line":193,"column":7}},"43":{"start":{"line":195,"column":4},"end":{"line":195,"column":52}},"44":{"start":{"line":196,"column":4},"end":{"line":196,"column":63}},"45":{"start":{"line":201,"column":0},"end":{"line":239,"column":3}},"46":{"start":{"line":202,"column":2},"end":{"line":238,"column":3}},"47":{"start":{"line":203,"column":75},"end":{"line":203,"column":83}},"48":{"start":{"line":205,"column":19},"end":{"line":217,"column":5}},"49":{"start":{"line":219,"column":4},"end":{"line":219,"column":53}},"50":{"start":{"line":222,"column":4},"end":{"line":228,"column":62}},"51":{"start":{"line":228,"column":19},"end":{"line":228,"column":60}},"52":{"start":{"line":230,"column":4},"end":{"line":234,"column":7}},"53":{"start":{"line":236,"column":4},"end":{"line":236,"column":59}},"54":{"start":{"line":237,"column":4},"end":{"line":237,"column":71}},"55":{"start":{"line":242,"column":0},"end":{"line":259,"column":3}},"56":{"start":{"line":243,"column":2},"end":{"line":258,"column":3}},"57":{"start":{"line":244,"column":23},"end":{"line":244,"column":33}},"58":{"start":{"line":246,"column":24},"end":{"line":248,"column":68}},"59":{"start":{"line":247,"column":19},"end":{"line":247,"column":48}},"60":{"start":{"line":248,"column":22},"end":{"line":248,"column":67}},"61":{"start":{"line":250,"column":4},"end":{"line":254,"column":7}},"62":{"start":{"line":256,"column":4},"end":{"line":256,"column":60}},"63":{"start":{"line":257,"column":4},"end":{"line":257,"column":71}},"64":{"start":{"line":262,"column":0},"end":{"line":301,"column":3}},"65":{"start":{"line":263,"column":2},"end":{"line":300,"column":3}},"66":{"start":{"line":264,"column":52},"end":{"line":264,"column":60}},"67":{"start":{"line":266,"column":19},"end":{"line":266,"column":65}},"68":{"start":{"line":266,"column":37},"end":{"line":266,"column":64}},"69":{"start":{"line":267,"column":4},"end":{"line":269,"column":5}},"70":{"start":{"line":268,"column":6},"end":{"line":268,"column":65}},"71":{"start":{"line":271,"column":25},"end":{"line":281,"column":5}},"72":{"start":{"line":284,"column":4},"end":{"line":290,"column":62}},"73":{"start":{"line":290,"column":19},"end":{"line"
[...]
":317,"column":50}},"109":{"start":{"line":320,"column":10},"end":{"line":320,"column":52}},"110":{"start":{"line":324,"column":8},"end":{"line":329,"column":11}},"111":{"start":{"line":332,"column":8},"end":{"line":334,"column":9}},"112":{"start":{"line":333,"column":10},"end":{"line":333,"column":64}},"113":{"start":{"line":336,"column":8},"end":{"line":336,"column":66}},"114":{"start":{"line":341,"column":4},"end":{"line":352,"column":14}},"115":{"start":{"line":342,"column":6},"end":{"line":351,"column":7}},"116":{"start":{"line":343,"column":24},"end":{"line":343,"column":62}},"117":{"start":{"line":344,"column":8},"end":{"line":348,"column":11}},"118":{"start":{"line":350,"column":8},"end":{"line":350,"column":67}},"119":{"start":{"line":355,"column":4},"end":{"line":376,"column":14}},"120":{"start":{"line":356,"column":6},"end":{"line":375,"column":7}},"121":{"start":{"line":357,"column":22},"end":{"line":357,"column":70}},"122":{"start":{"line":358,"column":8},"end":{"line":372,"column":9}},"123":{"start":{"line":359,"column":28},"end":{"line":359,"column":68}},"124":{"start":{"line":360,"column":31},"end":{"line":360,"column":72}},"125":{"start":{"line":361,"column":29},"end":{"line":361,"column":87}},"126":{"start":{"line":363,"column":10},"end":{"line":371,"column":13}},"127":{"start":{"line":374,"column":8},"end":{"line":374,"column":69}},"128":{"start":{"line":378,"column":4},"end":{"line":378,"column":89}},"129":{"start":{"line":383,"column":4},"end":{"line":406,"column":5}},"130":{"start":{"line":385,"column":37},"end":{"line":385,"column":67}},"131":{"start":{"line":386,"column":41},"end":{"line":386,"column":75}},"132":{"start":{"line":388,"column":6},"end":{"line":401,"column":7}},"133":{"start":{"line":389,"column":29},"end":{"line":389,"column":70}},"134":{"start":{"line":390,"column":27},"end":{"line":390,"column":85}},"135":{"start":{"line":392,"column":8},"end":{"line":400,"column":11}},"136":{"start":{"line":403,"column":6},"end":{"line":403,"column":77}},"137":{"start":{"line":405,"column":6},"end":{"line":405,"column":63}},"138":{"start":{"line":411,"column":23},"end":{"line":411,"column":46}},"139":{"start":{"line":413,"column":4},"end":{"line":424,"column":7}},"140":{"start":{"line":414,"column":6},"end":{"line":423,"column":7}},"141":{"start":{"line":415,"column":8},"end":{"line":420,"column":9}},"142":{"start":{"line":416,"column":10},"end":{"line":416,"column":34}},"143":{"start":{"line":418,"column":10},"end":{"line":418,"column":67}},"144":{"start":{"line":419,"column":10},"end":{"line":419,"column":38}},"145":{"start":{"line":422,"column":8},"end":{"line":422,"column":36}},"146":{"start":{"line":429,"column":4},"end":{"line":435,"column":5}},"147":{"start":{"line":430,"column":6},"end":{"line":434,"column":7}},"148":{"start":{"line":431,"column":8},"end":{"line":431,"column":45}},"149":{"start":{"line":433,"column":8},"end":{"line":433,"column":65}},"150":{"start":{"line":441,"column":22},"end":{"line":444,"column":6}},"151":{"start":{"line":447,"column":4},"end":{"line":453,"column":5}},"152":{"start":{"line":448,"column":6},"end":{"line":452,"column":9}},"153":{"start":{"line":458,"column":4},"end":{"line":462,"column":7}},"154":{"start":{"line":467,"column":4},"end":{"line":477,"column":7}},"155":{"start":{"line":482,"column":4},"end":{"line":486,"column":7}},"156":{"start":{"line":491,"column":4},"end":{"line":495,"column":7}},"157":{"start":{"line":500,"column":4},"end":{"line":502,"column":5}},"158":{"start":{"line":501,"column":6},"end":{"line":501,"column":46}},"159":{"start":{"line":504,"column":4},"end":{"line":506,"column":5}},"160":{"start":{"line":505,"column":6},"end":{"line":505,"column":45}},"161":{"start":{"line":508,"column":4},"end":{"line":510,"column":5}},"162":{"start":{"line":509,"column":6},"end":{"line":509,"column":49}},"163":{"start":{"line":513,"column":4},"end":{"line":515,"column":7}},"164":{"start":{"line":514,"column":6},"end":{"line":514,"column":21}},"165":{"start":{"line":517,"column":4},"end":{"line":517,"column":25}},"166":{"start":{"line":519,"column":4},"end":{"line":521,"column":5}},"167":{"start":{"line":520,"column":6},"end":{"line":520,"column":23}},"168":{"start":{"line":523,"column":4},"end":{"line":523,"column":47}},"169":{"start":{"line":528,"column":4},"end":{"line":532,"column":6}}},"fnMap":{"0":{"name":"(anonymous_0)","decl":{"start":{"line":6,"column":2},"end":{"line":6,"column":3}},"loc":{"start":{"line":6,"column":16},"end":{"line":13,"column":3}},"line":6},"1":{"name":"(anonymous_1)","decl":{"start":{"line":16,"column":2},"end":{"line":16,"column":3}},"loc":{"start":{"line":16,"column":21},"end":{"line":56,"column":3}},"line":16},"2":{"name":"(anonymous_2)","decl":{"start":{"line":19,"column":30},"end":{"line":19,"column":31}},"loc":{"start":{"line":19,"column":38},"end":{"line":50,"column":5}},"line":19},"3":{"name":"(anonymous_3)","decl":{"start":{"line":27,"column":23},"end":{"line":27,"column":24}},"loc":{"start":{"line":27,"column":36},"end":{"line":34,"column":7}},"line":27},"4":{"name":"(anonymous_4)","decl":{"start":{"line":37,"column":21},"end":{"line":37,"column":22}},"loc":{"start":{"line":37,"column":27},"end":{"line":42,"column":7}},"line":37},"5":{"name":"(anonymous_5)","decl":{"start":{"line":45,"column":21},"end":{"line":45,"column":22}},"loc":{"start":{"line":45,"column":32},"end":{"line":49,"column":7}},"line":45},"6":{"name":"(anonymous_6)","decl":{"start":{"line":59,"column":2},"end":{"line":59,"column":3}},"loc":{"start":{"line":59,"column":37},"end":{"line":66,"column":3}},"line":59},"7":{"name":"(anonymous_7)","decl":{"start":{"line":69,"column":2},"end":{"line":69,"column":3}},"loc":{"start":{"line":69,"column":27},"end":{"line":77,"column":3}},"line":69},"8":{"name":"(anonymous_8)","decl":{"start":{"line":80,"column":2},"end":{"line":80,"column":3}},"loc":{"start":{"line":80,"column":28},"end":{"line":99,"column":3}},"line":80},"9":{"name":"(anonymous_9)","decl":{"start":{"line":102,"column":2},"end":{"line":102,"column":3}},"loc":{"start":{"line":102,"column":35},"end":{"line":140,"column":3}},"line":102},"10":{"name":"(anonymous_10)","decl":{"start":{"line":143,"column":2},"end":{"line":143,"column":3}},"loc":{"start":{"line":143,"column":42},"end":{"line":184,"column":3}},"line":143},"11":{"name":"(anonymous_11)","decl":{"start":{"line":187,"column":2},"end":{"line":187,"column":3}},"loc":{"start":{"line":187,"column":43},"end":{"line":248,"column":3}},"line":187},"12":{"name":"(anonymous_12)","decl":{"start":{"line":251,"column":2},"end":{"line":251,"column":3}},"loc":{"start":{"line":251,"column":34},"end":{"line":269,"column":3}},"line":251},"13":{"name":"(anonymous_13)","decl":{"start":{"line":255,"column":26},"end":{"line":255,"column":27}},"loc":{"start":{"line":255,"column":32},"end":{"line":263,"column":7}},"line":255},"14":{"name":"(anonymous_14)","decl":{"start":{"line":272,"column":2},"end":{"line":272,"column":3}},"loc":{"start":{"line":272,"column":35},"end":{"line":274,"column":3}},"line":272},"15":{"name":"(anonymous_15)","decl":{"start":{"line":277,"column":2},"end":{"line":277,"column":3}},"loc":{"start":{"line":277,"column":37},"end":{"line":279,"column":3}},"line":277},"16":{"name":"(anonymous_16)","decl":{"start":{"line":282,"column":2},"end":{"line":282,"column":3}},"loc":{"start":{"line":282,"column":42},"end":{"line":298,"column":3}},"line":282},"17":{"name":"(anonymous_17)","decl":{"start":{"line":301,"column":2},"end":{"line":301,"column":3}},"loc":{"start":{"line":301,"column":25},"end":{"line":379,"column":3}},"line":301},"18":{"name":"(anonymous_18)","decl":{"start":{"line":306,"column":43},"end":{"line":306,"column":44}},"loc":{"start":{"line":306,"column":55},"end":{"line":338,"column":5}},"line":306},"19":{"name":"(anonymous_19)","decl":{"start":{"line":312,"column":23},"end":{"line":312,"column":24}},"loc":{"start":{"line":312,"column":32},"end":{"line":321,"column":9}},"line":312},"20":{"name":"(anonymous_20)","decl":{"start":{"line":341,"column":42},"end":{"line":341,"column":43}},"loc":{"start":{"line":341,"column":54},"end":{"line":352,"column":5}},"line":341},"21":{"name":"(anonymous_21)","decl":{"start":{"line":355,"column":46},"end":{"line":355,"column":47}},"loc":{"start":{"line":355,"column":58},"end":{"line":376,"column":5}},"line":355},"22":{"name":"(anonymous_22)","decl":{"start":{"line":382,"column":2},"end":{"line":382,"column":3}},"loc":{"start":{"line":382,"column":44},"end":{"line":407,"column":3}},"line":382},"23":{"name":"(anonymous_23)","decl":{"start":{"line":410,"column":2},"end":{"line":410,"column":3}},"loc":{"start":{"line":410,"column":21},"end":{"line":425,"column":3}},"line":410},"24":{"name":"(anonymous_24)","decl":{"start":{"line":413,"column":25},"end":{"line":413,"column":26}},"loc":{"start":{"line":413,"column":35},"end":{"line":424,"column":5}},"line":413},"25":{"name":"(anonymous_25)","decl":{"start":{"line":428,"column":2},"end":{"line":428,"column":3}},"loc":{"start":{"line":428,"column":32},"end":{"line":436,"column":3}},"line":428},"26":{"name":"(anonymous_26)","decl":{"start":{"line":439,"column":2},"end":{"line":439,"column":3}},"loc":{"start":{"line":439,"column":30},"end":{"line":454,"column":3}},"line":439},"27":{"name":"(anonymous_27)","decl":{"start":{"line":457,"column":2},"end":{"line":457,"column":3}},"loc":{"start":{"line":457,"column":38},"end":{"line":463,"column":3}},"line":457},"28":{"name":"(anonymous_28)","decl":{"start":{"line":466,"column":2},"end":{"line":466,"column":3}},"loc":{"start":{"line":466,"column":64},"end":{"line":478,"column":3}},"line":466},"29":{"name":"(anonymous_29)","decl":{"start":{"line":481,"column":2},"end":{"line":481,"column":3}},"loc":{"start":{"line":481,"column":33},"end":{"line":487,"column":3}},"line":481},"30":{"name":"(anonymous_30)","decl":{"start":{"line":490,"column":2},"end":{"line":490,"column":3}},"loc":{"start":{"line":490,"column":28},"end":{"line":496,"column":3}},"line":490},"31":{"name":"(anonymous_31)","decl":{"start":{"line":499,"column":2},"end":{"line":499,"column":3}},"loc":{"start":{"line":499,"column":9},"end":{"line":524,"column":3}},"line":499},"32":{"name":"(anonymous_32)","decl":{"start":{"line":513,"column":25},"end":{"line":513,"column":26}},"loc":{"start":{"line":513,"column":35},"end":{"line":515,"column":5}},"line":513},"33":{"name":"(anonymous_33)","decl":{"start":{"line":527,"column":2},"end":{"line":527,"column":3}},"loc":{"start":{"line":527,"column":13},"end":{"line":533,"column":3}},"line":527}},"branchMap":{"0":{"loc":{"start":{"line":46,"column":42},"end":{"line":46,"column":64}},"type":"binary-expr","locations":[{"start":{"line":46,"column":42},"end":{"line":46,"column":55}},{"start":{"line":46,"column":59},"end":{"line":46,"column":64}}],"line":46},"1":{"loc":{"start":{"line":60,"column":4},"end":{"line":62,"column":5}},"type":"if","locations":[{"start":{"line":60,"column":4},"end":{"line":62,"column":5}},{"start":{},"end":{}}],"line":60},"2":{"loc":{"start":{"line":70,"column":4},"end":{"line":76,"column":5}},"type":"if","locations":[{"start":{"line":70,"column":4},"end":{"line":76,"column":5}},{"start":{},"end":{}}],"line":70},"3":{"loc":{"start":{"line":70,"column":8},"end":{"line":70,"column":56}},"type":"binary-expr","locations":[{"start":{"line":70,"column":8},"end":{"line":70,"column":17}},{"start":{"line":70,"column":21},"end":{"line":70,"column":56}}],"line":70},"4":{"loc":{"start":{"line":72,"column":6},"end":{"line":74,"column":7}},"type":"if","locations":[{"start":{"line":72,"column":6},"end":{"line":74,"column":7}},{"start":{},"end":{}}],"line":72},"5":{"loc":{"start":{"line":103,"column":4},"end":{"line":139,"column":5}},"type":"switch","locations":[{"start":{"line":104,"column":6},"end":{"line":107,"column":14}},{"start":{"line":109,"column":6},"end":{"line":112,"column":14}},{"start":{"line":114,"column":6},"end":{"line":117,"column":14}},{"start":{"line":119,"column":6},"end":{"line":125,"column":14}},{"start":{"line":127,"column":6},"end":{"line":130,"column":14}},{"start":{"line":132,"column":6},"end":{"line":135,"column":14}},{"start":{"line":137,"column":6},"end":{"line":138,"column":59}}],"line":103},"6":{"loc":{"start":{"line":106,"column":29},"end":{"line":106,"column":94}},"type":"binary-expr","locations":[{"start":{"line":106,"column":29},"end":{"line":106,"column":42}},{"start":{"line":106,"column":46},"end":{"line":106,"column":94}}],"line":106},"7":{"loc":{"start":{"line":121,"column":8},"end":{"line":124,"column":9}},"type":"if","locations":[{"start":{"line":121,"column":8},"end":{"line":124,"column":9}},{"start":{},"end":{}}],"line":121},"8":{"loc":{"start":{"line":167,"column":19},"end":{"line":167,"column":39}},"type":"binary-expr","locations":[{"start":{"line":167,"column":19},"end":{"line":167,"column":28}},{"start":{"line":167,"column":32},"end":{"line":167,"column":39}}],"line":167},"9":{"loc":{"start":{"line":169,"column":20},"end":{"line":169,"column":42}},"type":"binary-expr","locations":[{"start":{"line":169,"column":20},"end":{"line":169,"column":29}},{"start":{"line":169,"column":33},"end":{"line":169,"column":42}}],"line":169},"10":{"loc":{"start":{"line":169,"column":77},"end":{"line":169,"column":108}},"type":"binary-expr","locations":[{"start":{"line":169,"column":77},"end":{"line":169,"column":98}},{"start":{"line":169,"column":102},"end":{"line":169,"column":108}}],"line":169},"11":{"loc":{"start":{"line":191,"column":4},"end":{"line":197,"column":5}},"type":"if","locations":[{"start":{"line":191,"column":4},"end":{"line":197,"column":5}},{"start":{},"end":{}}],"line":191},"12":{"loc":{"start":{"line":201,"column":62},"end":{"line":201,"column":96}},"type":"cond-expr","locations":[{"start":{"line":201,"column":73},"end":{"line":201,"column":83}},{"start":{"line":201,"column":86},"end":{"line":201,"column":96}}],"line":201},"13":{"loc":{"start":{"line":204,"column":31},"end":{"line":204,"column":65}},"type":"cond-expr","locations":[{"start":{"line":204,"column":42},"end":{"line":204,"column":52}},{"start":{"line":204,"column":55},"end":{"line":204,"column":65}}],"line":204},"14":{"loc":{"start":{"line":217,"column":17},"end":{"line":219,"column":77}},"type":"cond-expr","locations":[{"start":{"line":218,"column":12},"end":{"line":218,"column":77}},{"start":{"line":219,"column":12},"end":{"line":219,"column":77}}],"line":217},"15":{"loc":{"start":{"line":218,"column":39},"end":{"line":218,"column":74}},"type":"binary-expr","locations":[{"start":{"line":218,"column":39},"end":{"line":218,"column":60}},{"start":{"line":218,"column":64},"end":{"line":218,"column":74}}],"line":218},"16":{"loc":{"start":{"line":219,"column":39},"end":{"line":219,"column":74}},"type":"binary-expr","locations":[{"start":{"line":219,"column":39},"end":{"line":219,"column":60}},{"start":{"line":219,"column":64},"end":{"line":219,"column":74}}],"line":219},"17":{"loc":{"start":{"line":229,"column":16},"end":{"line":229,"column":50}},"type":"cond-expr","locations":[{"start":{"line":229,"column":27},"end":{"line":229,"column":37}},{"start":{"line":229,"column":40},"end":{"line":229,"column":50}}],"line":229},"18":{"loc":{"start":{"line":242,"column":17},"end":{"line":242,"column":96}},"type":"cond-expr","locations":[{"start":{"line":242,"column":28},"end":{"line":242,"column":72}},{"start":{"line":242,"column":75},"end":{"line":242,"column":96}}],"line":242},"19":{"loc":{"start":{"line":253,"column":4},"end":{"line":266,"column":5}},"type":"if","locations":[{"start":{"line":253,"column":4},"end":{"line":266,"column":5}},{"start":{},"end":{}}],"line":253},"20":{"loc":{"start":{"line":253,"column":8},"end":{"line":253,"column":43}},"type":"binary-expr","locations":[{"start":{"line":253,"column":8},"end":{"line":253,"column":19}},{"start":{"line":253,"column":23},"end":{"line":253,"column":43}}],"line":253},"21":{"loc":{"start":{"line":256,"column":8},"end":{"line":262,"column":9}},"type":"if","locations":[{"start":{"line":256,"column":8},"end":{"line":262,"column":9}},{"start":{},"end":{}}],"line":256},"22":{"loc":{"start":{"line":314,"column":10},"end":{"line":319,"column":11}},"type":"if","locations":[{"start":{"line":314,"column":10},"end":{"line":319,"column":11}},{"start":{},"end":{}}],"line":314},"23":{"loc":{"start":{"line":316,"column":12},"end":{"line":318,"column":13}},"type":"if","locations":[{"start":{"line":316,"column":12},"end":{"line":318,"column":13}},{"start":{},"end":{}}],"line":316},"24":{"loc":{"start":{"line":332,"column":8},"end":{"line":334,"column":9}},"type":"if","locations":[{"start":{"line":332,"column":8},"end":{"line":334,"column":9}},{"start":{},"end":{}}],"line":332},"25":{"loc":{"start":{"line":414,"column":6},"end":{"line":423,"column":7}},"type":"if","locations":[{"start":{"line":414,"column":6},"end":{"line":423,"column":7}},{"start":{"line":421,"column":13},"end":{"line":423,"column":7}}],"line":414},"26":{"loc":{"start":{"line":429,"column":4},"end":{"line":435,"column":5}},"type":"if","locations":[{"start":{"line":429,"column":4},"end":{"line":435,"column":5}},{"start":{},"end":{}}],"line":429},"27":{"loc":{"start":{"line":447,"column":4},"end":{"line":453,"column":5}},"type":"if","locations":[{"start":{"line":447,"column":4},"end":{"line":453,"column":5}},{"start":{},"end":{}}],"line":447},"28":{"loc":{"start":{"line":500,"column":4},"end":{"line":502,"column":5}},"type":"if","locations":[{"start":{"line":500,"column":4},"end":{"line":502,"column":5}},{"start":{},"end":{}}],"line":500},"29":{"loc":{"start":{"line":504,"column":4},"end":{"line":506,"column":5}},"type":"if","locations":[{"start":{"line":504,"column":4},"end":{"line":506,"column":5}},{"start":{},"end":{}}],"line":504},"30":{"loc":{"start":{"line":508,"column":4},"end":{"line":510,"column":5}},"type":"if","locations":[{"start":{"line":508,"column":4},"end":{"line":510,"column":5}},{"start":{},"end":{}}],"line":508},"31":{"loc":{"start":{"line":519,"column":4},"end":{"line":521,"column":5}},"type":"if","locations":[{"start":{"line":519,"column":4},"end":{"line":521,"column":5}},{"start":{},"end":{}}],"line":519}},"s":{"0":0,"1":0,"2":0,"3":0,"4":0,"5":0,"6":0,"7":0,"8":0,"9":0,"10":0,"11":0,"12":0,"13":0,"14":0,"15":0,"16":0,"17":0,"18":0,"19":0,"20":0,"21":0,"22":0,"23":0,"24":0,"25":0,"26":0,"27":0,"28":0,"29":0,"30":0,"31":0,"32":0,"33":0,"34":0,"35":0,"36":0,"37":0,"38":0,"39":0,"40":0,"41":0,"42":0,"43":0,"44":0,"45":0,"46":0,"47":0,"48":0,"49":0,"50":0,"51":0,"52":0,"53":0,"54":0,"55":0,"56":0,"57":0,"58":0,"59":0,"60":0,"61":0,"62":0,"63":0,"64":0,"65":0,"66":0,"67":0,"68":0,"69":0,"70":0,"71":0,"72":0,"73":0,"74":0,"75":0,"76":0,"77":0,"78":0,"79":0,"80":0,"81":0,"82":0,"83":0,"84":0,"85":0,"86":0,"87":0,"88":0,"89":0,"90":0,"91":0,"92":0,"93":0,"94":0,"95":0,"96":0,"97":0,"98":0,"99":0,"100":0,"101":0,"102":0,"103":0,"104":0,"105":0,"106":0,"107":0,"108":0,"109":0,"110":0,"111":0,"112":0,"113":0,"114":0,"115":0,"116":0,"117":0,"118":0,"119":0,"120":0,"121":0,"122":0,"123":0,"124":0,"125":0,"126":0,"127":0,"128":0,"129":0,"130":0,"131":0,"132":0,"133":0,"134":0,"135":0,"136":0,"137":0,"138":0,"139":0,"140":0,"141":0,"142":0,"143":0,"144":0,"145":0,"146":0,"147":0,"148":0,"149":0,"150":0,"151":0,"152":0,"153":0,"154":0,"155":0,"156":0,"157":0,"158":0,"159":0,"160":0,"161":0,"162":0,"163":0,"164":0,"165":0,"166":0,"167":0,"168":0,"169":0},"f":{"0":0,"1":0,"2":0,"3":0,"4":0,"5":0,"6":0,"7":0,"8":0,"9":0,"10":0,"11":0,"12":0,"13":0,"14":0,"15":0,"16":0,"17":0,"18":0,"19":0,"20":0,"21":0,"22":0,"23":0,"24":0,"25":0,"26":0,"27":0,"28":0,"29":0,"30":0,"31":0,"32":0,"33":0},"b":{"0":[0,0],"1":[0,0],"2":[0,0],"3":[0,0],"4":[0,0],"5":[0,0,0,0,0,0,0],"6":[0,0],"7":[0,0],"8":[0,0],"9":[0,0],"10":[0,0],"11":[0,0],"12":[0,0],"13":[0,0],"14":[0,0],"15":[0,0],"16":[0,0],"17":[0,0],"18":[0,0],"19":[0,0],"20":[0,0],"21":[0,0],"22":[0,0],"23":[0,0],"24":[0,0],"25":[0,0],"26":[0,0],"27":[0,0],"28":[0,0],"29":[0,0],"30":[0,0],"31":[0,0]}}
}
