TN:
SF:src/server.js
FN:38,(anonymous_0)
FN:44,(anonymous_1)
FN:73,(anonymous_2)
FN:78,(anonymous_3)
FN:83,(anonymous_4)
FN:94,(anonymous_5)
FNF:6
FNH:0
FNDA:0,(anonymous_0)
FNDA:0,(anonymous_1)
FNDA:0,(anonymous_2)
FNDA:0,(anonymous_3)
FNDA:0,(anonymous_4)
FNDA:0,(anonymous_5)
DA:8,0
DA:28,0
DA:29,0
DA:30,0
DA:33,0
DA:34,0
DA:35,0
DA:38,0
DA:39,0
DA:40,0
DA:44,0
DA:45,0
DA:46,0
DA:55,0
DA:56,0
DA:57,0
DA:58,0
DA:59,0
DA:60,0
DA:61,0
DA:62,0
DA:63,0
DA:64,0
DA:65,0
DA:66,0
DA:67,0
DA:68,0
DA:69,0
DA:70,0
DA:73,0
DA:74,0
DA:78,0
DA:79,0
DA:83,0
DA:84,0
DA:85,0
DA:91,0
DA:94,0
DA:95,0
DA:96,0
DA:97,0
DA:98,0
DA:99,0
DA:100,0
DA:101,0
DA:102,0
DA:103,0
DA:104,0
DA:105,0
DA:106,0
DA:107,0
DA:108,0
DA:109,0
DA:110,0
DA:111,0
DA:112,0
DA:113,0
DA:116,0
DA:117,0
DA:119,0
DA:120,0
DA:121,0
DA:123,0
LF:63
LH:0
BRDA:30,0,0,0
BRDA:30,0,1,0
BRDA:49,1,0,0
BRDA:49,1,1,0
BRDA:50,2,0,0
BRDA:50,2,1,0
BRDA:85,3,0,0
BRDA:85,3,1,0
BRDA:86,4,0,0
BRDA:86,4,1,0
BRDA:119,5,0,0
BRDA:119,5,1,0
BRF:12
BRH:0
end_of_record
TN:
SF:src/db/index.js
FN:28,(anonymous_0)
FNF:1
FNH:0
FNDA:0,(anonymous_0)
DA:3,1
DA:8,1
DA:11,1
DA:12,1
DA:14,1
DA:15,1
DA:17,1
DA:18,1
DA:24,1
DA:28,1
DA:29,0
DA:30,0
DA:31,0
DA:34,0
DA:35,0
DA:36,0
DA:37,0
DA:38,0
DA:40,0
DA:41,0
LF:20
LH:10
BRDA:15,0,0,1
BRDA:15,0,1,0
BRDA:17,1,0,1
BRDA:17,1,1,0
BRDA:29,2,0,0
BRDA:29,2,1,0
BRDA:29,3,0,0
BRDA:29,3,1,0
BRF:8
BRH:2
end_of_record
TN:
SF:src/db/schema.js
FN:32,(anonymous_0)
FN:47,(anonymous_1)
FN:64,(anonymous_2)
FN:89,(anonymous_3)
FN:105,(anonymous_4)
FN:128,(anonymous_5)
FN:129,(anonymous_6)
FN:143,(anonymous_7)
FN:157,(anonymous_8)
FN:169,(anonymous_9)
FN:170,(anonymous_10)
FN:182,(anonymous_11)
FN:183,(anonymous_12)
FN:195,(anonymous_13)
FN:206,(anonymous_14)
FN:207,(anonymous_15)
FN:215,(anonymous_16)
FN:227,(anonymous_17)
FNF:18
FNH:0
FNDA:0,(anonymous_0)
FNDA:0,(anonymous_1)
FNDA:0,(anonymous_2)
FNDA:0,(anonymous_3)
FNDA:0,(anonymous_4)
FNDA:0,(anonymous_5)
FNDA:0,(anonymous_6)
FNDA:0,(anonymous_7)
FNDA:0,(anonymous_8)
FNDA:0,(anonymous_9)
FNDA:0,(anonymous_10)
FNDA:0,(anonymous_11)
FNDA:0,(anonymous_12)
FNDA:0,(anonymous_13)
FNDA:0,(anonymous_14)
FNDA:0,(anonymous_15)
FNDA:0,(anonymous_16)
FNDA:0,(anonymous_17)
DA:4,1
DA:18,1
DA:30,1
DA:32,0
DA:45,1
DA:47,0
DA:62,1
DA:64,0
DA:75,1
DA:87,1
DA:89,0
DA:103,1
DA:105,0
DA:113,1
DA:126,1
DA:128,0
DA:129,0
DA:141,1
DA:143,0
DA:155,1
DA:157,0
DA:167,1
DA:169,0
DA:170,0
DA:180,1
DA:182,0
DA:183,0
DA:193,1
DA:195,0
DA:204,1
DA:206,0
DA:207,0
DA:213,1
DA:215,0
DA:225,1
DA:227,0
LF:36
LH:18
BRF:0
BRH:0
end_of_record
TN:
SF:src/db/supabase.js
FN:27,(anonymous_0)
FNF:1
FNH:0
FNDA:0,(anonymous_0)
DA:4,0
DA:6,0
DA:7,0
DA:9,0
DA:10,0
DA:13,0
DA:27,0
LF:7
LH:0
BRDA:6,0,0,0
BRDA:6,0,1,0
BRDA:7,1,0,0
BRDA:7,1,1,0
BRDA:7,1,2,0
BRDA:9,2,0,0
BRDA:9,2,1,0
BRDA:9,3,0,0
BRDA:9,3,1,0
BRDA:13,4,0,0
BRDA:13,4,1,0
BRDA:13,5,0,0
BRDA:13,5,1,0
BRF:13
BRH:0
end_of_record
TN:
SF:src/middleware/auth.js
FN:6,(anonymous_0)
FN:15,(anonymous_1)
FN:24,(anonymous_2)
FN:41,(anonymous_3)
FNF:4
FNH:0
FNDA:0,(anonymous_0)
FNDA:0,(anonymous_1)
FNDA:0,(anonymous_2)
FNDA:0,(anonymous_3)
DA:3,0
DA:6,0
DA:7,0
DA:15,0
DA:16,0
DA:17,0
DA:19,0
DA:24,0
DA:25,0
DA:27,0
DA:28,0
DA:31,0
DA:32,0
DA:33,0
DA:36,0
DA:37,0
DA:41,0
DA:42,0
DA:44,0
DA:45,0
DA:46,0
DA:47,0
DA:51,0
LF:23
LH:0
BRDA:3,0,0,0
BRDA:3,0,1,0
BRDA:27,1,0,0
BRDA:27,1,1,0
BRDA:32,2,0,0
BRDA:32,2,1,0
BRDA:44,3,0,0
BRDA:44,3,1,0
BRDA:46,4,0,0
BRDA:46,4,1,0
BRF:10
BRH:0
end_of_record
TN:
SF:src/middleware/rateLimiter.js
FN:3,(anonymous_0)
FN:9,(anonymous_1)
FN:10,(anonymous_2)
FN:21,(anonymous_3)
FN:60,createRateLimiter
FN:64,(anonymous_5)
FN:68,(anonymous_6)
FNF:7
FNH:0
FNDA:0,(anonymous_0)
FNDA:0,(anonymous_1)
FNDA:0,(anonymous_2)
FNDA:0,(anonymous_3)
FNDA:0,createRateLimiter
FNDA:0,(anonymous_5)
FNDA:0,(anonymous_6)
DA:4,0
DA:5,0
DA:10,0
DA:11,0
DA:12,0
DA:13,0
DA:14,0
DA:22,0
DA:23,0
DA:25,0
DA:26,0
DA:30,0
DA:34,0
DA:35,0
DA:39,0
DA:43,0
DA:44,0
DA:52,0
DA:53,0
DA:57,0
DA:64,0
DA:66,0
DA:68,0
DA:69,0
DA:70,0
DA:73,0
DA:74,0
DA:76,0
DA:77,0
DA:78,0
DA:79,0
DA:85,0
DA:90,0
DA:96,0
DA:102,0
LF:35
LH:0
BRDA:13,0,0,0
BRDA:13,0,1,0
BRDA:21,1,0,0
BRDA:21,2,0,0
BRDA:25,3,0,0
BRDA:25,3,1,0
BRDA:34,4,0,0
BRDA:34,4,1,0
BRDA:43,5,0,0
BRDA:43,5,1,0
BRDA:60,6,0,0
BRDA:62,7,0,0
BRDA:63,8,0,0
BRDA:64,9,0,0
BRDA:64,10,0,0
BRDA:64,10,1,0
BRDA:65,11,0,0
BRDA:74,12,0,0
BRDA:74,12,1,0
BRDA:76,13,0,0
BRDA:76,13,1,0
BRF:21
BRH:0
end_of_record
TN:
SF:src/middleware/validation.js
FN:2,(anonymous_0)
FN:3,(anonymous_1)
FN:10,(anonymous_2)
FN:21,(anonymous_3)
FN:27,(anonymous_4)
FN:32,(anonymous_5)
FN:37,(anonymous_6)
FN:42,(anonymous_7)
FN:50,(anonymous_8)
FN:55,(anonymous_9)
FN:61,(anonymous_10)
FN:66,(anonymous_11)
FN:74,(anonymous_12)
FNF:13
FNH:0
FNDA:0,(anonymous_0)
FNDA:0,(anonymous_1)
FNDA:0,(anonymous_2)
FNDA:0,(anonymous_3)
FNDA:0,(anonymous_4)
FNDA:0,(anonymous_5)
FNDA:0,(anonymous_6)
FNDA:0,(anonymous_7)
FNDA:0,(anonymous_8)
FNDA:0,(anonymous_9)
FNDA:0,(anonymous_10)
FNDA:0,(anonymous_11)
FNDA:0,(anonymous_12)
DA:2,0
DA:3,0
DA:4,0
DA:5,0
DA:6,0
DA:7,0
DA:8,0
DA:10,0
DA:13,0
DA:14,0
DA:19,0
DA:22,0
DA:23,0
DA:24,0
DA:25,0
DA:27,0
DA:33,0
DA:34,0
DA:35,0
DA:37,0
DA:43,0
DA:44,0
DA:45,0
DA:46,0
DA:47,0
DA:48,0
DA:50,0
DA:56,0
DA:57,0
DA:58,0
DA:59,0
DA:61,0
DA:67,0
DA:68,0
DA:69,0
DA:70,0
DA:71,0
DA:74,0
LF:38
LH:0
BRDA:6,0,0,0
BRDA:6,0,1,0
BRDA:23,1,0,0
BRDA:23,1,1,0
BRDA:23,2,0,0
BRDA:23,2,1,0
BRDA:24,3,0,0
BRDA:24,3,1,0
BRDA:24,4,0,0
BRDA:24,4,1,0
BRDA:25,5,0,0
BRDA:25,5,1,0
BRDA:27,6,0,0
BRDA:27,6,1,0
BRDA:34,7,0,0
BRDA:34,7,1,0
BRDA:34,8,0,0
BRDA:34,8,1,0
BRDA:35,9,0,0
BRDA:35,9,1,0
BRDA:37,10,0,0
BRDA:37,10,1,0
BRDA:44,11,0,0
BRDA:44,11,1,0
BRDA:45,12,0,0
BRDA:45,12,1,0
BRDA:46,13,0,0
BRDA:46,13,1,0
BRDA:46,14,0,0
BRDA:46,14,1,0
BRDA:47,15,0,0
BRDA:47,15,1,0
BRDA:47,16,0,0
BRDA:47,16,1,0
BRDA:48,17,0,0
BRDA:48,17,1,0
BRDA:48,18,0,0
BRDA:48,18,1,0
BRDA:50,19,0,0
BRDA:50,19,1,0
BRDA:57,20,0,0
BRDA:57,20,1,0
BRDA:58,21,0,0
BRDA:58,21,1,0
BRDA:58,22,0,0
BRDA:58,22,1,0
BRDA:59,23,0,0
BRDA:59,23,1,0
BRDA:59,24,0,0
BRDA:59,24,1,0
BRDA:61,25,0,0
BRDA:61,25,1,0
BRDA:68,26,0,0
BRDA:68,26,1,0
BRDA:69,27,0,0
BRDA:69,27,1,0
BRDA:69,28,0,0
BRDA:69,28,1,0
BRDA:70,29,0,0
BRDA:70,29,1,0
BRDA:70,30,0,0
BRDA:70,30,1,0
BRDA:74,31,0,0
BRDA:74,31,1,0
BRF:64
BRH:0
end_of_record
TN:
SF:src/routes/ai.js
FN:8,(anonymous_0)
FN:25,(anonymous_1)
FN:38,(anonymous_2)
FN:58,(anonymous_3)
FN:70,(anonymous_4)
FN:97,(anonymous_5)
FN:112,(anonymous_6)
FN:121,(anonymous_7)
FN:132,(anonymous_8)
FNF:9
FNH:0
FNDA:0,(anonymous_0)
FNDA:0,(anonymous_1)
FNDA:0,(anonymous_2)
FNDA:0,(anonymous_3)
FNDA:0,(anonymous_4)
FNDA:0,(anonymous_5)
FNDA:0,(anonymous_6)
FNDA:0,(anonymous_7)
FNDA:0,(anonymous_8)
DA:5,0
DA:8,0
DA:9,0
DA:10,0
DA:12,0
DA:13,0
DA:16,0
DA:17,0
DA:19,0
DA:20,0
DA:25,0
DA:26,0
DA:27,0
DA:29,0
DA:30,0
DA:34,0
DA:37,0
DA:38,0
DA:39,0
DA:41,0
DA:42,0
DA:44,0
DA:52,0
DA:53,0
DA:58,0
DA:59,0
DA:60,0
DA:61,0
DA:62,0
DA:64,0
DA:65,0
DA:70,0
DA:71,0
DA:72,0
DA:73,0
DA:75,0
DA:80,0
DA:91,0
DA:92,0
DA:97,0
DA:98,0
DA:99,0
DA:100,0
DA:101,0
DA:103,0
DA:104,0
DA:106,0
DA:107,0
DA:112,0
DA:113,0
DA:114,0
DA:116,0
DA:117,0
DA:120,0
DA:121,0
DA:124,0
DA:126,0
DA:127,0
DA:132,0
DA:133,0
DA:134,0
DA:136,0
DA:139,0
DA:140,0
DA:150,0
DA:152,0
DA:153,0
LF:67
LH:0
BRDA:10,0,0,0
BRDA:12,1,0,0
BRDA:12,1,1,0
BRDA:29,2,0,0
BRDA:29,2,1,0
BRDA:41,3,0,0
BRDA:41,3,1,0
BRDA:42,4,0,0
BRDA:42,4,1,0
BRDA:73,5,0,0
BRDA:73,5,1,0
BRDA:86,6,0,0
BRDA:86,6,1,0
BRDA:100,7,0,0
BRDA:100,7,1,0
BRDA:101,8,0,0
BRDA:101,8,1,0
BRDA:114,9,0,0
BRDA:116,10,0,0
BRDA:116,10,1,0
BRDA:116,11,0,0
BRDA:116,11,1,0
BRDA:134,12,0,0
BRDA:139,13,0,0
BRDA:139,13,1,0
BRF:25
BRH:0
end_of_record
TN:
SF:src/routes/auth.js
FN:12,(anonymous_0)
FN:62,(anonymous_1)
FN:105,(anonymous_2)
FN:124,(anonymous_3)
FN:153,(anonymous_4)
FNF:5
FNH:0
FNDA:0,(anonymous_0)
FNDA:0,(anonymous_1)
FNDA:0,(anonymous_2)
FNDA:0,(anonymous_3)
FNDA:0,(anonymous_4)
DA:9,0
DA:12,0
DA:13,0
DA:14,0
DA:17,0
DA:24,0
DA:25,0
DA:29,0
DA:32,0
DA:42,0
DA:43,0
DA:45,0
DA:56,0
DA:57,0
DA:62,0
DA:63,0
DA:64,0
DA:67,0
DA:74,0
DA:75,0
DA:78,0
DA:81,0
DA:82,0
DA:83,0
DA:86,0
DA:88,0
DA:99,0
DA:100,0
DA:105,0
DA:106,0
DA:107,0
DA:109,0
DA:110,0
DA:113,0
DA:114,0
DA:116,0
DA:118,0
DA:119,0
DA:124,0
DA:125,0
DA:126,0
DA:128,0
DA:138,0
DA:139,0
DA:142,0
DA:143,0
DA:145,0
DA:147,0
DA:148,0
DA:153,0
DA:154,0
DA:155,0
LF:52
LH:0
BRDA:19,0,0,0
BRDA:19,0,1,0
BRDA:20,1,0,0
BRDA:20,1,1,0
BRDA:24,2,0,0
BRDA:24,2,1,0
BRDA:38,3,0,0
BRDA:38,3,1,0
BRDA:69,4,0,0
BRDA:69,4,1,0
BRDA:70,5,0,0
BRDA:70,5,1,0
BRDA:74,6,0,0
BRDA:74,6,1,0
BRDA:82,7,0,0
BRDA:82,7,1,0
BRDA:109,8,0,0
BRDA:109,8,1,0
BRDA:132,9,0,0
BRDA:132,9,1,0
BRDA:138,10,0,0
BRDA:138,10,1,0
BRF:22
BRH:0
end_of_record
TN:
SF:src/routes/autohedge.js
FN:29,(anonymous_0)
FN:31,(anonymous_1)
FN:36,(anonymous_2)
FN:37,(anonymous_3)
FN:45,(anonymous_4)
FN:70,(anonymous_5)
FN:72,(anonymous_6)
FN:87,(anonymous_7)
FN:89,(anonymous_8)
FN:114,(anonymous_9)
FN:116,(anonymous_10)
FN:121,(anonymous_11)
FN:123,(anonymous_12)
FN:125,(anonymous_13)
FN:126,(anonymous_14)
FN:127,(anonymous_15)
FN:133,(anonymous_16)
FN:134,(anonymous_17)
FN:135,(anonymous_18)
FN:140,(anonymous_19)
FN:141,(anonymous_20)
FN:144,(anonymous_21)
FN:172,(anonymous_22)
FN:173,(anonymous_23)
FNF:24
FNH:0
FNDA:0,(anonymous_0)
FNDA:0,(anonymous_1)
FNDA:0,(anonymous_2)
FNDA:0,(anonymous_3)
FNDA:0,(anonymous_4)
FNDA:0,(anonymous_5)
FNDA:0,(anonymous_6)
FNDA:0,(anonymous_7)
FNDA:0,(anonymous_8)
FNDA:0,(anonymous_9)
FNDA:0,(anonymous_10)
FNDA:0,(anonymous_11)
FNDA:0,(anonymous_12)
FNDA:0,(anonymous_13)
FNDA:0,(anonymous_14)
FNDA:0,(anonymous_15)
FNDA:0,(anonymous_16)
FNDA:0,(anonymous_17)
FNDA:0,(anonymous_18)
FNDA:0,(anonymous_19)
FNDA:0,(anonymous_20)
FNDA:0,(anonymous_21)
FNDA:0,(anonymous_22)
FNDA:0,(anonymous_23)
DA:3,0
DA:6,0
DA:26,0
DA:29,0
DA:30,0
DA:31,0
DA:32,0
DA:36,0
DA:37,0
DA:38,0
DA:39,0
DA:41,0
DA:45,0
DA:46,0
DA:48,0
DA:65,0
DA:66,0
DA:70,0
DA:71,0
DA:72,0
DA:74,0
DA:75,0
DA:78,0
DA:79,0
DA:80,0
DA:83,0
DA:87,0
DA:88,0
DA:89,0
DA:91,0
DA:92,0
DA:95,0
DA:104,0
DA:106,0
DA:114,0
DA:115,0
DA:116,0
DA:117,0
DA:121,0
DA:122,0
DA:123,0
DA:125,0
DA:126,0
DA:127,0
DA:129,0
DA:134,0
DA:135,0
DA:140,0
DA:141,0
DA:142,0
DA:144,0
DA:145,0
DA:146,0
DA:148,0
DA:157,0
DA:158,0
DA:161,0
DA:164,0
DA:172,0
DA:173,0
DA:175,0
DA:176,0
DA:179,0
DA:180,0
DA:181,0
DA:183,0
LF:66
LH:0
BRDA:38,0,0,0
BRDA:38,0,1,0
BRDA:74,1,0,0
BRDA:74,1,1,0
BRDA:79,2,0,0
BRDA:79,2,1,0
BRDA:91,3,0,0
BRDA:91,3,1,0
BRDA:127,4,0,0
BRDA:127,4,1,0
BRDA:175,5,0,0
BRDA:175,5,1,0
BRF:12
BRH:0
end_of_record
TN:
SF:src/routes/community.js
FN:102,(anonymous_0)
FN:109,(anonymous_1)
FN:113,(anonymous_2)
FN:128,(anonymous_3)
FN:159,(anonymous_4)
FN:165,(anonymous_5)
FN:180,(anonymous_6)
FN:186,(anonymous_7)
FN:201,(anonymous_8)
FN:228,(anonymous_9)
FN:242,(anonymous_10)
FN:247,(anonymous_11)
FN:248,(anonymous_12)
FN:262,(anonymous_13)
FN:266,(anonymous_14)
FN:290,(anonymous_15)
FNF:16
FNH:0
FNDA:0,(anonymous_0)
FNDA:0,(anonymous_1)
FNDA:0,(anonymous_2)
FNDA:0,(anonymous_3)
FNDA:0,(anonymous_4)
FNDA:0,(anonymous_5)
FNDA:0,(anonymous_6)
FNDA:0,(anonymous_7)
FNDA:0,(anonymous_8)
FNDA:0,(anonymous_9)
FNDA:0,(anonymous_10)
FNDA:0,(anonymous_11)
FNDA:0,(anonymous_12)
FNDA:0,(anonymous_13)
FNDA:0,(anonymous_14)
FNDA:0,(anonymous_15)
DA:4,0
DA:7,0
DA:8,0
DA:18,0
DA:62,0
DA:102,0
DA:103,0
DA:104,0
DA:106,0
DA:108,0
DA:109,0
DA:112,0
DA:113,0
DA:116,0
DA:122,0
DA:123,0
DA:128,0
DA:129,0
DA:130,0
DA:132,0
DA:145,0
DA:147,0
DA:153,0
DA:154,0
DA:159,0
DA:160,0
DA:161,0
DA:163,0
DA:164,0
DA:165,0
DA:168,0
DA:174,0
DA:175,0
DA:180,0
DA:181,0
DA:182,0
DA:184,0
DA:185,0
DA:186,0
DA:189,0
DA:195,0
DA:196,0
DA:201,0
DA:202,0
DA:203,0
DA:205,0
DA:219,0
DA:222,0
DA:228,0
DA:230,0
DA:236,0
DA:237,0
DA:242,0
DA:243,0
DA:244,0
DA:246,0
DA:247,0
DA:248,0
DA:250,0
DA:256,0
DA:257,0
DA:262,0
DA:263,0
DA:264,0
DA:266,0
DA:267,0
DA:268,0
DA:271,0
DA:284,0
DA:290,0
DA:292,0
DA:298,0
DA:299,0
LF:73
LH:0
BRDA:7,0,0,0
BRDA:7,0,1,0
BRDA:104,1,0,0
BRDA:108,2,0,0
BRDA:108,2,1,0
BRDA:108,3,0,0
BRDA:108,3,1,0
BRDA:135,4,0,0
BRDA:135,4,1,0
BRDA:138,5,0,0
BRDA:138,5,1,0
BRDA:164,6,0,0
BRDA:164,6,1,0
BRDA:164,7,0,0
BRDA:164,7,1,0
BRDA:185,8,0,0
BRDA:185,8,1,0
BRDA:208,9,0,0
BRDA:208,9,1,0
BRDA:211,10,0,0
BRDA:211,10,1,0
BRDA:212,11,0,0
BRDA:212,11,1,0
BRDA:267,12,0,0
BRDA:267,12,1,0
BRF:25
BRH:0
end_of_record
TN:
SF:src/routes/contracts.js
FN:9,(anonymous_0)
FN:12,(anonymous_1)
FN:31,(anonymous_2)
FN:51,(anonymous_3)
FN:61,(anonymous_4)
FN:70,(anonymous_5)
FN:71,(anonymous_6)
FN:72,(anonymous_7)
FN:73,(anonymous_8)
FN:74,(anonymous_9)
FN:81,(anonymous_10)
FN:82,(anonymous_11)
FN:83,(anonymous_12)
FN:84,(anonymous_13)
FN:85,(anonymous_14)
FN:94,(anonymous_15)
FN:152,(anonymous_16)
FN:176,(anonymous_17)
FN:185,(anonymous_18)
FN:212,(anonymous_19)
FN:224,(anonymous_20)
FN:285,(anonymous_21)
FNF:22
FNH:0
FNDA:0,(anonymous_0)
FNDA:0,(anonymous_1)
FNDA:0,(anonymous_2)
FNDA:0,(anonymous_3)
FNDA:0,(anonymous_4)
FNDA:0,(anonymous_5)
FNDA:0,(anonymous_6)
FNDA:0,(anonymous_7)
FNDA:0,(anonymous_8)
FNDA:0,(anonymous_9)
FNDA:0,(anonymous_10)
FNDA:0,(anonymous_11)
FNDA:0,(anonymous_12)
FNDA:0,(anonymous_13)
FNDA:0,(anonymous_14)
FNDA:0,(anonymous_15)
FNDA:0,(anonymous_16)
FNDA:0,(anonymous_17)
FNDA:0,(anonymous_18)
FNDA:0,(anonymous_19)
FNDA:0,(anonymous_20)
FNDA:0,(anonymous_21)
DA:5,0
DA:7,0
DA:9,0
DA:12,0
DA:13,0
DA:14,0
DA:15,0
DA:17,0
DA:18,0
DA:23,0
DA:24,0
DA:27,0
DA:29,0
DA:31,0
DA:45,0
DA:49,0
DA:50,0
DA:51,0
DA:53,0
DA:55,0
DA:56,0
DA:61,0
DA:62,0
DA:63,0
DA:64,0
DA:65,0
DA:67,0
DA:68,0
DA:70,0
DA:71,0
DA:72,0
DA:73,0
DA:74,0
DA:78,0
DA:79,0
DA:81,0
DA:82,0
DA:83,0
DA:84,0
DA:85,0
DA:88,0
DA:89,0
DA:94,0
DA:95,0
DA:96,0
DA:98,0
DA:99,0
DA:114,0
DA:116,0
DA:130,0
DA:143,0
DA:144,0
DA:146,0
DA:147,0
DA:152,0
DA:153,0
DA:154,0
DA:156,0
DA:157,0
DA:163,0
DA:165,0
DA:176,0
DA:177,0
DA:178,0
DA:180,0
DA:185,0
DA:186,0
DA:187,0
DA:188,0
DA:190,0
DA:191,0
DA:197,0
DA:199,0
DA:201,0
DA:208,0
DA:209,0
DA:212,0
DA:213,0
DA:215,0
DA:216,0
DA:217,0
DA:219,0
DA:224,0
DA:225,0
DA:226,0
DA:227,0
DA:229,0
DA:230,0
DA:236,0
DA:237,0
DA:241,0
DA:253,0
DA:254,0
DA:270,0
DA:277,0
DA:279,0
DA:280,0
DA:285,0
DA:286,0
DA:287,0
DA:288,0
DA:290,0
DA:292,0
DA:298,0
DA:299,0
DA:303,0
DA:312,0
DA:313,0
DA:319,0
DA:320,0
DA:321,0
DA:329,0
DA:330,0
DA:343,0
DA:350,0
DA:352,0
DA:353,0
LF:117
LH:0
BRDA:7,0,0,0
BRDA:7,0,1,0
BRDA:9,1,0,0
BRDA:9,1,1,0
BRDA:17,2,0,0
BRDA:17,2,1,0
BRDA:23,3,0,0
BRDA:23,3,1,0
BRDA:23,4,0,0
BRDA:23,4,1,0
BRDA:29,5,0,0
BRDA:29,5,1,0
BRDA:31,6,0,0
BRDA:31,6,1,0
BRDA:37,7,0,0
BRDA:37,7,1,0
BRDA:42,8,0,0
BRDA:42,8,1,0
BRDA:50,9,0,0
BRDA:50,9,1,0
BRDA:50,10,0,0
BRDA:50,10,1,0
BRDA:63,11,0,0
BRDA:63,11,1,0
BRDA:65,12,0,0
BRDA:65,12,1,0
BRDA:67,13,0,0
BRDA:67,13,1,0
BRDA:73,14,0,0
BRDA:73,14,1,0
BRDA:84,15,0,0
BRDA:84,15,1,0
BRDA:98,16,0,0
BRDA:98,16,1,0
BRDA:108,17,0,0
BRDA:108,17,1,0
BRDA:114,18,0,0
BRDA:114,18,1,0
BRDA:156,19,0,0
BRDA:156,19,1,0
BRDA:163,20,0,0
BRDA:163,20,1,0
BRDA:163,21,0,0
BRDA:163,21,1,0
BRDA:172,22,0,0
BRDA:172,22,1,0
BRDA:177,23,0,0
BRDA:177,23,1,0
BRDA:190,24,0,0
BRDA:190,24,1,0
BRDA:197,25,0,0
BRDA:197,25,1,0
BRDA:208,26,0,0
BRDA:208,26,1,0
BRDA:213,27,0,0
BRDA:213,27,1,0
BRDA:229,28,0,0
BRDA:229,28,1,0
BRDA:236,29,0,0
BRDA:236,29,1,0
BRDA:236,30,0,0
BRDA:236,30,1,0
BRDA:265,31,0,0
BRDA:265,31,1,0
BRDA:290,32,0,0
BRDA:290,32,1,0
BRDA:298,33,0,0
BRDA:298,33,1,0
BRDA:306,34,0,0
BRDA:306,34,1,0
BRDA:312,35,0,0
BRDA:312,35,1,0
BRDA:319,36,0,0
BRDA:319,36,1,0
BRDA:336,37,0,0
BRDA:336,37,1,0
BRDA:346,38,0,0
BRDA:346,38,1,0
BRF:78
BRH:0
end_of_record
TN:
SF:src/routes/dss.js
FN:6,(anonymous_0)
FN:71,(anonymous_1)
FN:98,(anonymous_2)
FN:134,(anonymous_3)
FN:171,generatePriceHistory
FN:190,generateWeatherForecast
FNF:6
FNH:0
FNDA:0,(anonymous_0)
FNDA:0,(anonymous_1)
FNDA:0,(anonymous_2)
FNDA:0,(anonymous_3)
FNDA:0,generatePriceHistory
FNDA:0,generateWeatherForecast
DA:3,0
DA:6,0
DA:7,0
DA:9,0
DA:63,0
DA:65,0
DA:66,0
DA:71,0
DA:72,0
DA:73,0
DA:76,0
DA:90,0
DA:92,0
DA:93,0
DA:98,0
DA:99,0
DA:100,0
DA:103,0
DA:126,0
DA:128,0
DA:129,0
DA:134,0
DA:135,0
DA:136,0
DA:138,0
DA:163,0
DA:165,0
DA:166,0
DA:172,0
DA:173,0
DA:175,0
DA:176,0
DA:177,0
DA:179,0
DA:180,0
DA:187,0
DA:191,0
DA:193,0
DA:194,0
DA:195,0
DA:197,0
DA:209,0
LF:42
LH:0
BRDA:203,0,0,0
BRDA:203,0,1,0
BRF:2
BRH:0
end_of_record
TN:
SF:src/routes/feedback.js
FN:17,(anonymous_0)
FN:46,(anonymous_1)
FN:60,(anonymous_2)
FN:65,(anonymous_3)
FN:66,(anonymous_4)
FN:80,(anonymous_5)
FN:102,(anonymous_6)
FN:116,(anonymous_7)
FN:142,(anonymous_8)
FN:156,(anonymous_9)
FN:182,(anonymous_10)
FN:196,(anonymous_11)
FN:204,(anonymous_12)
FNF:13
FNH:0
FNDA:0,(anonymous_0)
FNDA:0,(anonymous_1)
FNDA:0,(anonymous_2)
FNDA:0,(anonymous_3)
FNDA:0,(anonymous_4)
FNDA:0,(anonymous_5)
FNDA:0,(anonymous_6)
FNDA:0,(anonymous_7)
FNDA:0,(anonymous_8)
FNDA:0,(anonymous_9)
FNDA:0,(anonymous_10)
FNDA:0,(anonymous_11)
FNDA:0,(anonymous_12)
DA:4,0
DA:7,0
DA:8,0
DA:17,0
DA:18,0
DA:19,0
DA:21,0
DA:37,0
DA:40,0
DA:46,0
DA:48,0
DA:54,0
DA:55,0
DA:60,0
DA:61,0
DA:62,0
DA:64,0
DA:65,0
DA:66,0
DA:68,0
DA:74,0
DA:75,0
DA:80,0
DA:81,0
DA:82,0
DA:84,0
DA:93,0
DA:96,0
DA:102,0
DA:104,0
DA:110,0
DA:111,0
DA:116,0
DA:117,0
DA:118,0
DA:120,0
DA:133,0
DA:136,0
DA:142,0
DA:144,0
DA:150,0
DA:151,0
DA:156,0
DA:157,0
DA:158,0
DA:160,0
DA:173,0
DA:176,0
DA:182,0
DA:184,0
DA:190,0
DA:191,0
DA:196,0
DA:197,0
DA:198,0
DA:199,0
DA:200,0
DA:201,0
DA:203,0
DA:204,0
DA:207,0
DA:217,0
DA:222,0
DA:223,0
LF:64
LH:0
BRDA:7,0,0,0
BRDA:7,0,1,0
BRDA:24,1,0,0
BRDA:24,1,1,0
BRDA:25,2,0,0
BRDA:25,2,1,0
BRDA:26,3,0,0
BRDA:26,3,1,0
BRDA:27,4,0,0
BRDA:27,4,1,0
BRDA:30,5,0,0
BRDA:30,5,1,0
BRDA:88,6,0,0
BRDA:88,6,1,0
BRDA:89,7,0,0
BRDA:89,7,1,0
BRDA:123,8,0,0
BRDA:123,8,1,0
BRDA:126,9,0,0
BRDA:126,9,1,0
BRDA:127,10,0,0
BRDA:127,10,1,0
BRDA:128,11,0,0
BRDA:128,11,1,0
BRDA:163,12,0,0
BRDA:163,12,1,0
BRDA:166,13,0,0
BRDA:166,13,1,0
BRDA:167,14,0,0
BRDA:167,14,1,0
BRDA:203,15,0,0
BRDA:203,15,1,0
BRF:32
BRH:0
end_of_record
TN:
SF:src/routes/fpo.js
FN:8,(anonymous_0)
FN:25,(anonymous_1)
FN:38,(anonymous_2)
FN:51,(anonymous_3)
FN:74,(anonymous_4)
FN:85,(anonymous_5)
FN:91,(anonymous_6)
FN:109,(anonymous_7)
FN:122,(anonymous_8)
FN:135,(anonymous_9)
FN:152,(anonymous_10)
FNF:11
FNH:0
FNDA:0,(anonymous_0)
FNDA:0,(anonymous_1)
FNDA:0,(anonymous_2)
FNDA:0,(anonymous_3)
FNDA:0,(anonymous_4)
FNDA:0,(anonymous_5)
FNDA:0,(anonymous_6)
FNDA:0,(anonymous_7)
FNDA:0,(anonymous_8)
FNDA:0,(anonymous_9)
FNDA:0,(anonymous_10)
DA:5,0
DA:8,0
DA:9,0
DA:10,0
DA:11,0
DA:13,0
DA:14,0
DA:17,0
DA:19,0
DA:20,0
DA:25,0
DA:26,0
DA:27,0
DA:28,0
DA:30,0
DA:32,0
DA:33,0
DA:38,0
DA:39,0
DA:40,0
DA:41,0
DA:43,0
DA:45,0
DA:46,0
DA:51,0
DA:52,0
DA:53,0
DA:54,0
DA:56,0
DA:57,0
DA:60,0
DA:66,0
DA:68,0
DA:69,0
DA:74,0
DA:75,0
DA:76,0
DA:77,0
DA:79,0
DA:80,0
DA:85,0
DA:86,0
DA:87,0
DA:90,0
DA:91,0
DA:93,0
DA:94,0
DA:100,0
DA:101,0
DA:103,0
DA:104,0
DA:109,0
DA:110,0
DA:111,0
DA:112,0
DA:114,0
DA:116,0
DA:117,0
DA:122,0
DA:123,0
DA:124,0
DA:125,0
DA:127,0
DA:129,0
DA:130,0
DA:135,0
DA:136,0
DA:137,0
DA:138,0
DA:140,0
DA:141,0
DA:144,0
DA:146,0
DA:147,0
DA:152,0
DA:153,0
DA:154,0
DA:156,0
DA:164,0
DA:173,0
DA:174,0
LF:81
LH:0
BRDA:13,0,0,0
BRDA:13,0,1,0
BRDA:56,1,0,0
BRDA:56,1,1,0
BRDA:56,2,0,0
BRDA:56,2,1,0
BRDA:69,3,0,0
BRDA:69,3,1,0
BRDA:93,4,0,0
BRDA:93,4,1,0
BRDA:140,5,0,0
BRDA:140,5,1,0
BRF:12
BRH:0
end_of_record
TN:
SF:src/routes/hedging.js
FN:9,(anonymous_0)
FN:21,(anonymous_1)
FN:44,(anonymous_2)
FN:67,(anonymous_3)
FN:91,(anonymous_4)
FN:103,(anonymous_5)
FN:121,(anonymous_6)
FN:142,(anonymous_7)
FN:177,(anonymous_8)
FNF:9
FNH:0
FNDA:0,(anonymous_0)
FNDA:0,(anonymous_1)
FNDA:0,(anonymous_2)
FNDA:0,(anonymous_3)
FNDA:0,(anonymous_4)
FNDA:0,(anonymous_5)
FNDA:0,(anonymous_6)
FNDA:0,(anonymous_7)
FNDA:0,(anonymous_8)
DA:6,0
DA:9,0
DA:10,0
DA:11,0
DA:12,0
DA:13,0
DA:15,0
DA:16,0
DA:21,0
DA:22,0
DA:23,0
DA:25,0
DA:26,0
DA:29,0
DA:36,0
DA:38,0
DA:39,0
DA:44,0
DA:45,0
DA:46,0
DA:48,0
DA:49,0
DA:52,0
DA:59,0
DA:61,0
DA:62,0
DA:67,0
DA:68,0
DA:69,0
DA:72,0
DA:78,0
DA:83,0
DA:85,0
DA:86,0
DA:91,0
DA:92,0
DA:93,0
DA:94,0
DA:95,0
DA:97,0
DA:98,0
DA:103,0
DA:104,0
DA:105,0
DA:106,0
DA:108,0
DA:115,0
DA:116,0
DA:121,0
DA:122,0
DA:123,0
DA:124,0
DA:126,0
DA:128,0
DA:136,0
DA:137,0
DA:142,0
DA:143,0
DA:144,0
DA:145,0
DA:153,0
DA:169,0
DA:171,0
DA:172,0
DA:177,0
DA:178,0
DA:179,0
DA:181,0
DA:199,0
DA:201,0
DA:202,0
LF:71
LH:0
BRDA:25,0,0,0
BRDA:25,0,1,0
BRDA:25,1,0,0
BRDA:25,1,1,0
BRDA:25,1,2,0
BRDA:48,2,0,0
BRDA:48,2,1,0
BRDA:48,3,0,0
BRDA:48,3,1,0
BRDA:48,3,2,0
BRDA:48,3,3,0
BRDA:56,4,0,0
BRDA:56,4,1,0
BRDA:111,5,0,0
BRDA:111,5,1,0
BRDA:112,6,0,0
BRDA:112,6,1,0
BRDA:124,7,0,0
BRDA:132,8,0,0
BRDA:132,8,1,0
BRDA:132,9,0,0
BRDA:132,9,1,0
BRDA:133,10,0,0
BRDA:133,10,1,0
BRDA:145,11,0,0
BRF:25
BRH:0
end_of_record
TN:
SF:src/routes/insurance.js
FN:140,(anonymous_0)
FN:154,(anonymous_1)
FN:158,(anonymous_2)
FN:173,(anonymous_3)
FN:177,(anonymous_4)
FN:205,(anonymous_5)
FN:219,(anonymous_6)
FN:223,(anonymous_7)
FN:238,(anonymous_8)
FN:263,(anonymous_9)
FN:277,(anonymous_10)
FN:282,(anonymous_11)
FN:285,(anonymous_12)
FN:289,(anonymous_13)
FN:290,(anonymous_14)
FN:292,(anonymous_15)
FN:294,(anonymous_16)
FN:295,(anonymous_17)
FNF:18
FNH:0
FNDA:0,(anonymous_0)
FNDA:0,(anonymous_1)
FNDA:0,(anonymous_2)
FNDA:0,(anonymous_3)
FNDA:0,(anonymous_4)
FNDA:0,(anonymous_5)
FNDA:0,(anonymous_6)
FNDA:0,(anonymous_7)
FNDA:0,(anonymous_8)
FNDA:0,(anonymous_9)
FNDA:0,(anonymous_10)
FNDA:0,(anonymous_11)
FNDA:0,(anonymous_12)
FNDA:0,(anonymous_13)
FNDA:0,(anonymous_14)
FNDA:0,(anonymous_15)
FNDA:0,(anonymous_16)
FNDA:0,(anonymous_17)
DA:4,0
DA:7,0
DA:8,0
DA:16,0
DA:140,0
DA:141,0
DA:142,0
DA:148,0
DA:149,0
DA:154,0
DA:155,0
DA:156,0
DA:157,0
DA:158,0
DA:161,0
DA:167,0
DA:168,0
DA:173,0
DA:174,0
DA:175,0
DA:177,0
DA:178,0
DA:179,0
DA:182,0
DA:196,0
DA:199,0
DA:205,0
DA:207,0
DA:213,0
DA:214,0
DA:219,0
DA:220,0
DA:221,0
DA:222,0
DA:223,0
DA:226,0
DA:232,0
DA:233,0
DA:238,0
DA:239,0
DA:240,0
DA:242,0
DA:254,0
DA:257,0
DA:263,0
DA:265,0
DA:271,0
DA:272,0
DA:277,0
DA:278,0
DA:279,0
DA:281,0
DA:282,0
DA:284,0
DA:285,0
DA:288,0
DA:289,0
DA:290,0
DA:292,0
DA:294,0
DA:295,0
DA:298,0
DA:303,0
DA:304,0
LF:64
LH:0
BRDA:7,0,0,0
BRDA:7,0,1,0
BRDA:178,1,0,0
BRDA:178,1,1,0
BRDA:290,2,0,0
BRDA:290,2,1,0
BRF:6
BRH:0
end_of_record
TN:
SF:src/routes/learning.js
FN:209,(anonymous_0)
FN:217,(anonymous_1)
FN:218,(anonymous_2)
FN:235,(anonymous_3)
FN:240,(anonymous_4)
FN:251,(anonymous_5)
FN:258,(anonymous_6)
FN:274,(anonymous_7)
FN:281,(anonymous_8)
FN:306,(anonymous_9)
FN:334,(anonymous_10)
FN:355,(anonymous_11)
FN:362,(anonymous_12)
FN:371,(anonymous_13)
FN:388,(anonymous_14)
FN:394,(anonymous_15)
FN:409,(anonymous_16)
FN:417,(anonymous_17)
FN:446,(anonymous_18)
FN:468,(anonymous_19)
FN:473,(anonymous_20)
FN:474,(anonymous_21)
FN:477,(anonymous_22)
FN:481,(anonymous_23)
FN:505,(anonymous_24)
FN:510,(anonymous_25)
FN:513,(anonymous_26)
FN:531,(anonymous_27)
FN:533,(anonymous_28)
FN:551,(anonymous_29)
FN:556,(anonymous_30)
FN:558,(anonymous_31)
FN:559,(anonymous_32)
FN:580,(anonymous_33)
FN:588,(anonymous_34)
FN:589,(anonymous_35)
FN:590,(anonymous_36)
FN:591,(anonymous_37)
FN:592,(anonymous_38)
FN:593,(anonymous_39)
FN:604,(anonymous_40)
FN:612,(anonymous_41)
FN:613,(anonymous_42)
FN:615,(anonymous_43)
FN:650,(anonymous_44)
FN:678,(anonymous_45)
FN:691,(anonymous_46)
FN:754,generateLessonContent
FN:786,checkAchievements
FN:795,(anonymous_49)
FN:810,calculateLearningStreak
FN:817,(anonymous_51)
FN:824,getNextRecommendation
FN:825,(anonymous_53)
FN:825,(anonymous_54)
FN:832,(anonymous_55)
FN:841,getCurrentStep
FN:848,formatTime
FN:854,getRank
FN:862,getNextMilestone
FNF:60
FNH:0
FNDA:0,(anonymous_0)
FNDA:0,(anonymous_1)
FNDA:0,(anonymous_2)
FNDA:0,(anonymous_3)
FNDA:0,(anonymous_4)
FNDA:0,(anonymous_5)
FNDA:0,(anonymous_6)
FNDA:0,(anonymous_7)
FNDA:0,(anonymous_8)
FNDA:0,(anonymous_9)
FNDA:0,(anonymous_10)
FNDA:0,(anonymous_11)
FNDA:0,(anonymous_12)
FNDA:0,(anonymous_13)
FNDA:0,(anonymous_14)
FNDA:0,(anonymous_15)
FNDA:0,(anonymous_16)
FNDA:0,(anonymous_17)
FNDA:0,(anonymous_18)
FNDA:0,(anonymous_19)
FNDA:0,(anonymous_20)
FNDA:0,(anonymous_21)
FNDA:0,(anonymous_22)
FNDA:0,(anonymous_23)
FNDA:0,(anonymous_24)
FNDA:0,(anonymous_25)
FNDA:0,(anonymous_26)
FNDA:0,(anonymous_27)
FNDA:0,(anonymous_28)
FNDA:0,(anonymous_29)
FNDA:0,(anonymous_30)
FNDA:0,(anonymous_31)
FNDA:0,(anonymous_32)
FNDA:0,(anonymous_33)
FNDA:0,(anonymous_34)
FNDA:0,(anonymous_35)
FNDA:0,(anonymous_36)
FNDA:0,(anonymous_37)
FNDA:0,(anonymous_38)
FNDA:0,(anonymous_39)
FNDA:0,(anonymous_40)
FNDA:0,(anonymous_41)
FNDA:0,(anonymous_42)
FNDA:0,(anonymous_43)
FNDA:0,(anonymous_44)
FNDA:0,(anonymous_45)
FNDA:0,(anonymous_46)
FNDA:0,generateLessonContent
FNDA:0,checkAchievements
FNDA:0,(anonymous_49)
FNDA:0,calculateLearningStreak
FNDA:0,(anonymous_51)
FNDA:0,getNextRecommendation
FNDA:0,(anonymous_53)
FNDA:0,(anonymous_54)
FNDA:0,(anonymous_55)
FNDA:0,getCurrentStep
FNDA:0,formatTime
FNDA:0,getRank
FNDA:0,getNextMilestone
DA:16,0
DA:19,0
DA:20,0
DA:31,0
DA:155,0
DA:182,0
DA:209,0
DA:210,0
DA:211,0
DA:214,0
DA:217,0
DA:218,0
DA:219,0
DA:227,0
DA:229,0
DA:230,0
DA:235,0
DA:236,0
DA:237,0
DA:238,0
DA:240,0
DA:241,0
DA:242,0
DA:246,0
DA:249,0
DA:251,0
DA:257,0
DA:258,0
DA:260,0
DA:268,0
DA:269,0
DA:274,0
DA:275,0
DA:276,0
DA:279,0
DA:280,0
DA:281,0
DA:282,0
DA:283,0
DA:284,0
DA:288,0
DA:289,0
DA:293,0
DA:298,0
DA:300,0
DA:301,0
DA:306,0
DA:307,0
DA:308,0
DA:311,0
DA:312,0
DA:314,0
DA:315,0
DA:319,0
DA:320,0
DA:324,0
DA:325,0
DA:326,0
DA:327,0
DA:330,0
DA:331,0
DA:334,0
DA:335,0
DA:336,0
DA:337,0
DA:338,0
DA:339,0
DA:341,0
DA:351,0
DA:354,0
DA:355,0
DA:356,0
DA:358,0
DA:362,0
DA:366,0
DA:367,0
DA:371,0
DA:374,0
DA:382,0
DA:383,0
DA:388,0
DA:389,0
DA:390,0
DA:391,0
DA:394,0
DA:396,0
DA:403,0
DA:404,0
DA:409,0
DA:410,0
DA:411,0
DA:413,0
DA:414,0
DA:417,0
DA:418,0
DA:419,0
DA:420,0
DA:422,0
DA:431,0
DA:432,0
DA:435,0
DA:436,0
DA:439,0
DA:446,0
DA:450,0
DA:452,0
DA:462,0
DA:463,0
DA:468,0
DA:469,0
DA:470,0
DA:472,0
DA:473,0
DA:474,0
DA:475,0
DA:476,0
DA:477,0
DA:481,0
DA:483,0
DA:492,0
DA:493,0
DA:505,0
DA:506,0
DA:507,0
DA:509,0
DA:510,0
DA:511,0
DA:512,0
DA:513,0
DA:517,0
DA:520,0
DA:523,0
DA:525,0
DA:531,0
DA:533,0
DA:536,0
DA:537,0
DA:551,0
DA:552,0
DA:553,0
DA:555,0
DA:556,0
DA:558,0
DA:559,0
DA:560,0
DA:572,0
DA:574,0
DA:575,0
DA:580,0
DA:581,0
DA:582,0
DA:584,0
DA:587,0
DA:588,0
DA:589,0
DA:590,0
DA:591,0
DA:592,0
DA:593,0
DA:596,0
DA:598,0
DA:599,0
DA:604,0
DA:605,0
DA:606,0
DA:608,0
DA:609,0
DA:610,0
DA:612,0
DA:613,0
DA:614,0
DA:615,0
DA:618,0
DA:620,0
DA:633,0
DA:634,0
DA:650,0
DA:651,0
DA:652,0
DA:654,0
DA:655,0
DA:658,0
DA:664,0
DA:666,0
DA:672,0
DA:673,0
DA:678,0
DA:679,0
DA:680,0
DA:681,0
DA:683,0
DA:685,0
DA:686,0
DA:691,0
DA:692,0
DA:749,0
DA:755,0
DA:783,0
DA:787,0
DA:788,0
DA:791,0
DA:792,0
DA:795,0
DA:796,0
DA:803,0
DA:804,0
DA:807,0
DA:812,0
DA:813,0
DA:816,0
DA:817,0
DA:818,0
DA:821,0
DA:825,0
DA:827,0
DA:828,0
DA:832,0
DA:833,0
DA:836,0
DA:842,0
DA:843,0
DA:844,0
DA:845,0
DA:849,0
DA:850,0
DA:851,0
DA:855,0
DA:856,0
DA:857,0
DA:858,0
DA:859,0
DA:863,0
DA:864,0
DA:865,0
DA:866,0
DA:867,0
LF:236
LH:0
BRDA:19,0,0,0
BRDA:19,0,1,0
BRDA:211,1,0,0
BRDA:211,1,1,0
BRDA:214,2,0,0
BRDA:214,2,1,0
BRDA:221,3,0,0
BRDA:221,3,1,0
BRDA:222,4,0,0
BRDA:222,4,1,0
BRDA:238,5,0,0
BRDA:238,5,1,0
BRDA:241,6,0,0
BRDA:241,6,1,0
BRDA:246,7,0,0
BRDA:246,7,1,0
BRDA:249,8,0,0
BRDA:249,8,1,0
BRDA:257,9,0,0
BRDA:257,9,1,0
BRDA:263,10,0,0
BRDA:263,10,1,0
BRDA:264,11,0,0
BRDA:264,11,1,0
BRDA:282,12,0,0
BRDA:282,12,1,0
BRDA:288,13,0,0
BRDA:288,13,1,0
BRDA:311,14,0,0
BRDA:311,14,1,0
BRDA:314,15,0,0
BRDA:314,15,1,0
BRDA:319,16,0,0
BRDA:319,16,1,0
BRDA:324,17,0,0
BRDA:324,17,1,0
BRDA:330,18,0,0
BRDA:330,18,1,0
BRDA:335,19,0,0
BRDA:335,19,1,0
BRDA:339,20,0,0
BRDA:339,20,1,0
BRDA:339,21,0,0
BRDA:339,21,1,0
BRDA:346,22,0,0
BRDA:346,22,1,0
BRDA:354,23,0,0
BRDA:354,23,1,0
BRDA:354,24,0,0
BRDA:354,24,1,0
BRDA:360,25,0,0
BRDA:360,25,1,0
BRDA:379,26,0,0
BRDA:379,26,1,0
BRDA:391,27,0,0
BRDA:391,27,1,0
BRDA:413,28,0,0
BRDA:413,28,1,0
BRDA:420,29,0,0
BRDA:420,29,1,0
BRDA:435,30,0,0
BRDA:435,30,1,0
BRDA:459,31,0,0
BRDA:459,31,1,0
BRDA:472,32,0,0
BRDA:472,32,1,0
BRDA:474,33,0,0
BRDA:474,33,1,0
BRDA:476,34,0,0
BRDA:476,34,1,0
BRDA:481,35,0,0
BRDA:481,35,1,0
BRDA:509,36,0,0
BRDA:509,36,1,0
BRDA:512,37,0,0
BRDA:512,37,1,0
BRDA:523,38,0,0
BRDA:523,38,1,0
BRDA:533,39,0,0
BRDA:533,39,1,0
BRDA:555,40,0,0
BRDA:555,40,1,0
BRDA:562,41,0,0
BRDA:562,41,1,0
BRDA:564,42,0,0
BRDA:564,42,1,0
BRDA:566,43,0,0
BRDA:566,43,1,0
BRDA:584,44,0,0
BRDA:584,44,1,0
BRDA:608,45,0,0
BRDA:608,45,1,0
BRDA:609,46,0,0
BRDA:609,46,1,0
BRDA:610,47,0,0
BRDA:610,47,1,0
BRDA:613,48,0,0
BRDA:613,48,1,0
BRDA:614,49,0,0
BRDA:614,49,1,0
BRDA:654,50,0,0
BRDA:654,50,1,0
BRDA:660,51,0,0
BRDA:660,51,1,0
BRDA:681,52,0,0
BRDA:681,52,1,0
BRDA:778,53,0,0
BRDA:778,53,1,0
BRDA:783,54,0,0
BRDA:783,54,1,0
BRDA:787,55,0,0
BRDA:787,55,1,0
BRDA:795,56,0,0
BRDA:795,56,1,0
BRDA:795,57,0,0
BRDA:795,57,1,0
BRDA:812,58,0,0
BRDA:812,58,1,0
BRDA:813,59,0,0
BRDA:813,59,1,0
BRDA:818,60,0,0
BRDA:818,60,1,0
BRDA:821,61,0,0
BRDA:821,61,1,0
BRDA:827,62,0,0
BRDA:827,62,1,0
BRDA:833,63,0,0
BRDA:833,63,1,0
BRDA:836,64,0,0
BRDA:836,64,1,0
BRDA:842,65,0,0
BRDA:842,65,1,0
BRDA:843,66,0,0
BRDA:843,66,1,0
BRDA:844,67,0,0
BRDA:844,67,1,0
BRDA:855,68,0,0
BRDA:855,68,1,0
BRDA:856,69,0,0
BRDA:856,69,1,0
BRDA:857,70,0,0
BRDA:857,70,1,0
BRDA:858,71,0,0
BRDA:858,71,1,0
BRDA:863,72,0,0
BRDA:863,72,1,0
BRDA:864,73,0,0
BRDA:864,73,1,0
BRDA:865,74,0,0
BRDA:865,74,1,0
BRDA:866,75,0,0
BRDA:866,75,1,0
BRF:152
BRH:0
end_of_record
TN:
SF:src/routes/market.js
FN:12,(anonymous_0)
FN:17,(anonymous_1)
FN:54,(anonymous_2)
FN:59,(anonymous_3)
FN:75,(anonymous_4)
FN:85,(anonymous_5)
FN:108,(anonymous_6)
FN:122,(anonymous_7)
FN:142,(anonymous_8)
FN:153,(anonymous_9)
FN:161,(anonymous_10)
FN:205,(anonymous_11)
FN:216,(anonymous_12)
FN:250,(anonymous_13)
FN:265,(anonymous_14)
FN:334,(anonymous_15)
FN:437,(anonymous_16)
FN:478,(anonymous_17)
FN:653,(anonymous_18)
FNF:19
FNH:0
FNDA:0,(anonymous_0)
FNDA:0,(anonymous_1)
FNDA:0,(anonymous_2)
FNDA:0,(anonymous_3)
FNDA:0,(anonymous_4)
FNDA:0,(anonymous_5)
FNDA:0,(anonymous_6)
FNDA:0,(anonymous_7)
FNDA:0,(anonymous_8)
FNDA:0,(anonymous_9)
FNDA:0,(anonymous_10)
FNDA:0,(anonymous_11)
FNDA:0,(anonymous_12)
FNDA:0,(anonymous_13)
FNDA:0,(anonymous_14)
FNDA:0,(anonymous_15)
FNDA:0,(anonymous_16)
FNDA:0,(anonymous_17)
FNDA:0,(anonymous_18)
DA:9,0
DA:12,0
DA:13,0
DA:14,0
DA:17,0
DA:18,0
DA:19,0
DA:20,0
DA:21,0
DA:22,0
DA:23,0
DA:25,0
DA:46,0
DA:48,0
DA:49,0
DA:54,0
DA:55,0
DA:56,0
DA:57,0
DA:59,0
DA:60,0
DA:67,0
DA:69,0
DA:70,0
DA:75,0
DA:76,0
DA:77,0
DA:78,0
DA:80,0
DA:83,0
DA:84,0
DA:85,0
DA:86,0
DA:87,0
DA:97,0
DA:100,0
DA:102,0
DA:103,0
DA:108,0
DA:109,0
DA:110,0
DA:114,0
DA:116,0
DA:117,0
DA:122,0
DA:123,0
DA:124,0
DA:126,0
DA:134,0
DA:136,0
DA:137,0
DA:142,0
DA:143,0
DA:144,0
DA:145,0
DA:147,0
DA:148,0
DA:153,0
DA:154,0
DA:155,0
DA:159,0
DA:160,0
DA:161,0
DA:163,0
DA:165,0
DA:166,0
DA:167,0
DA:169,0
DA:170,0
DA:172,0
DA:173,0
DA:174,0
DA:175,0
DA:178,0
DA:180,0
DA:185,0
DA:193,0
DA:197,0
DA:199,0
DA:200,0
DA:205,0
DA:206,0
DA:207,0
DA:208,0
DA:210,0
DA:211,0
DA:216,0
DA:217,0
DA:219,0
DA:250,0
DA:257,0
DA:259,0
DA:260,0
DA:265,0
DA:266,0
DA:267,0
DA:268,0
DA:270,0
DA:334,0
DA:335,0
DA:336,0
DA:337,0
DA:338,0
DA:339,0
DA:340,0
DA:341,0
DA:342,0
DA:343,0
DA:344,0
DA:345,0
DA:346,0
DA:347,0
DA:350,0
DA:351,0
DA:352,0
DA:353,0
DA:354,0
DA:355,0
DA:356,0
DA:359,0
DA:360,0
DA:361,0
DA:364,0
DA:365,0
DA:366,0
DA:369,0
DA:370,0
DA:373,0
DA:374,0
DA:379,0
DA:429,0
DA:431,0
DA:432,0
DA:437,0
DA:438,0
DA:439,0
DA:442,0
DA:443,0
DA:452,0
DA:454,0
DA:455,0
DA:456,0
DA:457,0
DA:458,0
DA:460,0
DA:470,0
DA:472,0
DA:473,0
DA:478,0
DA:479,0
DA:480,0
DA:483,0
DA:650,0
DA:653,0
DA:658,0
DA:660,0
DA:661,0
LF:157
LH:0
BRDA:26,0,0,0
BRDA:26,0,1,0
BRDA:30,1,0,0
BRDA:30,1,1,0
BRDA:31,2,0,0
BRDA:31,2,1,0
BRDA:33,3,0,0
BRDA:33,3,1,0
BRDA:40,4,0,0
BRDA:40,4,1,0
BRDA:62,5,0,0
BRDA:62,5,1,0
BRDA:63,6,0,0
BRDA:63,6,1,0
BRDA:78,7,0,0
BRDA:78,7,1,0
BRDA:83,8,0,0
BRDA:83,8,1,0
BRDA:83,9,0,0
BRDA:83,9,1,0
BRDA:83,9,2,0
BRDA:167,10,0,0
BRDA:167,10,1,0
BRDA:172,11,0,0
BRDA:172,11,1,0
BRDA:172,12,0,0
BRDA:172,12,1,0
BRDA:174,13,0,0
BRDA:174,13,1,0
BRDA:174,14,0,0
BRDA:174,14,1,0
BRDA:178,15,0,0
BRDA:178,15,1,0
BRDA:352,16,0,0
BRDA:352,16,1,0
BRDA:352,17,0,0
BRDA:352,17,1,0
BRDA:352,18,0,0
BRDA:352,18,1,0
BRDA:354,19,0,0
BRDA:354,19,1,0
BRDA:354,20,0,0
BRDA:354,20,1,0
BRDA:355,21,0,0
BRDA:355,21,1,0
BRDA:355,22,0,0
BRDA:355,22,1,0
BRDA:356,23,0,0
BRDA:356,23,1,0
BRDA:356,24,0,0
BRDA:356,24,1,0
BRDA:364,25,0,0
BRDA:364,25,1,0
BRDA:365,26,0,0
BRDA:365,26,1,0
BRDA:373,27,0,0
BRDA:373,27,1,0
BRDA:373,28,0,0
BRDA:373,28,1,0
BRDA:443,29,0,0
BRDA:443,29,1,0
BRDA:457,30,0,0
BRDA:457,30,1,0
BRDA:480,31,0,0
BRDA:480,32,0,0
BRDA:650,33,0,0
BRDA:650,33,1,0
BRDA:655,34,0,0
BRDA:655,34,1,0
BRF:69
BRH:0
end_of_record
TN:
SF:src/routes/market.optimized.js
FN:13,(anonymous_0)
FN:17,(anonymous_1)
FN:22,(anonymous_2)
FN:34,(anonymous_3)
FN:42,generateOHLC
FN:61,(anonymous_5)
FN:72,(anonymous_6)
FN:100,(anonymous_7)
FN:110,(anonymous_8)
FN:127,(anonymous_9)
FN:143,(anonymous_10)
FN:167,(anonymous_11)
FN:181,(anonymous_12)
FN:201,(anonymous_13)
FN:212,(anonymous_14)
FN:219,(anonymous_15)
FN:256,(anonymous_16)
FN:268,(anonymous_17)
FN:296,(anonymous_18)
FN:312,(anonymous_19)
FN:350,(anonymous_20)
FN:393,(anonymous_21)
FN:440,(anonymous_22)
FN:482,(anonymous_23)
FNF:24
FNH:0
FNDA:0,(anonymous_0)
FNDA:0,(anonymous_1)
FNDA:0,(anonymous_2)
FNDA:0,(anonymous_3)
FNDA:0,generateOHLC
FNDA:0,(anonymous_5)
FNDA:0,(anonymous_6)
FNDA:0,(anonymous_7)
FNDA:0,(anonymous_8)
FNDA:0,(anonymous_9)
FNDA:0,(anonymous_10)
FNDA:0,(anonymous_11)
FNDA:0,(anonymous_12)
FNDA:0,(anonymous_13)
FNDA:0,(anonymous_14)
FNDA:0,(anonymous_15)
FNDA:0,(anonymous_16)
FNDA:0,(anonymous_17)
FNDA:0,(anonymous_18)
FNDA:0,(anonymous_19)
FNDA:0,(anonymous_20)
FNDA:0,(anonymous_21)
FNDA:0,(anonymous_22)
FNDA:0,(anonymous_23)
DA:9,0
DA:14,0
DA:18,0
DA:19,0
DA:23,0
DA:24,0
DA:26,0
DA:27,0
DA:28,0
DA:31,0
DA:35,0
DA:39,0
DA:43,0
DA:44,0
DA:45,0
DA:46,0
DA:47,0
DA:49,0
DA:61,0
DA:62,0
DA:64,0
DA:65,0
DA:66,0
DA:69,0
DA:72,0
DA:73,0
DA:74,0
DA:76,0
DA:90,0
DA:92,0
DA:94,0
DA:95,0
DA:100,0
DA:101,0
DA:102,0
DA:103,0
DA:104,0
DA:107,0
DA:108,0
DA:110,0
DA:111,0
DA:118,0
DA:119,0
DA:121,0
DA:122,0
DA:127,0
DA:128,0
DA:129,0
DA:130,0
DA:131,0
DA:133,0
DA:134,0
DA:135,0
DA:138,0
DA:141,0
DA:142,0
DA:143,0
DA:144,0
DA:145,0
DA:155,0
DA:158,0
DA:159,0
DA:161,0
DA:162,0
DA:167,0
DA:168,0
DA:169,0
DA:173,0
DA:175,0
DA:176,0
DA:181,0
DA:182,0
DA:183,0
DA:185,0
DA:193,0
DA:195,0
DA:196,0
DA:201,0
DA:202,0
DA:203,0
DA:204,0
DA:206,0
DA:207,0
DA:212,0
DA:213,0
DA:214,0
DA:218,0
DA:219,0
DA:221,0
DA:223,0
DA:224,0
DA:225,0
DA:227,0
DA:228,0
DA:231,0
DA:232,0
DA:236,0
DA:244,0
DA:248,0
DA:250,0
DA:251,0
DA:256,0
DA:257,0
DA:258,0
DA:259,0
DA:260,0
DA:262,0
DA:263,0
DA:268,0
DA:269,0
DA:270,0
DA:271,0
DA:272,0
DA:276,0
DA:296,0
DA:303,0
DA:304,0
DA:306,0
DA:307,0
DA:312,0
DA:313,0
DA:314,0
DA:315,0
DA:316,0
DA:318,0
DA:319,0
DA:320,0
DA:323,0
DA:324,0
DA:327,0
DA:345,0
DA:346,0
DA:347,0
DA:350,0
DA:351,0
DA:352,0
DA:353,0
DA:354,0
DA:355,0
DA:356,0
DA:357,0
DA:359,0
DA:374,0
DA:384,0
DA:385,0
DA:387,0
DA:388,0
DA:393,0
DA:394,0
DA:395,0
DA:396,0
DA:398,0
DA:399,0
DA:400,0
DA:403,0
DA:404,0
DA:413,0
DA:415,0
DA:416,0
DA:417,0
DA:418,0
DA:419,0
DA:421,0
DA:431,0
DA:432,0
DA:434,0
DA:435,0
DA:440,0
DA:441,0
DA:442,0
DA:443,0
DA:445,0
DA:446,0
DA:447,0
DA:450,0
DA:481,0
DA:482,0
DA:487,0
DA:488,0
DA:490,0
DA:491,0
LF:181
LH:0
BRDA:17,0,0,0
BRDA:24,1,0,0
BRDA:24,1,1,0
BRDA:26,2,0,0
BRDA:26,2,1,0
BRDA:65,3,0,0
BRDA:65,3,1,0
BRDA:77,4,0,0
BRDA:77,4,1,0
BRDA:81,5,0,0
BRDA:81,5,1,0
BRDA:82,6,0,0
BRDA:82,6,1,0
BRDA:84,7,0,0
BRDA:84,7,1,0
BRDA:103,8,0,0
BRDA:103,8,1,0
BRDA:113,9,0,0
BRDA:113,9,1,0
BRDA:114,10,0,0
BRDA:114,10,1,0
BRDA:130,11,0,0
BRDA:130,11,1,0
BRDA:134,12,0,0
BRDA:134,12,1,0
BRDA:141,13,0,0
BRDA:141,13,1,0
BRDA:225,14,0,0
BRDA:225,14,1,0
BRDA:228,15,0,0
BRDA:228,15,1,0
BRDA:228,15,2,0
BRDA:228,15,3,0
BRDA:231,16,0,0
BRDA:231,16,1,0
BRDA:271,17,0,0
BRDA:271,17,1,0
BRDA:314,18,0,0
BRDA:314,18,1,0
BRDA:315,19,0,0
BRDA:315,19,1,0
BRDA:319,20,0,0
BRDA:319,20,1,0
BRDA:399,21,0,0
BRDA:399,21,1,0
BRDA:404,22,0,0
BRDA:404,22,1,0
BRDA:418,23,0,0
BRDA:418,23,1,0
BRDA:442,24,0,0
BRDA:442,25,0,0
BRDA:446,26,0,0
BRDA:446,26,1,0
BRDA:481,27,0,0
BRDA:481,27,1,0
BRDA:484,28,0,0
BRDA:484,28,1,0
BRF:57
BRH:0
end_of_record
TN:
SF:src/routes/marketplace.js
FN:14,(anonymous_0)
FN:16,(anonymous_1)
FN:18,(anonymous_2)
FN:21,(anonymous_3)
FN:29,(anonymous_4)
FN:30,(anonymous_5)
FN:36,(anonymous_6)
FN:65,(anonymous_7)
FN:67,(anonymous_8)
FN:95,(anonymous_9)
FN:96,(anonymous_10)
FN:113,(anonymous_11)
FN:114,(anonymous_12)
FN:122,(anonymous_13)
FN:123,(anonymous_14)
FN:124,(anonymous_15)
FN:127,(anonymous_16)
FN:138,(anonymous_17)
FNF:18
FNH:0
FNDA:0,(anonymous_0)
FNDA:0,(anonymous_1)
FNDA:0,(anonymous_2)
FNDA:0,(anonymous_3)
FNDA:0,(anonymous_4)
FNDA:0,(anonymous_5)
FNDA:0,(anonymous_6)
FNDA:0,(anonymous_7)
FNDA:0,(anonymous_8)
FNDA:0,(anonymous_9)
FNDA:0,(anonymous_10)
FNDA:0,(anonymous_11)
FNDA:0,(anonymous_12)
FNDA:0,(anonymous_13)
FNDA:0,(anonymous_14)
FNDA:0,(anonymous_15)
FNDA:0,(anonymous_16)
FNDA:0,(anonymous_17)
DA:3,0
DA:6,0
DA:14,0
DA:15,0
DA:16,0
DA:17,0
DA:18,0
DA:21,0
DA:25,0
DA:29,0
DA:30,0
DA:31,0
DA:32,0
DA:36,0
DA:37,0
DA:39,0
DA:40,0
DA:43,0
DA:59,0
DA:60,0
DA:61,0
DA:65,0
DA:66,0
DA:67,0
DA:69,0
DA:71,0
DA:72,0
DA:73,0
DA:77,0
DA:85,0
DA:87,0
DA:95,0
DA:96,0
DA:97,0
DA:99,0
DA:100,0
DA:109,0
DA:113,0
DA:114,0
DA:115,0
DA:117,0
DA:118,0
DA:122,0
DA:123,0
DA:124,0
DA:126,0
DA:127,0
DA:128,0
DA:129,0
DA:130,0
DA:131,0
DA:134,0
DA:138,0
LF:53
LH:0
BRDA:15,0,0,0
BRDA:17,1,0,0
BRDA:17,1,1,0
BRDA:17,2,0,0
BRDA:17,2,1,0
BRDA:31,3,0,0
BRDA:31,3,1,0
BRDA:39,4,0,0
BRDA:39,4,1,0
BRDA:39,5,0,0
BRDA:39,5,1,0
BRDA:39,5,2,0
BRDA:39,5,3,0
BRDA:45,6,0,0
BRDA:45,6,1,0
BRDA:46,7,0,0
BRDA:46,7,1,0
BRDA:47,8,0,0
BRDA:47,8,1,0
BRDA:52,9,0,0
BRDA:52,9,1,0
BRDA:54,10,0,0
BRDA:54,10,1,0
BRDA:69,11,0,0
BRDA:69,11,1,0
BRDA:72,12,0,0
BRDA:72,12,1,0
BRDA:80,13,0,0
BRDA:80,13,1,0
BRDA:81,14,0,0
BRDA:81,14,1,0
BRDA:97,15,0,0
BRDA:97,15,1,0
BRDA:102,16,0,0
BRDA:102,16,1,0
BRDA:103,17,0,0
BRDA:103,17,1,0
BRDA:104,18,0,0
BRDA:104,18,1,0
BRDA:105,19,0,0
BRDA:105,19,1,0
BRDA:115,20,0,0
BRDA:115,20,1,0
BRDA:128,21,0,0
BRDA:128,21,1,0
BRF:45
BRH:0
end_of_record
TN:
SF:src/routes/notifications.js
FN:7,(anonymous_0)
FN:26,(anonymous_1)
FN:42,(anonymous_2)
FN:60,(anonymous_3)
FN:77,(anonymous_4)
FN:95,(anonymous_5)
FNF:6
FNH:0
FNDA:0,(anonymous_0)
FNDA:0,(anonymous_1)
FNDA:0,(anonymous_2)
FNDA:0,(anonymous_3)
FNDA:0,(anonymous_4)
FNDA:0,(anonymous_5)
DA:4,0
DA:7,0
DA:8,0
DA:9,0
DA:10,0
DA:12,0
DA:14,0
DA:20,0
DA:21,0
DA:26,0
DA:27,0
DA:28,0
DA:29,0
DA:31,0
DA:36,0
DA:37,0
DA:42,0
DA:43,0
DA:44,0
DA:45,0
DA:47,0
DA:49,0
DA:54,0
DA:55,0
DA:60,0
DA:61,0
DA:62,0
DA:64,0
DA:66,0
DA:71,0
DA:72,0
DA:77,0
DA:78,0
DA:79,0
DA:80,0
DA:82,0
DA:84,0
DA:89,0
DA:90,0
DA:95,0
DA:96,0
DA:97,0
DA:98,0
DA:102,0
DA:104,0
DA:107,0
DA:109,0
DA:112,0
DA:114,0
DA:117,0
DA:119,0
DA:122,0
DA:124,0
DA:127,0
DA:129,0
DA:134,0
DA:139,0
DA:140,0
LF:58
LH:0
BRDA:10,0,0,0
BRDA:10,0,1,0
BRDA:98,1,0,0
BRDA:102,2,0,0
BRDA:102,2,1,0
BRDA:102,2,2,0
BRDA:102,2,3,0
BRDA:102,2,4,0
BRDA:102,2,5,0
BRF:9
BRH:0
end_of_record
TN:
SF:src/routes/trading.js
FN:56,(anonymous_0)
FN:63,(anonymous_1)
FN:114,(anonymous_2)
FN:119,(anonymous_3)
FN:121,(anonymous_4)
FN:128,(anonymous_5)
FN:136,(anonymous_6)
FN:137,(anonymous_7)
FN:147,(anonymous_8)
FN:215,(anonymous_9)
FN:227,(anonymous_10)
FN:254,(anonymous_11)
FN:275,(anonymous_12)
FN:286,(anonymous_13)
FN:293,(anonymous_14)
FN:294,(anonymous_15)
FN:295,(anonymous_16)
FN:297,(anonymous_17)
FN:298,(anonymous_18)
FN:318,(anonymous_19)
FNF:20
FNH:0
FNDA:0,(anonymous_0)
FNDA:0,(anonymous_1)
FNDA:0,(anonymous_2)
FNDA:0,(anonymous_3)
FNDA:0,(anonymous_4)
FNDA:0,(anonymous_5)
FNDA:0,(anonymous_6)
FNDA:0,(anonymous_7)
FNDA:0,(anonymous_8)
FNDA:0,(anonymous_9)
FNDA:0,(anonymous_10)
FNDA:0,(anonymous_11)
FNDA:0,(anonymous_12)
FNDA:0,(anonymous_13)
FNDA:0,(anonymous_14)
FNDA:0,(anonymous_15)
FNDA:0,(anonymous_16)
FNDA:0,(anonymous_17)
FNDA:0,(anonymous_18)
FNDA:0,(anonymous_19)
DA:5,0
DA:8,0
DA:56,0
DA:57,0
DA:58,0
DA:59,0
DA:63,0
DA:64,0
DA:66,0
DA:67,0
DA:70,0
DA:71,0
DA:72,0
DA:78,0
DA:79,0
DA:82,0
DA:83,0
DA:86,0
DA:88,0
DA:95,0
DA:97,0
DA:104,0
DA:105,0
DA:114,0
DA:115,0
DA:119,0
DA:120,0
DA:121,0
DA:122,0
DA:124,0
DA:128,0
DA:129,0
DA:130,0
DA:133,0
DA:135,0
DA:136,0
DA:137,0
DA:139,0
DA:141,0
DA:142,0
DA:147,0
DA:148,0
DA:149,0
DA:152,0
DA:153,0
DA:156,0
DA:159,0
DA:174,0
DA:175,0
DA:178,0
DA:179,0
DA:181,0
DA:197,0
DA:198,0
DA:200,0
DA:207,0
DA:215,0
DA:216,0
DA:217,0
DA:218,0
DA:220,0
DA:221,0
DA:225,0
DA:227,0
DA:229,0
DA:230,0
DA:233,0
DA:234,0
DA:238,0
DA:239,0
DA:240,0
DA:242,0
DA:247,0
DA:248,0
DA:249,0
DA:250,0
DA:253,0
DA:254,0
DA:256,0
DA:257,0
DA:258,0
DA:259,0
DA:260,0
DA:263,0
DA:269,0
DA:270,0
DA:275,0
DA:276,0
DA:277,0
DA:278,0
DA:280,0
DA:281,0
DA:286,0
DA:287,0
DA:288,0
DA:291,0
DA:293,0
DA:294,0
DA:295,0
DA:297,0
DA:298,0
DA:299,0
DA:301,0
DA:310,0
DA:312,0
DA:313,0
DA:318,0
DA:319,0
DA:320,0
DA:321,0
DA:323,0
DA:324,0
LF:112
LH:0
BRDA:70,0,0,0
BRDA:70,0,1,0
BRDA:70,1,0,0
BRDA:70,1,1,0
BRDA:70,1,2,0
BRDA:70,1,3,0
BRDA:70,1,4,0
BRDA:78,2,0,0
BRDA:78,2,1,0
BRDA:82,3,0,0
BRDA:82,3,1,0
BRDA:82,4,0,0
BRDA:82,4,1,0
BRDA:133,5,0,0
BRDA:133,5,1,0
BRDA:152,6,0,0
BRDA:152,6,1,0
BRDA:152,7,0,0
BRDA:152,7,1,0
BRDA:152,7,2,0
BRDA:152,7,3,0
BRDA:152,7,4,0
BRDA:174,8,0,0
BRDA:174,8,1,0
BRDA:197,9,0,0
BRDA:197,9,1,0
BRDA:220,10,0,0
BRDA:220,10,1,0
BRDA:220,11,0,0
BRDA:220,11,1,0
BRDA:225,12,0,0
BRDA:225,12,1,0
BRDA:229,13,0,0
BRDA:229,13,1,0
BRDA:233,14,0,0
BRDA:233,14,1,0
BRDA:242,15,0,0
BRDA:242,15,1,0
BRDA:253,16,0,0
BRDA:253,16,1,0
BRDA:256,17,0,0
BRDA:256,17,1,0
BRDA:291,18,0,0
BRDA:291,18,1,0
BRDA:297,19,0,0
BRDA:297,19,1,0
BRDA:298,20,0,0
BRDA:298,20,1,0
BRDA:299,21,0,0
BRDA:299,21,1,0
BRF:50
BRH:0
end_of_record
TN:
SF:src/routes/user.js
FN:10,(anonymous_0)
FN:29,(anonymous_1)
FNF:2
FNH:0
FNDA:0,(anonymous_0)
FNDA:0,(anonymous_1)
DA:7,0
DA:10,0
DA:11,0
DA:12,0
DA:14,0
DA:15,0
DA:18,0
DA:19,0
DA:21,0
DA:23,0
DA:24,0
DA:29,0
DA:30,0
DA:31,0
DA:33,0
DA:34,0
DA:35,0
DA:36,0
DA:37,0
DA:38,0
DA:40,0
DA:42,0
DA:47,0
DA:48,0
DA:51,0
DA:52,0
DA:54,0
DA:56,0
DA:57,0
LF:29
LH:0
BRDA:14,0,0,0
BRDA:14,0,1,0
BRDA:34,1,0,0
BRDA:34,1,1,0
BRDA:35,2,0,0
BRDA:35,2,1,0
BRDA:36,3,0,0
BRDA:36,3,1,0
BRDA:37,4,0,0
BRDA:37,4,1,0
BRDA:38,5,0,0
BRDA:38,5,1,0
BRDA:47,6,0,0
BRDA:47,6,1,0
BRF:14
BRH:0
end_of_record
TN:
SF:src/routes/wallet.js
FN:84,(anonymous_0)
FN:98,(anonymous_1)
FN:100,(anonymous_2)
FN:105,(anonymous_3)
FN:107,(anonymous_4)
FN:112,(anonymous_5)
FN:129,(anonymous_6)
FN:139,(anonymous_7)
FN:208,(anonymous_8)
FN:209,(anonymous_9)
FN:212,(anonymous_10)
FN:213,(anonymous_11)
FN:215,(anonymous_12)
FN:248,(anonymous_13)
FN:252,(anonymous_14)
FN:257,(anonymous_15)
FN:260,(anonymous_16)
FN:260,(anonymous_17)
FN:261,(anonymous_18)
FN:261,(anonymous_19)
FNF:20
FNH:0
FNDA:0,(anonymous_0)
FNDA:0,(anonymous_1)
FNDA:0,(anonymous_2)
FNDA:0,(anonymous_3)
FNDA:0,(anonymous_4)
FNDA:0,(anonymous_5)
FNDA:0,(anonymous_6)
FNDA:0,(anonymous_7)
FNDA:0,(anonymous_8)
FNDA:0,(anonymous_9)
FNDA:0,(anonymous_10)
FNDA:0,(anonymous_11)
FNDA:0,(anonymous_12)
FNDA:0,(anonymous_13)
FNDA:0,(anonymous_14)
FNDA:0,(anonymous_15)
FNDA:0,(anonymous_16)
FNDA:0,(anonymous_17)
FNDA:0,(anonymous_18)
FNDA:0,(anonymous_19)
DA:3,0
DA:6,0
DA:18,0
DA:62,0
DA:84,0
DA:85,0
DA:86,0
DA:94,0
DA:98,0
DA:99,0
DA:100,0
DA:101,0
DA:105,0
DA:106,0
DA:107,0
DA:108,0
DA:112,0
DA:113,0
DA:114,0
DA:115,0
DA:124,0
DA:125,0
DA:129,0
DA:130,0
DA:131,0
DA:132,0
DA:134,0
DA:135,0
DA:139,0
DA:140,0
DA:141,0
DA:143,0
DA:153,0
DA:207,0
DA:208,0
DA:209,0
DA:211,0
DA:212,0
DA:213,0
DA:215,0
DA:216,0
DA:217,0
DA:219,0
DA:220,0
DA:222,0
DA:224,0
DA:225,0
DA:229,0
DA:248,0
DA:252,0
DA:257,0
DA:260,0
DA:261,0
DA:269,0
LF:54
LH:0
BRDA:86,0,0,0
BRDA:86,0,1,0
BRDA:114,1,0,0
BRDA:114,1,1,0
BRDA:131,2,0,0
BRDA:131,2,1,0
BRDA:131,3,0,0
BRDA:131,3,1,0
BRDA:141,4,0,0
BRDA:143,5,0,0
BRDA:143,5,1,0
BRDA:216,6,0,0
BRDA:216,6,1,0
BRDA:219,7,0,0
BRDA:219,7,1,0
BRDA:262,8,0,0
BRDA:262,8,1,0
BRDA:263,9,0,0
BRDA:263,9,1,0
BRF:19
BRH:0
end_of_record
TN:
SF:src/services/aiService.js
FN:7,(anonymous_0)
FN:15,(anonymous_1)
FN:73,(anonymous_2)
FN:85,(anonymous_3)
FN:86,(anonymous_4)
FN:90,(anonymous_5)
FN:91,(anonymous_6)
FN:118,(anonymous_7)
FN:181,(anonymous_8)
FN:182,(anonymous_9)
FN:187,(anonymous_10)
FN:188,(anonymous_11)
FN:196,(anonymous_12)
FN:197,(anonymous_13)
FN:208,(anonymous_14)
FN:225,(anonymous_15)
FN:248,(anonymous_16)
FN:320,(anonymous_17)
FN:336,(anonymous_18)
FN:337,(anonymous_19)
FN:359,(anonymous_20)
FN:377,(anonymous_21)
FN:378,(anonymous_22)
FN:379,(anonymous_23)
FN:398,(anonymous_24)
FNF:25
FNH:0
FNDA:0,(anonymous_0)
FNDA:0,(anonymous_1)
FNDA:0,(anonymous_2)
FNDA:0,(anonymous_3)
FNDA:0,(anonymous_4)
FNDA:0,(anonymous_5)
FNDA:0,(anonymous_6)
FNDA:0,(anonymous_7)
FNDA:0,(anonymous_8)
FNDA:0,(anonymous_9)
FNDA:0,(anonymous_10)
FNDA:0,(anonymous_11)
FNDA:0,(anonymous_12)
FNDA:0,(anonymous_13)
FNDA:0,(anonymous_14)
FNDA:0,(anonymous_15)
FNDA:0,(anonymous_16)
FNDA:0,(anonymous_17)
FNDA:0,(anonymous_18)
FNDA:0,(anonymous_19)
FNDA:0,(anonymous_20)
FNDA:0,(anonymous_21)
FNDA:0,(anonymous_22)
FNDA:0,(anonymous_23)
FNDA:0,(anonymous_24)
DA:8,0
DA:11,0
DA:16,0
DA:18,0
DA:19,0
DA:20,0
DA:25,0
DA:27,0
DA:30,0
DA:34,0
DA:35,0
DA:36,0
DA:39,0
DA:40,0
DA:41,0
DA:42,0
DA:53,0
DA:56,0
DA:67,0
DA:68,0
DA:74,0
DA:76,0
DA:77,0
DA:79,0
DA:80,0
DA:81,0
DA:86,0
DA:87,0
DA:90,0
DA:91,0
DA:92,0
DA:95,0
DA:96,0
DA:97,0
DA:100,0
DA:101,0
DA:102,0
DA:105,0
DA:107,0
DA:119,0
DA:122,0
DA:129,0
DA:132,0
DA:133,0
DA:139,0
DA:140,0
DA:141,0
DA:147,0
DA:149,0
DA:155,0
DA:159,0
DA:160,0
DA:161,0
DA:162,0
DA:163,0
DA:165,0
DA:169,0
DA:170,0
DA:171,0
DA:172,0
DA:174,0
DA:177,0
DA:182,0
DA:183,0
DA:188,0
DA:189,0
DA:197,0
DA:198,0
DA:199,0
DA:200,0
DA:202,0
DA:203,0
DA:204,0
DA:209,0
DA:210,0
DA:226,0
DA:227,0
DA:232,0
DA:238,0
DA:240,0
DA:242,0
DA:243,0
DA:249,0
DA:250,0
DA:253,0
DA:260,0
DA:263,0
DA:264,0
DA:266,0
DA:268,0
DA:271,0
DA:274,0
DA:277,0
DA:278,0
DA:281,0
DA:284,0
DA:285,0
DA:288,0
DA:289,0
DA:290,0
DA:293,0
DA:294,0
DA:295,0
DA:298,0
DA:299,0
DA:300,0
DA:302,0
DA:316,0
DA:321,0
DA:323,0
DA:324,0
DA:325,0
DA:328,0
DA:332,0
DA:337,0
DA:338,0
DA:341,0
DA:342,0
DA:343,0
DA:344,0
DA:345,0
DA:346,0
DA:347,0
DA:348,0
DA:349,0
DA:350,0
DA:351,0
DA:352,0
DA:354,0
DA:360,0
DA:361,0
DA:362,0
DA:366,0
DA:372,0
DA:373,0
DA:377,0
DA:378,0
DA:379,0
DA:381,0
DA:382,0
DA:383,0
DA:385,0
DA:393,0
DA:394,0
DA:399,0
DA:400,0
LF:146
LH:0
BRDA:9,0,0,0
BRDA:9,0,1,0
BRDA:11,1,0,0
BRDA:11,1,1,0
BRDA:15,2,0,0
BRDA:15,3,0,0
BRDA:18,4,0,0
BRDA:18,4,1,0
BRDA:20,5,0,0
BRDA:20,5,1,0
BRDA:25,6,0,0
BRDA:25,6,1,0
BRDA:40,7,0,0
BRDA:40,7,1,0
BRDA:48,8,0,0
BRDA:48,8,1,0
BRDA:74,9,0,0
BRDA:74,9,1,0
BRDA:74,10,0,0
BRDA:74,10,1,0
BRDA:79,11,0,0
BRDA:79,11,1,0
BRDA:80,12,0,0
BRDA:80,12,1,0
BRDA:96,13,0,0
BRDA:96,13,1,0
BRDA:97,14,0,0
BRDA:97,14,1,0
BRDA:101,15,0,0
BRDA:101,15,1,0
BRDA:102,16,0,0
BRDA:102,16,1,0
BRDA:132,17,0,0
BRDA:132,17,1,0
BRDA:140,18,0,0
BRDA:140,18,1,0
BRDA:160,19,0,0
BRDA:160,19,1,0
BRDA:160,20,0,0
BRDA:160,20,1,0
BRDA:162,21,0,0
BRDA:162,21,1,0
BRDA:162,22,0,0
BRDA:162,22,1,0
BRDA:169,23,0,0
BRDA:169,23,1,0
BRDA:171,24,0,0
BRDA:171,24,1,0
BRDA:191,25,0,0
BRDA:191,25,1,0
BRDA:191,26,0,0
BRDA:191,26,1,0
BRDA:202,27,0,0
BRDA:202,27,1,0
BRDA:203,28,0,0
BRDA:203,28,1,0
BRDA:260,29,0,0
BRDA:260,29,1,0
BRDA:309,30,0,0
BRDA:309,30,1,0
BRDA:324,31,0,0
BRDA:324,31,1,0
BRDA:341,32,0,0
BRDA:341,32,1,0
BRDA:343,33,0,0
BRDA:343,33,1,0
BRDA:345,34,0,0
BRDA:345,34,1,0
BRDA:347,35,0,0
BRDA:347,35,1,0
BRDA:349,36,0,0
BRDA:349,36,1,0
BRDA:351,37,0,0
BRDA:351,37,1,0
BRDA:361,38,0,0
BRDA:361,38,1,0
BRDA:372,39,0,0
BRDA:372,39,1,0
BRDA:382,40,0,0
BRDA:382,40,1,0
BRDA:383,41,0,0
BRDA:383,41,1,0
BRF:82
BRH:0
end_of_record
TN:
SF:src/services/fpoService.js
FN:4,(anonymous_0)
FN:101,(anonymous_1)
FN:102,(anonymous_2)
FN:104,(anonymous_3)
FN:121,(anonymous_4)
FN:138,(anonymous_5)
FN:143,(anonymous_6)
FN:148,(anonymous_7)
FN:150,(anonymous_8)
FN:156,(anonymous_9)
FN:157,(anonymous_10)
FN:182,(anonymous_11)
FN:187,(anonymous_12)
FN:208,(anonymous_13)
FN:234,(anonymous_14)
FN:269,(anonymous_15)
FN:278,(anonymous_16)
FNF:17
FNH:0
FNDA:0,(anonymous_0)
FNDA:0,(anonymous_1)
FNDA:0,(anonymous_2)
FNDA:0,(anonymous_3)
FNDA:0,(anonymous_4)
FNDA:0,(anonymous_5)
FNDA:0,(anonymous_6)
FNDA:0,(anonymous_7)
FNDA:0,(anonymous_8)
FNDA:0,(anonymous_9)
FNDA:0,(anonymous_10)
FNDA:0,(anonymous_11)
FNDA:0,(anonymous_12)
FNDA:0,(anonymous_13)
FNDA:0,(anonymous_14)
FNDA:0,(anonymous_15)
FNDA:0,(anonymous_16)
DA:6,0
DA:30,0
DA:43,0
DA:76,0
DA:98,0
DA:102,0
DA:104,0
DA:105,0
DA:107,0
DA:108,0
DA:111,0
DA:114,0
DA:115,0
DA:121,0
DA:122,0
DA:123,0
DA:124,0
DA:125,0
DA:127,0
DA:139,0
DA:144,0
DA:149,0
DA:150,0
DA:152,0
DA:157,0
DA:158,0
DA:159,0
DA:163,0
DA:170,0
DA:171,0
DA:172,0
DA:174,0
DA:183,0
DA:188,0
DA:191,0
DA:199,0
DA:209,0
DA:210,0
DA:211,0
DA:220,0
DA:221,0
DA:222,0
DA:223,0
DA:225,0
DA:235,0
DA:268,0
DA:269,0
DA:270,0
DA:274,0
DA:279,0
DA:280,0
DA:282,0
LF:52
LH:0
BRDA:105,0,0,0
BRDA:105,0,1,0
BRDA:114,1,0,0
BRDA:114,1,1,0
BRDA:114,2,0,0
BRDA:114,2,1,0
BRDA:139,3,0,0
BRDA:139,3,1,0
BRDA:144,4,0,0
BRDA:144,4,1,0
BRDA:148,5,0,0
BRDA:149,6,0,0
BRDA:149,6,1,0
BRDA:158,7,0,0
BRDA:158,7,1,0
BRDA:158,8,0,0
BRDA:158,8,1,0
BRDA:210,9,0,0
BRDA:210,9,1,0
BRDA:234,10,0,0
BRDA:268,11,0,0
BRDA:268,11,1,0
BRDA:280,12,0,0
BRDA:280,12,1,0
BRF:24
BRH:0
end_of_record
TN:
SF:src/services/hedgingService.js
FN:8,(anonymous_0)
FN:60,(anonymous_1)
FN:100,(anonymous_2)
FN:162,(anonymous_3)
FN:212,(anonymous_4)
FN:225,(anonymous_5)
FN:226,(anonymous_6)
FN:227,(anonymous_7)
FN:232,(anonymous_8)
FN:261,(anonymous_9)
FN:280,(anonymous_10)
FN:298,(anonymous_11)
FN:317,(anonymous_12)
FN:388,(anonymous_13)
FN:418,(anonymous_14)
FN:424,(anonymous_15)
FN:433,(anonymous_16)
FN:443,(anonymous_17)
FNF:18
FNH:0
FNDA:0,(anonymous_0)
FNDA:0,(anonymous_1)
FNDA:0,(anonymous_2)
FNDA:0,(anonymous_3)
FNDA:0,(anonymous_4)
FNDA:0,(anonymous_5)
FNDA:0,(anonymous_6)
FNDA:0,(anonymous_7)
FNDA:0,(anonymous_8)
FNDA:0,(anonymous_9)
FNDA:0,(anonymous_10)
FNDA:0,(anonymous_11)
FNDA:0,(anonymous_12)
FNDA:0,(anonymous_13)
FNDA:0,(anonymous_14)
FNDA:0,(anonymous_15)
FNDA:0,(anonymous_16)
FNDA:0,(anonymous_17)
DA:9,0
DA:11,0
DA:12,0
DA:15,0
DA:16,0
DA:17,0
DA:18,0
DA:21,0
DA:24,0
DA:30,0
DA:33,0
DA:34,0
DA:35,0
DA:37,0
DA:38,0
DA:41,0
DA:43,0
DA:54,0
DA:55,0
DA:61,0
DA:62,0
DA:65,0
DA:68,0
DA:81,0
DA:82,0
DA:87,0
DA:94,0
DA:95,0
DA:101,0
DA:102,0
DA:104,0
DA:105,0
DA:108,0
DA:109,0
DA:110,0
DA:113,0
DA:114,0
DA:117,0
DA:118,0
DA:119,0
DA:121,0
DA:122,0
DA:123,0
DA:124,0
DA:125,0
DA:126,0
DA:127,0
DA:128,0
DA:129,0
DA:133,0
DA:134,0
DA:135,0
DA:136,0
DA:139,0
DA:154,0
DA:156,0
DA:157,0
DA:163,0
DA:165,0
DA:173,0
DA:175,0
DA:176,0
DA:177,0
DA:178,0
DA:181,0
DA:186,0
DA:187,0
DA:189,0
DA:204,0
DA:206,0
DA:207,0
DA:213,0
DA:214,0
DA:215,0
DA:217,0
DA:219,0
DA:220,0
DA:226,0
DA:227,0
DA:228,0
DA:233,0
DA:234,0
DA:239,0
DA:240,0
DA:245,0
DA:246,0
DA:252,0
DA:262,0
DA:263,0
DA:272,0
DA:274,0
DA:275,0
DA:281,0
DA:282,0
DA:283,0
DA:285,0
DA:286,0
DA:287,0
DA:290,0
DA:292,0
DA:293,0
DA:299,0
DA:300,0
DA:301,0
DA:304,0
DA:305,0
DA:306,0
DA:308,0
DA:309,0
DA:311,0
DA:312,0
DA:318,0
DA:320,0
DA:329,0
DA:330,0
DA:331,0
DA:333,0
DA:334,0
DA:335,0
DA:336,0
DA:338,0
DA:339,0
DA:343,0
DA:344,0
DA:346,0
DA:347,0
DA:355,0
DA:356,0
DA:357,0
DA:358,0
DA:362,0
DA:363,0
DA:365,0
DA:366,0
DA:369,0
DA:382,0
DA:383,0
DA:389,0
DA:391,0
DA:395,0
DA:397,0
DA:398,0
DA:400,0
DA:401,0
DA:402,0
DA:403,0
DA:404,0
DA:406,0
DA:407,0
DA:410,0
DA:412,0
DA:413,0
DA:419,0
DA:420,0
DA:422,0
DA:424,0
DA:425,0
DA:427,0
DA:428,0
DA:434,0
DA:436,0
DA:443,0
DA:446,0
DA:447,0
DA:449,0
DA:451,0
DA:452,0
LF:167
LH:0
BRDA:8,0,0,0
BRDA:30,1,0,0
BRDA:30,1,1,0
BRDA:62,2,0,0
BRDA:71,3,0,0
BRDA:71,3,1,0
BRDA:121,4,0,0
BRDA:121,4,1,0
BRDA:122,5,0,0
BRDA:122,5,1,0
BRDA:126,6,0,0
BRDA:126,6,1,0
BRDA:133,7,0,0
BRDA:133,7,1,0
BRDA:181,8,0,0
BRDA:181,8,1,0
BRDA:199,9,0,0
BRDA:199,9,1,0
BRDA:199,10,0,0
BRDA:199,10,1,0
BRDA:233,11,0,0
BRDA:233,11,1,0
BRDA:239,12,0,0
BRDA:239,12,1,0
BRDA:245,13,0,0
BRDA:245,13,1,0
BRDA:261,14,0,0
BRDA:267,15,0,0
BRDA:267,15,1,0
BRDA:280,16,0,0
BRDA:339,17,0,0
BRDA:339,17,1,0
BRDA:346,18,0,0
BRDA:346,18,1,0
BRDA:395,19,0,0
BRDA:395,19,1,0
BRDA:410,20,0,0
BRDA:410,20,1,0
BRDA:422,21,0,0
BRDA:422,21,1,0
BRF:40
BRH:0
end_of_record
TN:
SF:src/services/marketService.js
FN:6,(anonymous_0)
FN:81,(anonymous_1)
FN:82,(anonymous_2)
FN:83,(anonymous_3)
FN:114,(anonymous_4)
FN:127,(anonymous_5)
FN:144,(anonymous_6)
FN:173,(anonymous_7)
FN:197,(anonymous_8)
FN:213,(anonymous_9)
FN:218,(anonymous_10)
FN:219,(anonymous_11)
FN:230,(anonymous_12)
FN:241,(anonymous_13)
FN:253,(anonymous_14)
FN:258,(anonymous_15)
FN:263,(anonymous_16)
FN:268,(anonymous_17)
FN:270,(anonymous_18)
FN:271,(anonymous_19)
FN:272,(anonymous_20)
FN:274,(anonymous_21)
FN:275,(anonymous_22)
FN:285,(anonymous_23)
FN:286,(anonymous_24)
FN:291,(anonymous_25)
FN:292,(anonymous_26)
FN:297,(anonymous_27)
FN:300,(anonymous_28)
FN:300,(anonymous_29)
FN:301,(anonymous_30)
FN:301,(anonymous_31)
FN:307,(anonymous_32)
FN:327,(anonymous_33)
FN:328,(anonymous_34)
FN:341,(anonymous_35)
FN:359,(anonymous_36)
FN:367,(anonymous_37)
FN:382,(anonymous_38)
FN:384,(anonymous_39)
FNF:40
FNH:2
FNDA:1,(anonymous_0)
FNDA:1,(anonymous_1)
FNDA:0,(anonymous_2)
FNDA:0,(anonymous_3)
FNDA:0,(anonymous_4)
FNDA:0,(anonymous_5)
FNDA:0,(anonymous_6)
FNDA:0,(anonymous_7)
FNDA:0,(anonymous_8)
FNDA:0,(anonymous_9)
FNDA:0,(anonymous_10)
FNDA:0,(anonymous_11)
FNDA:0,(anonymous_12)
FNDA:0,(anonymous_13)
FNDA:0,(anonymous_14)
FNDA:0,(anonymous_15)
FNDA:0,(anonymous_16)
FNDA:0,(anonymous_17)
FNDA:0,(anonymous_18)
FNDA:0,(anonymous_19)
FNDA:0,(anonymous_20)
FNDA:0,(anonymous_21)
FNDA:0,(anonymous_22)
FNDA:0,(anonymous_23)
FNDA:0,(anonymous_24)
FNDA:0,(anonymous_25)
FNDA:0,(anonymous_26)
FNDA:0,(anonymous_27)
FNDA:0,(anonymous_28)
FNDA:0,(anonymous_29)
FNDA:0,(anonymous_30)
FNDA:0,(anonymous_31)
FNDA:0,(anonymous_32)
FNDA:0,(anonymous_33)
FNDA:0,(anonymous_34)
FNDA:0,(anonymous_35)
FNDA:0,(anonymous_36)
FNDA:0,(anonymous_37)
FNDA:0,(anonymous_38)
FNDA:0,(anonymous_39)
DA:8,1
DA:60,1
DA:77,1
DA:82,1
DA:83,0
DA:84,0
DA:85,0
DA:88,0
DA:89,0
DA:92,0
DA:93,0
DA:94,0
DA:97,0
DA:100,0
DA:101,0
DA:103,0
DA:115,0
DA:116,0
DA:118,0
DA:124,0
DA:126,0
DA:127,0
DA:128,0
DA:129,0
DA:132,0
DA:135,0
DA:140,0
DA:145,0
DA:146,0
DA:147,0
DA:148,0
DA:150,0
DA:161,0
DA:162,0
DA:165,0
DA:169,0
DA:174,0
DA:176,0
DA:179,0
DA:180,0
DA:189,0
DA:191,0
DA:192,0
DA:198,0
DA:199,0
DA:201,0
DA:202,0
DA:203,0
DA:204,0
DA:205,0
DA:206,0
DA:208,0
DA:214,0
DA:219,0
DA:231,0
DA:239,0
DA:241,0
DA:254,0
DA:259,0
DA:264,0
DA:269,0
DA:270,0
DA:271,0
DA:272,0
DA:274,0
DA:275,0
DA:277,0
DA:285,0
DA:286,0
DA:292,0
DA:297,0
DA:299,0
DA:300,0
DA:301,0
DA:308,0
DA:310,0
DA:311,0
DA:320,0
DA:321,0
DA:322,0
DA:323,0
DA:327,0
DA:328,0
DA:329,0
DA:331,0
DA:342,0
DA:343,0
DA:345,0
DA:347,0
DA:360,0
DA:367,0
DA:383,0
DA:384,0
LF:93
LH:4
BRDA:115,0,0,0
BRDA:115,0,1,0
BRDA:124,1,0,0
BRDA:124,1,1,0
BRDA:128,2,0,0
BRDA:128,2,1,0
BRDA:144,3,0,0
BRDA:145,4,0,0
BRDA:145,4,1,0
BRDA:161,5,0,0
BRDA:161,5,1,0
BRDA:173,6,0,0
BRDA:174,7,0,0
BRDA:174,7,1,0
BRDA:239,8,0,0
BRDA:239,8,1,0
BRDA:254,9,0,0
BRDA:254,9,1,0
BRDA:259,10,0,0
BRDA:259,10,1,0
BRDA:264,11,0,0
BRDA:264,11,1,0
BRDA:284,12,0,0
BRDA:284,12,1,0
BRDA:284,13,0,0
BRDA:284,13,1,0
BRDA:285,14,0,0
BRDA:285,14,1,0
BRDA:286,15,0,0
BRDA:286,15,1,0
BRDA:307,16,0,0
BRDA:310,17,0,0
BRDA:310,17,1,0
BRDA:335,18,0,0
BRDA:335,18,1,0
BRDA:335,19,0,0
BRDA:335,19,1,0
BRDA:343,20,0,0
BRDA:343,20,1,0
BRDA:353,21,0,0
BRDA:353,21,1,0
BRDA:354,22,0,0
BRDA:354,22,1,0
BRDA:354,23,0,0
BRDA:354,23,1,0
BRDA:370,24,0,0
BRDA:370,24,1,0
BRDA:383,25,0,0
BRDA:383,25,1,0
BRF:49
BRH:0
end_of_record
TN:
SF:src/services/notificationService.js
FN:7,(anonymous_0)
FN:15,(anonymous_1)
FN:65,(anonymous_2)
FN:84,(anonymous_3)
FN:85,(anonymous_4)
FN:94,(anonymous_5)
FN:97,(anonymous_6)
FN:105,(anonymous_7)
FN:121,(anonymous_8)
FN:136,(anonymous_9)
FN:149,(anonymous_10)
FN:150,(anonymous_11)
FN:160,(anonymous_12)
FN:175,(anonymous_13)
FN:190,(anonymous_14)
FN:201,(anonymous_15)
FN:211,(anonymous_16)
FN:221,(anonymous_17)
FN:231,(anonymous_18)
FN:242,(anonymous_19)
FN:253,(anonymous_20)
FN:263,(anonymous_21)
FN:273,(anonymous_22)
FN:283,(anonymous_23)
FN:293,(anonymous_24)
FN:303,(anonymous_25)
FN:313,(anonymous_26)
FN:323,(anonymous_27)
FN:333,(anonymous_28)
FN:343,(anonymous_29)
FNF:30
FNH:0
FNDA:0,(anonymous_0)
FNDA:0,(anonymous_1)
FNDA:0,(anonymous_2)
FNDA:0,(anonymous_3)
FNDA:0,(anonymous_4)
FNDA:0,(anonymous_5)
FNDA:0,(anonymous_6)
FNDA:0,(anonymous_7)
FNDA:0,(anonymous_8)
FNDA:0,(anonymous_9)
FNDA:0,(anonymous_10)
FNDA:0,(anonymous_11)
FNDA:0,(anonymous_12)
FNDA:0,(anonymous_13)
FNDA:0,(anonymous_14)
FNDA:0,(anonymous_15)
FNDA:0,(anonymous_16)
FNDA:0,(anonymous_17)
FNDA:0,(anonymous_18)
FNDA:0,(anonymous_19)
FNDA:0,(anonymous_20)
FNDA:0,(anonymous_21)
FNDA:0,(anonymous_22)
FNDA:0,(anonymous_23)
FNDA:0,(anonymous_24)
FNDA:0,(anonymous_25)
FNDA:0,(anonymous_26)
FNDA:0,(anonymous_27)
FNDA:0,(anonymous_28)
FNDA:0,(anonymous_29)
DA:9,0
DA:10,0
DA:16,0
DA:17,0
DA:29,0
DA:30,0
DA:34,0
DA:35,0
DA:38,0
DA:42,0
DA:45,0
DA:46,0
DA:47,0
DA:53,0
DA:56,0
DA:57,0
DA:59,0
DA:60,0
DA:66,0
DA:68,0
DA:69,0
DA:75,0
DA:76,0
DA:79,0
DA:83,0
DA:84,0
DA:85,0
DA:88,0
DA:89,0
DA:95,0
DA:96,0
DA:97,0
DA:99,0
DA:100,0
DA:106,0
DA:108,0
DA:109,0
DA:116,0
DA:120,0
DA:121,0
DA:124,0
DA:125,0
DA:128,0
DA:130,0
DA:131,0
DA:137,0
DA:139,0
DA:140,0
DA:144,0
DA:148,0
DA:149,0
DA:150,0
DA:152,0
DA:154,0
DA:155,0
DA:161,0
DA:163,0
DA:164,0
DA:170,0
DA:174,0
DA:175,0
DA:178,0
DA:179,0
DA:182,0
DA:184,0
DA:185,0
DA:191,0
DA:202,0
DA:212,0
DA:222,0
DA:232,0
DA:233,0
DA:243,0
DA:244,0
DA:254,0
DA:264,0
DA:274,0
DA:284,0
DA:294,0
DA:304,0
DA:314,0
DA:324,0
DA:334,0
DA:344,0
LF:84
LH:0
BRDA:9,0,0,0
BRDA:9,0,1,0
BRDA:15,1,0,0
BRDA:34,2,0,0
BRDA:34,2,1,0
BRDA:46,3,0,0
BRDA:46,3,1,0
BRDA:46,4,0,0
BRDA:46,4,1,0
BRDA:65,5,0,0
BRDA:75,6,0,0
BRDA:75,6,1,0
BRDA:121,7,0,0
BRDA:121,7,1,0
BRDA:124,8,0,0
BRDA:124,8,1,0
BRDA:175,9,0,0
BRDA:175,9,1,0
BRDA:178,10,0,0
BRDA:178,10,1,0
BRDA:195,11,0,0
BRDA:195,11,1,0
BRDA:232,12,0,0
BRDA:232,12,1,0
BRDA:235,13,0,0
BRDA:235,13,1,0
BRDA:236,14,0,0
BRDA:236,14,1,0
BRDA:236,15,0,0
BRDA:236,15,1,0
BRDA:243,16,0,0
BRDA:243,16,1,0
BRDA:267,17,0,0
BRDA:267,17,1,0
BRF:34
BRH:0
end_of_record
TN:
SF:src/services/tradingService.js
FN:13,(anonymous_0)
FN:21,(anonymous_1)
FN:24,(anonymous_2)
FN:26,(anonymous_3)
FN:28,(anonymous_4)
FN:43,(anonymous_5)
FN:45,(anonymous_6)
FN:47,(anonymous_7)
FN:52,(anonymous_8)
FN:107,(anonymous_9)
FN:110,(anonymous_10)
FN:184,(anonymous_11)
FN:188,(anonymous_12)
FN:189,(anonymous_13)
FN:191,(anonymous_14)
FN:192,(anonymous_15)
FN:210,(anonymous_16)
FN:213,(anonymous_17)
FN:215,(anonymous_18)
FN:264,(anonymous_19)
FN:267,(anonymous_20)
FN:269,(anonymous_21)
FNF:22
FNH:0
FNDA:0,(anonymous_0)
FNDA:0,(anonymous_1)
FNDA:0,(anonymous_2)
FNDA:0,(anonymous_3)
FNDA:0,(anonymous_4)
FNDA:0,(anonymous_5)
FNDA:0,(anonymous_6)
FNDA:0,(anonymous_7)
FNDA:0,(anonymous_8)
FNDA:0,(anonymous_9)
FNDA:0,(anonymous_10)
FNDA:0,(anonymous_11)
FNDA:0,(anonymous_12)
FNDA:0,(anonymous_13)
FNDA:0,(anonymous_14)
FNDA:0,(anonymous_15)
FNDA:0,(anonymous_16)
FNDA:0,(anonymous_17)
FNDA:0,(anonymous_18)
FNDA:0,(anonymous_19)
FNDA:0,(anonymous_20)
FNDA:0,(anonymous_21)
DA:6,0
DA:7,0
DA:8,0
DA:9,0
DA:14,0
DA:15,0
DA:17,0
DA:23,0
DA:24,0
DA:25,0
DA:26,0
DA:28,0
DA:31,0
DA:32,0
DA:34,0
DA:35,0
DA:38,0
DA:39,0
DA:41,0
DA:43,0
DA:44,0
DA:45,0
DA:47,0
DA:53,0
DA:54,0
DA:57,0
DA:58,0
DA:59,0
DA:72,0
DA:73,0
DA:76,0
DA:77,0
DA:78,0
DA:80,0
DA:81,0
DA:84,0
DA:85,0
DA:96,0
DA:97,0
DA:99,0
DA:101,0
DA:102,0
DA:109,0
DA:110,0
DA:112,0
DA:113,0
DA:116,0
DA:117,0
DA:118,0
DA:121,0
DA:126,0
DA:127,0
DA:128,0
DA:129,0
DA:132,0
DA:135,0
DA:136,0
DA:138,0
DA:141,0
DA:142,0
DA:144,0
DA:145,0
DA:148,0
DA:149,0
DA:150,0
DA:151,0
DA:154,0
DA:159,0
DA:170,0
DA:173,0
DA:174,0
DA:176,0
DA:178,0
DA:179,0
DA:185,0
DA:186,0
DA:188,0
DA:189,0
DA:191,0
DA:192,0
DA:193,0
DA:195,0
DA:204,0
DA:205,0
DA:212,0
DA:213,0
DA:214,0
DA:215,0
DA:218,0
DA:219,0
DA:221,0
DA:232,0
DA:233,0
DA:236,0
DA:238,0
DA:244,0
DA:245,0
DA:247,0
DA:256,0
DA:258,0
DA:259,0
DA:266,0
DA:267,0
DA:268,0
DA:269,0
DA:272,0
DA:275,0
DA:276,0
DA:282,0
DA:284,0
DA:285,0
LF:111
LH:0
BRDA:15,0,0,0
BRDA:15,0,1,0
BRDA:15,0,2,0
BRDA:21,1,0,0
BRDA:23,2,0,0
BRDA:23,2,1,0
BRDA:25,3,0,0
BRDA:25,3,1,0
BRDA:34,4,0,0
BRDA:34,4,1,0
BRDA:44,5,0,0
BRDA:44,5,1,0
BRDA:57,6,0,0
BRDA:57,6,1,0
BRDA:109,7,0,0
BRDA:109,7,1,0
BRDA:112,8,0,0
BRDA:112,8,1,0
BRDA:121,9,0,0
BRDA:121,9,1,0
BRDA:144,10,0,0
BRDA:144,10,1,0
BRDA:144,11,0,0
BRDA:144,11,1,0
BRDA:154,12,0,0
BRDA:154,12,1,0
BRDA:191,13,0,0
BRDA:191,13,1,0
BRDA:192,14,0,0
BRDA:192,14,1,0
BRDA:193,15,0,0
BRDA:193,15,1,0
BRDA:212,16,0,0
BRDA:212,16,1,0
BRDA:214,17,0,0
BRDA:214,17,1,0
BRDA:218,18,0,0
BRDA:218,18,1,0
BRDA:244,19,0,0
BRDA:244,19,1,0
BRDA:266,20,0,0
BRDA:266,20,1,0
BRDA:268,21,0,0
BRDA:268,21,1,0
BRDA:272,22,0,0
BRDA:272,22,1,0
BRDA:282,23,0,0
BRDA:282,23,1,0
BRF:48
BRH:0
end_of_record
TN:
SF:src/services/websocketService.js
FN:6,(anonymous_0)
FN:16,(anonymous_1)
FN:19,(anonymous_2)
FN:27,(anonymous_3)
FN:37,(anonymous_4)
FN:45,(anonymous_5)
FN:59,(anonymous_6)
FN:69,(anonymous_7)
FN:80,(anonymous_8)
FN:102,(anonymous_9)
FN:143,(anonymous_10)
FN:187,(anonymous_11)
FN:251,(anonymous_12)
FN:255,(anonymous_13)
FN:272,(anonymous_14)
FN:277,(anonymous_15)
FN:282,(anonymous_16)
FN:301,(anonymous_17)
FN:306,(anonymous_18)
FN:312,(anonymous_19)
FN:341,(anonymous_20)
FN:355,(anonymous_21)
FN:382,(anonymous_22)
FN:410,(anonymous_23)
FN:413,(anonymous_24)
FN:428,(anonymous_25)
FN:439,(anonymous_26)
FN:457,(anonymous_27)
FN:466,(anonymous_28)
FN:481,(anonymous_29)
FN:490,(anonymous_30)
FN:499,(anonymous_31)
FN:513,(anonymous_32)
FN:527,(anonymous_33)
FNF:34
FNH:0
FNDA:0,(anonymous_0)
FNDA:0,(anonymous_1)
FNDA:0,(anonymous_2)
FNDA:0,(anonymous_3)
FNDA:0,(anonymous_4)
FNDA:0,(anonymous_5)
FNDA:0,(anonymous_6)
FNDA:0,(anonymous_7)
FNDA:0,(anonymous_8)
FNDA:0,(anonymous_9)
FNDA:0,(anonymous_10)
FNDA:0,(anonymous_11)
FNDA:0,(anonymous_12)
FNDA:0,(anonymous_13)
FNDA:0,(anonymous_14)
FNDA:0,(anonymous_15)
FNDA:0,(anonymous_16)
FNDA:0,(anonymous_17)
FNDA:0,(anonymous_18)
FNDA:0,(anonymous_19)
FNDA:0,(anonymous_20)
FNDA:0,(anonymous_21)
FNDA:0,(anonymous_22)
FNDA:0,(anonymous_23)
FNDA:0,(anonymous_24)
FNDA:0,(anonymous_25)
FNDA:0,(anonymous_26)
FNDA:0,(anonymous_27)
FNDA:0,(anonymous_28)
FNDA:0,(anonymous_29)
FNDA:0,(anonymous_30)
FNDA:0,(anonymous_31)
FNDA:0,(anonymous_32)
FNDA:0,(anonymous_33)
DA:7,0
DA:8,0
DA:9,0
DA:10,0
DA:11,0
DA:12,0
DA:17,0
DA:19,0
DA:20,0
DA:21,0
DA:24,0
DA:27,0
DA:28,0
DA:29,0
DA:30,0
DA:32,0
DA:37,0
DA:38,0
DA:39,0
DA:41,0
DA:45,0
DA:46,0
DA:47,0
DA:48,0
DA:53,0
DA:55,0
DA:60,0
DA:61,0
DA:63,0
DA:64,0
DA:65,0
DA:70,0
DA:71,0
DA:72,0
DA:73,0
DA:75,0
DA:81,0
DA:83,0
DA:84,0
DA:90,0
DA:91,0
DA:97,0
DA:103,0
DA:106,0
DA:107,0
DA:111,0
DA:112,0
DA:116,0
DA:117,0
DA:121,0
DA:122,0
DA:123,0
DA:125,0
DA:129,0
DA:130,0
DA:134,0
DA:135,0
DA:138,0
DA:144,0
DA:146,0
DA:149,0
DA:161,0
DA:174,0
DA:177,0
DA:188,0
DA:190,0
DA:191,0
DA:192,0
DA:196,0
DA:199,0
DA:201,0
DA:204,0
DA:205,0
DA:206,0
DA:209,0
DA:225,0
DA:234,0
DA:237,0
DA:247,0
DA:252,0
DA:253,0
DA:254,0
DA:255,0
DA:256,0
DA:257,0
DA:258,0
DA:260,0
DA:264,0
DA:265,0
DA:267,0
DA:268,0
DA:273,0
DA:278,0
DA:283,0
DA:284,0
DA:285,0
DA:287,0
DA:296,0
DA:303,0
DA:306,0
DA:307,0
DA:308,0
DA:311,0
DA:312,0
DA:313,0
DA:314,0
DA:315,0
DA:316,0
DA:317,0
DA:320,0
DA:324,0
DA:332,0
DA:333,0
DA:336,0
DA:341,0
DA:342,0
DA:343,0
DA:344,0
DA:350,0
DA:355,0
DA:356,0
DA:357,0
DA:358,0
DA:359,0
DA:360,0
DA:361,0
DA:363,0
DA:374,0
DA:378,0
DA:383,0
DA:385,0
DA:386,0
DA:388,0
DA:389,0
DA:390,0
DA:392,0
DA:403,0
DA:405,0
DA:411,0
DA:413,0
DA:414,0
DA:415,0
DA:416,0
DA:418,0
DA:419,0
DA:422,0
DA:429,0
DA:430,0
DA:431,0
DA:433,0
DA:441,0
DA:447,0
DA:448,0
DA:458,0
DA:467,0
DA:482,0
DA:491,0
DA:500,0
DA:501,0
DA:504,0
DA:505,0
DA:508,0
DA:509,0
DA:513,0
DA:514,0
DA:517,0
DA:519,0
DA:520,0
DA:523,0
DA:528,0
LF:170
LH:0
BRDA:46,0,0,0
BRDA:46,0,1,0
BRDA:60,1,0,0
BRDA:60,1,1,0
BRDA:70,2,0,0
BRDA:70,2,1,0
BRDA:70,3,0,0
BRDA:70,3,1,0
BRDA:72,4,0,0
BRDA:72,4,1,0
BRDA:103,5,0,0
BRDA:103,5,1,0
BRDA:103,5,2,0
BRDA:103,5,3,0
BRDA:103,5,4,0
BRDA:103,5,5,0
BRDA:103,5,6,0
BRDA:106,6,0,0
BRDA:106,6,1,0
BRDA:121,7,0,0
BRDA:121,7,1,0
BRDA:167,8,0,0
BRDA:167,8,1,0
BRDA:169,9,0,0
BRDA:169,9,1,0
BRDA:169,10,0,0
BRDA:169,10,1,0
BRDA:191,11,0,0
BRDA:191,11,1,0
BRDA:201,12,0,0
BRDA:201,12,1,0
BRDA:204,13,0,0
BRDA:204,13,1,0
BRDA:217,14,0,0
BRDA:217,14,1,0
BRDA:218,15,0,0
BRDA:218,15,1,0
BRDA:219,16,0,0
BRDA:219,16,1,0
BRDA:229,17,0,0
BRDA:229,17,1,0
BRDA:242,18,0,0
BRDA:242,18,1,0
BRDA:253,19,0,0
BRDA:253,19,1,0
BRDA:253,20,0,0
BRDA:253,20,1,0
BRDA:256,21,0,0
BRDA:256,21,1,0
BRDA:314,22,0,0
BRDA:314,22,1,0
BRDA:316,23,0,0
BRDA:316,23,1,0
BRDA:332,24,0,0
BRDA:332,24,1,0
BRDA:414,25,0,0
BRDA:414,25,1,0
BRDA:429,26,0,0
BRDA:429,26,1,0
BRDA:447,27,0,0
BRDA:447,27,1,0
BRDA:500,28,0,0
BRDA:500,28,1,0
BRDA:504,29,0,0
BRDA:504,29,1,0
BRDA:508,30,0,0
BRDA:508,30,1,0
BRDA:519,31,0,0
BRDA:519,31,1,0
BRF:69
BRH:0
end_of_record
